Using pre-set license
Built from '2022.3/release' branch; Version is '2022.3.18f1 (d29bea25151d) revision 13802474'; Using compiler version '192829333'; Build Type 'Release'
OS: 'Windows 10  (10.0.19045) 64bit Enterprise' Language: 'en' Physical Memory: 65224 MB
BatchMode: 1, IsHumanControllingUs: 0, StartBugReporterOnCrash: 0, Is64bit: 1, IsPro: 1

COMMAND LINE ARGUMENTS:
C:\Program Files\Unity 2022.3.18f1\Editor\Unity.exe
-adb2
-batchMode
-noUpm
-name
AssetImportWorker7
-projectPath
C:/Users/3dcc3f5365a4d11c/Documents/GitHub/Shield-Knight
-logFile
Logs/AssetImportWorker7.log
-srvPort
51044
Successfully changed project path to: C:/Users/3dcc3f5365a4d11c/Documents/GitHub/Shield-Knight
C:/Users/3dcc3f5365a4d11c/Documents/GitHub/Shield-Knight
[UnityMemory] Configuration Parameters - Can be set up in boot.config
    "memorysetup-bucket-allocator-granularity=16"
    "memorysetup-bucket-allocator-bucket-count=8"
    "memorysetup-bucket-allocator-block-size=33554432"
    "memorysetup-bucket-allocator-block-count=8"
    "memorysetup-main-allocator-block-size=16777216"
    "memorysetup-thread-allocator-block-size=16777216"
    "memorysetup-gfx-main-allocator-block-size=16777216"
    "memorysetup-gfx-thread-allocator-block-size=16777216"
    "memorysetup-cache-allocator-block-size=4194304"
    "memorysetup-typetree-allocator-block-size=2097152"
    "memorysetup-profiler-bucket-allocator-granularity=16"
    "memorysetup-profiler-bucket-allocator-bucket-count=8"
    "memorysetup-profiler-bucket-allocator-block-size=33554432"
    "memorysetup-profiler-bucket-allocator-block-count=8"
    "memorysetup-profiler-allocator-block-size=16777216"
    "memorysetup-profiler-editor-allocator-block-size=1048576"
    "memorysetup-temp-allocator-size-main=16777216"
    "memorysetup-job-temp-allocator-block-size=2097152"
    "memorysetup-job-temp-allocator-block-size-background=1048576"
    "memorysetup-job-temp-allocator-reduction-small-platforms=262144"
    "memorysetup-allocator-temp-initial-block-size-main=262144"
    "memorysetup-allocator-temp-initial-block-size-worker=262144"
    "memorysetup-temp-allocator-size-background-worker=32768"
    "memorysetup-temp-allocator-size-job-worker=262144"
    "memorysetup-temp-allocator-size-preload-manager=33554432"
    "memorysetup-temp-allocator-size-nav-mesh-worker=65536"
    "memorysetup-temp-allocator-size-audio-worker=65536"
    "memorysetup-temp-allocator-size-cloud-worker=32768"
    "memorysetup-temp-allocator-size-gi-baking-worker=262144"
    "memorysetup-temp-allocator-size-gfx=262144"
Player connection [26120] Host "[IP] 172.27.14.52 [Port] 0 [Flags] 2 [Guid] 1241518429 [EditorId] 1241518429 [Version] 1048832 [Id] WindowsEditor(7,NS00J002011DE11) [Debug] 1 [PackageName] WindowsEditor [ProjectName] Editor" joined multi-casting on [225.0.0.222:54997]...

Player connection [26120] Host "[IP] 172.27.14.52 [Port] 0 [Flags] 2 [Guid] 1241518429 [EditorId] 1241518429 [Version] 1048832 [Id] WindowsEditor(7,NS00J002011DE11) [Debug] 1 [PackageName] WindowsEditor [ProjectName] Editor" joined alternative multi-casting on [225.0.0.222:34997]...

[Physics::Module] Initialized MultithreadedJobDispatcher with 19 workers.
Refreshing native plugins compatible for Editor in 15.48 ms, found 4 plugins.
Preloading 0 native plugins for Editor in 0.00 ms.
Initialize engine version: 2022.3.18f1 (d29bea25151d)
[Subsystems] Discovering subsystems at path C:/Program Files/Unity 2022.3.18f1/Editor/Data/Resources/UnitySubsystems
[Subsystems] Discovering subsystems at path C:/Users/3dcc3f5365a4d11c/Documents/GitHub/Shield-Knight/Assets
GfxDevice: creating device client; threaded=0; jobified=0
Direct3D:
    Version:  Direct3D 11.0 [level 11.1]
    Renderer: NVIDIA GeForce RTX 3090 (ID=0x2204)
    Vendor:   NVIDIA
    VRAM:     24340 MB
    Driver:   31.0.15.4601
Initialize mono
Mono path[0] = 'C:/Program Files/Unity 2022.3.18f1/Editor/Data/Managed'
Mono path[1] = 'C:/Program Files/Unity 2022.3.18f1/Editor/Data/MonoBleedingEdge/lib/mono/unityjit-win32'
Mono config path = 'C:/Program Files/Unity 2022.3.18f1/Editor/Data/MonoBleedingEdge/etc'
Using monoOptions --debugger-agent=transport=dt_socket,embedding=1,server=y,suspend=n,address=127.0.0.1:56076
Begin MonoManager ReloadAssembly
Registering precompiled unity dll's ...
Register platform support module: C:/Program Files/Unity 2022.3.18f1/Editor/Data/PlaybackEngines/WebGLSupport/UnityEditor.WebGL.Extensions.dll
Register platform support module: C:/Program Files/Unity 2022.3.18f1/Editor/Data/PlaybackEngines/AndroidPlayer/UnityEditor.Android.Extensions.dll
Register platform support module: C:/Program Files/Unity 2022.3.18f1/Editor/Data/PlaybackEngines/WindowsStandaloneSupport/UnityEditor.WindowsStandalone.Extensions.dll
Registered in 0.009834 seconds.
- Loaded All Assemblies, in  0.374 seconds
Native extension for WindowsStandalone target not found
Native extension for Android target not found
Native extension for WebGL target not found
Mono: successfully reloaded assembly
- Finished resetting the current domain, in  0.382 seconds
Domain Reload Profiling: 753ms
	BeginReloadAssembly (99ms)
		ExecutionOrderSort (0ms)
		DisableScriptedObjects (0ms)
		BackupInstance (0ms)
		ReleaseScriptingObjects (0ms)
		CreateAndSetChildDomain (1ms)
	RebuildCommonClasses (37ms)
	RebuildNativeTypeToScriptingClass (12ms)
	initialDomainReloadingComplete (69ms)
	LoadAllAssembliesAndSetupDomain (155ms)
		LoadAssemblies (99ms)
		RebuildTransferFunctionScriptingTraits (0ms)
		AnalyzeDomain (151ms)
			TypeCache.Refresh (150ms)
				TypeCache.ScanAssembly (136ms)
			ScanForSourceGeneratedMonoScriptInfo (0ms)
			ResolveRequiredComponents (1ms)
	FinalizeReload (382ms)
		ReleaseScriptCaches (0ms)
		RebuildScriptCaches (0ms)
		SetupLoadedEditorAssemblies (319ms)
			LogAssemblyErrors (0ms)
			InitializePlatformSupportModulesInManaged (115ms)
			SetLoadedEditorAssemblies (4ms)
			RefreshPlugins (0ms)
			BeforeProcessingInitializeOnLoad (2ms)
			ProcessInitializeOnLoadAttributes (140ms)
			ProcessInitializeOnLoadMethodAttributes (57ms)
			AfterProcessingInitializeOnLoad (0ms)
			EditorAssembliesLoaded (0ms)
		ExecutionOrderSort2 (0ms)
		AwakeInstancesAfterBackupRestoration (0ms)
========================================================================
Worker process is ready to serve import requests
Begin MonoManager ReloadAssembly
- Loaded All Assemblies, in  0.725 seconds
Refreshing native plugins compatible for Editor in 6.41 ms, found 4 plugins.
Native extension for WindowsStandalone target not found
Native extension for Android target not found
Native extension for WebGL target not found
Package Manager log level set to [2]
[Package Manager] Server::EnsureServerProcessIsRunning -- launch failed, reason: Unity was launched with the -noUpm command-line argument
[Package Manager] UpmClient::Send -- Unable to send message (not connected to UPM process).
[Package Manager] Cannot connect to Unity Package Manager local server
Mono: successfully reloaded assembly
- Finished resetting the current domain, in  0.678 seconds
Domain Reload Profiling: 1396ms
	BeginReloadAssembly (155ms)
		ExecutionOrderSort (0ms)
		DisableScriptedObjects (7ms)
		BackupInstance (0ms)
		ReleaseScriptingObjects (0ms)
		CreateAndSetChildDomain (20ms)
	RebuildCommonClasses (36ms)
	RebuildNativeTypeToScriptingClass (11ms)
	initialDomainReloadingComplete (52ms)
	LoadAllAssembliesAndSetupDomain (462ms)
		LoadAssemblies (360ms)
		RebuildTransferFunctionScriptingTraits (0ms)
		AnalyzeDomain (195ms)
			TypeCache.Refresh (164ms)
				TypeCache.ScanAssembly (146ms)
			ScanForSourceGeneratedMonoScriptInfo (23ms)
			ResolveRequiredComponents (6ms)
	FinalizeReload (679ms)
		ReleaseScriptCaches (0ms)
		RebuildScriptCaches (0ms)
		SetupLoadedEditorAssemblies (485ms)
			LogAssemblyErrors (0ms)
			InitializePlatformSupportModulesInManaged (29ms)
			SetLoadedEditorAssemblies (4ms)
			RefreshPlugins (0ms)
			BeforeProcessingInitializeOnLoad (72ms)
			ProcessInitializeOnLoadAttributes (328ms)
			ProcessInitializeOnLoadMethodAttributes (45ms)
			AfterProcessingInitializeOnLoad (8ms)
			EditorAssembliesLoaded (0ms)
		ExecutionOrderSort2 (0ms)
		AwakeInstancesAfterBackupRestoration (8ms)
Launched and connected shader compiler UnityShaderCompiler.exe after 0.04 seconds
Refreshing native plugins compatible for Editor in 2.38 ms, found 4 plugins.
Preloading 0 native plugins for Editor in 0.00 ms.
Unloading 4141 Unused Serialized files (Serialized files now loaded: 0)
Unloading 64 unused Assets / (61.4 KB). Loaded Objects now: 4607.
Memory consumption went from 161.4 MB to 161.3 MB.
Total: 2.735700 ms (FindLiveObjects: 0.203400 ms CreateObjectMapping: 0.081500 ms MarkObjects: 2.343700 ms  DeleteObjects: 0.105600 ms)

AssetImportParameters requested are different than current active one (requested -> active):
  custom:container-demuxer-ogg: 62fdf1f143b41e24485cea50d1cbac27 -> 
  custom:video-decoder-ogg-theora: a1e56fd34408186e4bbccfd4996cb3dc -> 
  custom:framework-win-MediaFoundation: 216162199b28c13a410421893ffa2e32 -> 
  custom:CustomObjectIndexerAttribute: 6d391050e5a25f67b0a2c618074f2cd9 -> 
  custom:container-demuxer-webm: 4f35f7cbe854078d1ac9338744f61a02 -> 
  custom:container-muxer-webm: aa71ff27fc2769a1b78a27578f13a17b -> 
  custom:video-decoder-webm-vp8: 9c59270c3fd7afecdb556c50c9e8de78 -> 
  custom:SearchIndexIgnoredProperties: e643bd26f0fe6173181afceb89e7c659 -> 
  custom:AudioImporter_EditorPlatform: d09bf68614088b80899f8185d706f6e7 -> 
  custom:video-encoder-webm-vp8: eb34c28f22e8b96e1ab97ce403110664 -> 
  custom:audio-decoder-ogg-vorbis: bf7c407c2cedff20999df2af8eb42d56 -> 
  custom:audio-encoder-webm-vorbis: bf7c407c2cedff20999df2af8eb42d56 -> 
========================================================================
Received Import Request.
  Time since last request: 25112.099692 seconds.
  path: Assets/LevelParts/3d/Eyeball.prefab
  artifactKey: Guid(b2a42bfb429e57742b0f6c666ef1ed8d) Importer(815301076,1909f56bfc062723c751e8b465ee728b)
Start importing Assets/LevelParts/3d/Eyeball.prefab using Guid(b2a42bfb429e57742b0f6c666ef1ed8d) Importer(815301076,1909f56bfc062723c751e8b465ee728b)  -> (artifact id: 'f89ba27d526b9033f8c3162fdb37dcdd') in 0.232908 seconds
Number of updated asset objects reloaded before import = 0
Number of asset objects unloaded after import = 174
========================================================================
Received Import Request.
  Time since last request: 0.000018 seconds.
  path: Assets/LevelParts/3d/FortArchL.prefab
  artifactKey: Guid(8c22ef04e0df6974aa91ea8cd0969073) Importer(815301076,1909f56bfc062723c751e8b465ee728b)
Start importing Assets/LevelParts/3d/FortArchL.prefab using Guid(8c22ef04e0df6974aa91ea8cd0969073) Importer(815301076,1909f56bfc062723c751e8b465ee728b)  -> (artifact id: '5d25c83e09bf6228f57c897cd86f9295') in 0.035565 seconds
Number of updated asset objects reloaded before import = 0
Number of asset objects unloaded after import = 24
========================================================================
Received Import Request.
  Time since last request: 0.000028 seconds.
  path: Assets/LevelParts/3d/WallArchRFlip.prefab
  artifactKey: Guid(0db8fec10001c5f43952da25598355fd) Importer(815301076,1909f56bfc062723c751e8b465ee728b)
Start importing Assets/LevelParts/3d/WallArchRFlip.prefab using Guid(0db8fec10001c5f43952da25598355fd) Importer(815301076,1909f56bfc062723c751e8b465ee728b)  -> (artifact id: 'bcbe1dfe0756add84892738967aff12d') in 0.027871 seconds
Number of updated asset objects reloaded before import = 0
Number of asset objects unloaded after import = 22
========================================================================
Received Import Request.
  Time since last request: 0.000020 seconds.
  path: Assets/LevelParts/3d/WoodStruct.prefab
  artifactKey: Guid(b5d15575e702666409d9a6cfce6b6576) Importer(815301076,1909f56bfc062723c751e8b465ee728b)
Start importing Assets/LevelParts/3d/WoodStruct.prefab using Guid(b5d15575e702666409d9a6cfce6b6576) Importer(815301076,1909f56bfc062723c751e8b465ee728b)  -> (artifact id: '85f584c60576872b75cac4c4dbdd37e5') in 0.021103 seconds
Number of updated asset objects reloaded before import = 0
Number of asset objects unloaded after import = 17
========================================================================
Received Import Request.
  Time since last request: 0.000044 seconds.
  path: Assets/LevelParts/3d/WallArchL.prefab
  artifactKey: Guid(3d82cd20a6ab97749af6a23d41ae444e) Importer(815301076,1909f56bfc062723c751e8b465ee728b)
Start importing Assets/LevelParts/3d/WallArchL.prefab using Guid(3d82cd20a6ab97749af6a23d41ae444e) Importer(815301076,1909f56bfc062723c751e8b465ee728b)  -> (artifact id: 'ca8d5b5604066a092e97890a713dc679') in 0.021642 seconds
Number of updated asset objects reloaded before import = 0
Number of asset objects unloaded after import = 22
========================================================================
Received Import Request.
  Time since last request: 0.000017 seconds.
  path: Assets/LevelParts/3d/WallRotated.prefab
  artifactKey: Guid(a83c759c4b02b9647ab965ec758bdc32) Importer(815301076,1909f56bfc062723c751e8b465ee728b)
Start importing Assets/LevelParts/3d/WallRotated.prefab using Guid(a83c759c4b02b9647ab965ec758bdc32) Importer(815301076,1909f56bfc062723c751e8b465ee728b)  -> (artifact id: '061b843f0dc87c77616d4ee1e2a1ee38') in 0.032347 seconds
Number of updated asset objects reloaded before import = 0
Number of asset objects unloaded after import = 22
========================================================================
Received Import Request.
  Time since last request: 0.000017 seconds.
  path: Assets/LevelParts/3d/WallArchColumnR.prefab
  artifactKey: Guid(34b00b4303971874589f37e679f2c610) Importer(815301076,1909f56bfc062723c751e8b465ee728b)
Start importing Assets/LevelParts/3d/WallArchColumnR.prefab using Guid(34b00b4303971874589f37e679f2c610) Importer(815301076,1909f56bfc062723c751e8b465ee728b)  -> (artifact id: '404df17dc1649c28649df2f96dc096a9') in 0.029162 seconds
Number of updated asset objects reloaded before import = 0
Number of asset objects unloaded after import = 29
========================================================================
Received Import Request.
  Time since last request: 0.000330 seconds.
  path: Assets/LevelParts/3d/WallArchR.prefab
  artifactKey: Guid(b704cf1458d3881438471bf669f5a4fb) Importer(815301076,1909f56bfc062723c751e8b465ee728b)
Start importing Assets/LevelParts/3d/WallArchR.prefab using Guid(b704cf1458d3881438471bf669f5a4fb) Importer(815301076,1909f56bfc062723c751e8b465ee728b)  -> (artifact id: '5d06c3f1d32e47d392a426410d725aa3') in 0.024486 seconds
Number of updated asset objects reloaded before import = 0
Number of asset objects unloaded after import = 22
========================================================================
Received Import Request.
  Time since last request: 0.000017 seconds.
  path: Assets/LevelParts/3d/EyeballPlacementRoofFlip.prefab
  artifactKey: Guid(b230dbfc97722b54982b70eec1ea9b68) Importer(815301076,1909f56bfc062723c751e8b465ee728b)
Start importing Assets/LevelParts/3d/EyeballPlacementRoofFlip.prefab using Guid(b230dbfc97722b54982b70eec1ea9b68) Importer(815301076,1909f56bfc062723c751e8b465ee728b)  -> (artifact id: 'd5e73a96a10caae3359b7b189f08e0ad') in 0.213820 seconds
Number of updated asset objects reloaded before import = 0
Number of asset objects unloaded after import = 303
========================================================================
Received Import Request.
  Time since last request: 0.000016 seconds.
  path: Assets/LevelParts/3d/StonePlatform.prefab
  artifactKey: Guid(36cac6a12cb3c6d489c08d0b76c4f10e) Importer(815301076,1909f56bfc062723c751e8b465ee728b)
Start importing Assets/LevelParts/3d/StonePlatform.prefab using Guid(36cac6a12cb3c6d489c08d0b76c4f10e) Importer(815301076,1909f56bfc062723c751e8b465ee728b)  -> (artifact id: 'ed4be28e0e3f0336fb6c1f479922ac72') in 0.015329 seconds
Number of updated asset objects reloaded before import = 0
Number of asset objects unloaded after import = 22
========================================================================
Received Import Request.
  Time since last request: 0.000030 seconds.
  path: Assets/LevelParts/3d/WoodOverhandFront.prefab
  artifactKey: Guid(4f5a1d2df82f92e499341cbec74c936a) Importer(815301076,1909f56bfc062723c751e8b465ee728b)
Start importing Assets/LevelParts/3d/WoodOverhandFront.prefab using Guid(4f5a1d2df82f92e499341cbec74c936a) Importer(815301076,1909f56bfc062723c751e8b465ee728b)  -> (artifact id: '6282984472637fcc0eee0780e1fd269b') in 0.016133 seconds
Number of updated asset objects reloaded before import = 0
Number of asset objects unloaded after import = 22
========================================================================
Received Prepare
Begin MonoManager ReloadAssembly
- Loaded All Assemblies, in  0.497 seconds
Refreshing native plugins compatible for Editor in 5.21 ms, found 4 plugins.
Native extension for WindowsStandalone target not found
Native extension for Android target not found
Native extension for WebGL target not found
[Package Manager] Server::EnsureServerProcessIsRunning -- launch failed, reason: Unity was launched with the -noUpm command-line argument
[Package Manager] UpmClient::Send -- Unable to send message (not connected to UPM process).
[Package Manager] Cannot connect to Unity Package Manager local server
Mono: successfully reloaded assembly
- Finished resetting the current domain, in  1.196 seconds
Domain Reload Profiling: 1690ms
	BeginReloadAssembly (177ms)
		ExecutionOrderSort (0ms)
		DisableScriptedObjects (12ms)
		BackupInstance (0ms)
		ReleaseScriptingObjects (0ms)
		CreateAndSetChildDomain (39ms)
	RebuildCommonClasses (34ms)
	RebuildNativeTypeToScriptingClass (13ms)
	initialDomainReloadingComplete (34ms)
	LoadAllAssembliesAndSetupDomain (235ms)
		LoadAssemblies (311ms)
		RebuildTransferFunctionScriptingTraits (0ms)
		AnalyzeDomain (14ms)
			TypeCache.Refresh (6ms)
				TypeCache.ScanAssembly (0ms)
			ScanForSourceGeneratedMonoScriptInfo (0ms)
			ResolveRequiredComponents (7ms)
	FinalizeReload (1197ms)
		ReleaseScriptCaches (0ms)
		RebuildScriptCaches (0ms)
		SetupLoadedEditorAssemblies (549ms)
			LogAssemblyErrors (0ms)
			InitializePlatformSupportModulesInManaged (30ms)
			SetLoadedEditorAssemblies (4ms)
			RefreshPlugins (0ms)
			BeforeProcessingInitializeOnLoad (80ms)
			ProcessInitializeOnLoadAttributes (378ms)
			ProcessInitializeOnLoadMethodAttributes (48ms)
			AfterProcessingInitializeOnLoad (9ms)
			EditorAssembliesLoaded (0ms)
		ExecutionOrderSort2 (0ms)
		AwakeInstancesAfterBackupRestoration (20ms)
Refreshing native plugins compatible for Editor in 7.95 ms, found 4 plugins.
Preloading 0 native plugins for Editor in 0.00 ms.
Unloading 4104 Unused Serialized files (Serialized files now loaded: 0)
Unloading 38 unused Assets / (37.2 KB). Loaded Objects now: 4622.
Memory consumption went from 153.7 MB to 153.7 MB.
Total: 3.868300 ms (FindLiveObjects: 0.469000 ms CreateObjectMapping: 0.157400 ms MarkObjects: 3.154700 ms  DeleteObjects: 0.086200 ms)

Prepare: number of updated asset objects reloaded= 0
AssetImportParameters requested are different than current active one (requested -> active):
  custom:container-demuxer-ogg: 62fdf1f143b41e24485cea50d1cbac27 -> 
  custom:video-decoder-ogg-theora: a1e56fd34408186e4bbccfd4996cb3dc -> 
  custom:framework-win-MediaFoundation: 216162199b28c13a410421893ffa2e32 -> 
  custom:CustomObjectIndexerAttribute: 6d391050e5a25f67b0a2c618074f2cd9 -> 
  custom:container-demuxer-webm: 4f35f7cbe854078d1ac9338744f61a02 -> 
  custom:container-muxer-webm: aa71ff27fc2769a1b78a27578f13a17b -> 
  custom:video-decoder-webm-vp8: 9c59270c3fd7afecdb556c50c9e8de78 -> 
  custom:SearchIndexIgnoredProperties: e643bd26f0fe6173181afceb89e7c659 -> 
  custom:AudioImporter_EditorPlatform: d09bf68614088b80899f8185d706f6e7 -> 
  custom:video-encoder-webm-vp8: eb34c28f22e8b96e1ab97ce403110664 -> 
  custom:audio-decoder-ogg-vorbis: bf7c407c2cedff20999df2af8eb42d56 -> 
  custom:audio-encoder-webm-vorbis: bf7c407c2cedff20999df2af8eb42d56 -> 
========================================================================
Received Import Request.
  Time since last request: 1538.292512 seconds.
  path: Assets/Graphics/BrickPaletteSwap.mat
  artifactKey: Guid(42af99588a0b96c4baca43669d0b0c9b) Importer(815301076,1909f56bfc062723c751e8b465ee728b)
Start importing Assets/Graphics/BrickPaletteSwap.mat using Guid(42af99588a0b96c4baca43669d0b0c9b) Importer(815301076,1909f56bfc062723c751e8b465ee728b)  -> (artifact id: '53ef0f877a9e5e83af4ac38150a7b6d2') in 0.139818 seconds
Number of updated asset objects reloaded before import = 0
Number of asset objects unloaded after import = 2
========================================================================
Received Import Request.
  Time since last request: 0.000022 seconds.
  path: Assets/Graphics/DisplacementMaps.png
  artifactKey: Guid(67018016e864bae44967b4e79b4df16f) Importer(815301076,1909f56bfc062723c751e8b465ee728b)
Start importing Assets/Graphics/DisplacementMaps.png using Guid(67018016e864bae44967b4e79b4df16f) Importer(815301076,1909f56bfc062723c751e8b465ee728b)  -> (artifact id: 'dfdbb1396db342672cb41720840249a5') in 0.027293 seconds
Number of updated asset objects reloaded before import = 0
Number of asset objects unloaded after import = 2
========================================================================
Received Import Request.
  Time since last request: 0.000021 seconds.
  path: Assets/Graphics/Castle.prefab
  artifactKey: Guid(33dc75f4a14e91d47bf667ba1549e4b8) Importer(815301076,1909f56bfc062723c751e8b465ee728b)
Start importing Assets/Graphics/Castle.prefab using Guid(33dc75f4a14e91d47bf667ba1549e4b8) Importer(815301076,1909f56bfc062723c751e8b465ee728b)  -> (artifact id: '22e872076fb29a630b2459ef0cb19cea') in 0.285445 seconds
Number of updated asset objects reloaded before import = 0
Number of asset objects unloaded after import = 409
========================================================================
Received Import Request.
  Time since last request: 0.000026 seconds.
  path: Assets/Graphics/sun001.png
  artifactKey: Guid(dfdcad828d7e289449bbeba0e1e733bb) Importer(815301076,1909f56bfc062723c751e8b465ee728b)
Start importing Assets/Graphics/sun001.png using Guid(dfdcad828d7e289449bbeba0e1e733bb) Importer(815301076,1909f56bfc062723c751e8b465ee728b)  -> (artifact id: 'e7e54624fd7bc259fb1f720989c6ca31') in 0.035168 seconds
Number of updated asset objects reloaded before import = 0
Number of asset objects unloaded after import = 3
========================================================================
Received Import Request.
  Time since last request: 0.000029 seconds.
  path: Assets/Graphics/Moonlight.mat
  artifactKey: Guid(c285319e6dff0c546b2377f95c30a6b6) Importer(815301076,1909f56bfc062723c751e8b465ee728b)
Start importing Assets/Graphics/Moonlight.mat using Guid(c285319e6dff0c546b2377f95c30a6b6) Importer(815301076,1909f56bfc062723c751e8b465ee728b)  -> (artifact id: 'b3604f6c8ecd8b683b361202b921cf00') in 0.017040 seconds
Number of updated asset objects reloaded before import = 0
Number of asset objects unloaded after import = 2
========================================================================
Received Import Request.
  Time since last request: 0.000017 seconds.
  path: Assets/Graphics/Sky.mat
  artifactKey: Guid(5bbf05609de7130458740dc6ed57b8a0) Importer(815301076,1909f56bfc062723c751e8b465ee728b)
Start importing Assets/Graphics/Sky.mat using Guid(5bbf05609de7130458740dc6ed57b8a0) Importer(815301076,1909f56bfc062723c751e8b465ee728b)  -> (artifact id: '4c081115c49205d943b4ba2cb5331cea') in 0.020147 seconds
Number of updated asset objects reloaded before import = 0
Number of asset objects unloaded after import = 2
========================================================================
Received Import Request.
  Time since last request: 0.000018 seconds.
  path: Assets/Graphics/Mountains.mat
  artifactKey: Guid(d15ee945679ff5843ab1504ae69f2862) Importer(815301076,1909f56bfc062723c751e8b465ee728b)
Start importing Assets/Graphics/Mountains.mat using Guid(d15ee945679ff5843ab1504ae69f2862) Importer(815301076,1909f56bfc062723c751e8b465ee728b)  -> (artifact id: '34183487085d008070a61d91614cc19a') in 0.007647 seconds
Number of updated asset objects reloaded before import = 0
Number of asset objects unloaded after import = 2
========================================================================
Received Import Request.
  Time since last request: 0.000017 seconds.
  path: Assets/Graphics/PixelateCanvas.mat
  artifactKey: Guid(26a458c80e002ea49849e5d650f9cece) Importer(815301076,1909f56bfc062723c751e8b465ee728b)
Start importing Assets/Graphics/PixelateCanvas.mat using Guid(26a458c80e002ea49849e5d650f9cece) Importer(815301076,1909f56bfc062723c751e8b465ee728b)  -> (artifact id: 'e8b94040014ca36196bb6906615ab899') in 0.007137 seconds
Number of updated asset objects reloaded before import = 0
Number of asset objects unloaded after import = 2
========================================================================
Received Import Request.
  Time since last request: 0.000016 seconds.
  path: Assets/Graphics/sky002.png
  artifactKey: Guid(8cd669aab66304c408158b649dd89c55) Importer(815301076,1909f56bfc062723c751e8b465ee728b)
Start importing Assets/Graphics/sky002.png using Guid(8cd669aab66304c408158b649dd89c55) Importer(815301076,1909f56bfc062723c751e8b465ee728b)  -> (artifact id: '7cdf89eac628a63dbe4727e19eebe2f9') in 0.022933 seconds
Number of updated asset objects reloaded before import = 0
Number of asset objects unloaded after import = 3
========================================================================
Received Import Request.
  Time since last request: 1.800030 seconds.
  path: Assets/Graphics/Environment/brick001.asset
  artifactKey: Guid(93e53b2337487af4a8907a761e911170) Importer(815301076,1909f56bfc062723c751e8b465ee728b)
Start importing Assets/Graphics/Environment/brick001.asset using Guid(93e53b2337487af4a8907a761e911170) Importer(815301076,1909f56bfc062723c751e8b465ee728b)  -> (artifact id: '5943bf30b7259ac7173403c11b3b924f') in 0.022500 seconds
Number of updated asset objects reloaded before import = 0
Number of asset objects unloaded after import = 3
========================================================================
Received Import Request.
  Time since last request: 0.000018 seconds.
  path: Assets/Graphics/Environment/Grass.png
  artifactKey: Guid(7e849e5c81cd3e145b302e66032a3c91) Importer(815301076,1909f56bfc062723c751e8b465ee728b)
Start importing Assets/Graphics/Environment/Grass.png using Guid(7e849e5c81cd3e145b302e66032a3c91) Importer(815301076,1909f56bfc062723c751e8b465ee728b)  -> (artifact id: 'cbc5ecd74e9f04894d42af33872ececd') in 0.020363 seconds
Number of updated asset objects reloaded before import = 0
Number of asset objects unloaded after import = 3
========================================================================
Received Import Request.
  Time since last request: 0.000023 seconds.
  path: Assets/Graphics/Environment/Stone.png
  artifactKey: Guid(08544cc85c308e540a5e3871ca8aeb41) Importer(815301076,1909f56bfc062723c751e8b465ee728b)
Start importing Assets/Graphics/Environment/Stone.png using Guid(08544cc85c308e540a5e3871ca8aeb41) Importer(815301076,1909f56bfc062723c751e8b465ee728b)  -> (artifact id: '2452ad23c7b29a7fe3044adec81c0737') in 0.021780 seconds
Number of updated asset objects reloaded before import = 0
Number of asset objects unloaded after import = 3
========================================================================
Received Import Request.
  Time since last request: 0.000015 seconds.
  path: Assets/Graphics/Environment/dawntree.png
  artifactKey: Guid(c2ad8e0da7036a248909ca4742d12d3a) Importer(815301076,1909f56bfc062723c751e8b465ee728b)
Start importing Assets/Graphics/Environment/dawntree.png using Guid(c2ad8e0da7036a248909ca4742d12d3a) Importer(815301076,1909f56bfc062723c751e8b465ee728b)  -> (artifact id: '98f11a87f0cf2910dca32d6f3d8bb811') in 0.033064 seconds
Number of updated asset objects reloaded before import = 0
Number of asset objects unloaded after import = 5
========================================================================
Received Import Request.
  Time since last request: 0.000018 seconds.
  path: Assets/Graphics/Environment/Grass.asset
  artifactKey: Guid(1000b5bd5a846c74a91987d015b32a76) Importer(815301076,1909f56bfc062723c751e8b465ee728b)
Start importing Assets/Graphics/Environment/Grass.asset using Guid(1000b5bd5a846c74a91987d015b32a76) Importer(815301076,1909f56bfc062723c751e8b465ee728b)  -> (artifact id: 'dd17ce792c96de24b67c76157deade51') in 0.003193 seconds
Number of updated asset objects reloaded before import = 0
Number of asset objects unloaded after import = 4
========================================================================
Received Import Request.
  Time since last request: 2.922480 seconds.
  path: Assets/Graphics/Castle/battlement_cornerInner.fbx
  artifactKey: Guid(f0460fcd3157dd84388fc522344995a9) Importer(815301076,1909f56bfc062723c751e8b465ee728b)
Start importing Assets/Graphics/Castle/battlement_cornerInner.fbx using Guid(f0460fcd3157dd84388fc522344995a9) Importer(815301076,1909f56bfc062723c751e8b465ee728b)  -> (artifact id: '198d3fa686f402c30198180acac7c9d6') in 0.045352 seconds
Number of updated asset objects reloaded before import = 0
Number of asset objects unloaded after import = 11
========================================================================
Received Import Request.
  Time since last request: 0.000016 seconds.
  path: Assets/Graphics/Castle/columnPaint.fbx
  artifactKey: Guid(e446b230264bfc84782e4ff59f61d163) Importer(815301076,1909f56bfc062723c751e8b465ee728b)
Start importing Assets/Graphics/Castle/columnPaint.fbx using Guid(e446b230264bfc84782e4ff59f61d163) Importer(815301076,1909f56bfc062723c751e8b465ee728b)  -> (artifact id: 'e54e2ed6e3a01e049ffec1076666ff53') in 0.033737 seconds
Number of updated asset objects reloaded before import = 0
Number of asset objects unloaded after import = 11
========================================================================
Received Import Request.
  Time since last request: 0.000017 seconds.
  path: Assets/Graphics/Castle/floor_stairsCornerOuter.fbx
  artifactKey: Guid(fdfcd223ac7f1cd4ba7ad14a5740d1c8) Importer(815301076,1909f56bfc062723c751e8b465ee728b)
Start importing Assets/Graphics/Castle/floor_stairsCornerOuter.fbx using Guid(fdfcd223ac7f1cd4ba7ad14a5740d1c8) Importer(815301076,1909f56bfc062723c751e8b465ee728b)  -> (artifact id: '9ba27a7b9caa713095b48c0cb9fa98ef') in 0.030268 seconds
Number of updated asset objects reloaded before import = 0
Number of asset objects unloaded after import = 11
========================================================================
Received Import Request.
  Time since last request: 0.000018 seconds.
  path: Assets/Graphics/Castle/detail_crate.fbx
  artifactKey: Guid(6fdc6d43b3927cb408bbdacaa7e5f179) Importer(815301076,1909f56bfc062723c751e8b465ee728b)
Start importing Assets/Graphics/Castle/detail_crate.fbx using Guid(6fdc6d43b3927cb408bbdacaa7e5f179) Importer(815301076,1909f56bfc062723c751e8b465ee728b)  -> (artifact id: 'af5314e3fd4e5a83e10b6697ce6f9843') in 0.029579 seconds
Number of updated asset objects reloaded before import = 0
Number of asset objects unloaded after import = 9
========================================================================
Received Import Request.
  Time since last request: 0.000019 seconds.
  path: Assets/Graphics/Castle/tower_edge.fbx
  artifactKey: Guid(b208ca23ce2112d47b4bcdba7e3c2b69) Importer(815301076,1909f56bfc062723c751e8b465ee728b)
Start importing Assets/Graphics/Castle/tower_edge.fbx using Guid(b208ca23ce2112d47b4bcdba7e3c2b69) Importer(815301076,1909f56bfc062723c751e8b465ee728b)  -> (artifact id: '3869967911f6f61ede1266bcdba76824') in 0.025624 seconds
Number of updated asset objects reloaded before import = 0
Number of asset objects unloaded after import = 9
========================================================================
Received Import Request.
  Time since last request: 0.000031 seconds.
  path: Assets/Graphics/Castle/floor.fbx
  artifactKey: Guid(d5fce95be0f1215429c227bf9f53ffcd) Importer(815301076,1909f56bfc062723c751e8b465ee728b)
Start importing Assets/Graphics/Castle/floor.fbx using Guid(d5fce95be0f1215429c227bf9f53ffcd) Importer(815301076,1909f56bfc062723c751e8b465ee728b)  -> (artifact id: 'efa3e45165acbaa6bbd03a724f1f73bb') in 0.029142 seconds
Number of updated asset objects reloaded before import = 0
Number of asset objects unloaded after import = 11
========================================================================
Received Import Request.
  Time since last request: 0.000017 seconds.
  path: Assets/Graphics/Castle/wall_detail.fbx
  artifactKey: Guid(ee0eeafc0276a174bbb6e46db90a0936) Importer(815301076,1909f56bfc062723c751e8b465ee728b)
Start importing Assets/Graphics/Castle/wall_detail.fbx using Guid(ee0eeafc0276a174bbb6e46db90a0936) Importer(815301076,1909f56bfc062723c751e8b465ee728b)  -> (artifact id: 'aa7204b8fc8086c5cec2469c99a849ad') in 0.032702 seconds
Number of updated asset objects reloaded before import = 0
Number of asset objects unloaded after import = 11
========================================================================
Received Import Request.
  Time since last request: 0.000018 seconds.
  path: Assets/Graphics/Castle/wall_half.fbx
  artifactKey: Guid(c1fd7c580707e8a4783cc14a4948d865) Importer(815301076,1909f56bfc062723c751e8b465ee728b)
Start importing Assets/Graphics/Castle/wall_half.fbx using Guid(c1fd7c580707e8a4783cc14a4948d865) Importer(815301076,1909f56bfc062723c751e8b465ee728b)  -> (artifact id: 'e4dfc7b3c3c8765acf743566fb5b750f') in 0.029168 seconds
Number of updated asset objects reloaded before import = 0
Number of asset objects unloaded after import = 11
========================================================================
Received Import Request.
  Time since last request: 0.000017 seconds.
  path: Assets/Graphics/Castle/overhang.fbx
  artifactKey: Guid(04739620875a02d4a9d2d81d602650c7) Importer(815301076,1909f56bfc062723c751e8b465ee728b)
Start importing Assets/Graphics/Castle/overhang.fbx using Guid(04739620875a02d4a9d2d81d602650c7) Importer(815301076,1909f56bfc062723c751e8b465ee728b)  -> (artifact id: '82d94547c70a2df8d89143f4e9a6e873') in 0.024070 seconds
Number of updated asset objects reloaded before import = 0
Number of asset objects unloaded after import = 9
========================================================================
Received Import Request.
  Time since last request: 0.000017 seconds.
  path: Assets/Graphics/Castle/towerPaint.fbx
  artifactKey: Guid(ca81df02115b33a4e8a1b721a6cd9ff3) Importer(815301076,1909f56bfc062723c751e8b465ee728b)
Start importing Assets/Graphics/Castle/towerPaint.fbx using Guid(ca81df02115b33a4e8a1b721a6cd9ff3) Importer(815301076,1909f56bfc062723c751e8b465ee728b)  -> (artifact id: 'f7241881e66b62e2f14eae594f6aa7f7') in 0.026530 seconds
Number of updated asset objects reloaded before import = 0
Number of asset objects unloaded after import = 11
========================================================================
Received Import Request.
  Time since last request: 0.000017 seconds.
  path: Assets/Graphics/Castle/column.fbx
  artifactKey: Guid(41e3c8f58918eab43a19a5f5ca690983) Importer(815301076,1909f56bfc062723c751e8b465ee728b)
Start importing Assets/Graphics/Castle/column.fbx using Guid(41e3c8f58918eab43a19a5f5ca690983) Importer(815301076,1909f56bfc062723c751e8b465ee728b)  -> (artifact id: 'b7f9ec08240255e1249312a8aa83b686') in 0.028970 seconds
Number of updated asset objects reloaded before import = 0
Number of asset objects unloaded after import = 11
========================================================================
Received Import Request.
  Time since last request: 0.000017 seconds.
  path: Assets/Graphics/Castle/roof_edge.fbx
  artifactKey: Guid(4fd6526e7231b1f429fdbd7b1ca027a2) Importer(815301076,1909f56bfc062723c751e8b465ee728b)
Start importing Assets/Graphics/Castle/roof_edge.fbx using Guid(4fd6526e7231b1f429fdbd7b1ca027a2) Importer(815301076,1909f56bfc062723c751e8b465ee728b)  -> (artifact id: 'e944ab015b8fb13a2e4094cdbd94a688') in 0.039193 seconds
Number of updated asset objects reloaded before import = 0
Number of asset objects unloaded after import = 15
========================================================================
Received Import Request.
  Time since last request: 0.000020 seconds.
  path: Assets/Graphics/Castle/fence.fbx
  artifactKey: Guid(438566400cf63fc40ba5d18aa14ee4d1) Importer(815301076,1909f56bfc062723c751e8b465ee728b)
Start importing Assets/Graphics/Castle/fence.fbx using Guid(438566400cf63fc40ba5d18aa14ee4d1) Importer(815301076,1909f56bfc062723c751e8b465ee728b)  -> (artifact id: '0b9367bf42a613c3b2517e78c8e8f053') in 0.029131 seconds
Number of updated asset objects reloaded before import = 0
Number of asset objects unloaded after import = 9
========================================================================
Received Import Request.
  Time since last request: 0.000026 seconds.
  path: Assets/Graphics/Castle/roof_corner.fbx
  artifactKey: Guid(d5ef89fb6427a6845ab0a38af4b66d0a) Importer(815301076,1909f56bfc062723c751e8b465ee728b)
Start importing Assets/Graphics/Castle/roof_corner.fbx using Guid(d5ef89fb6427a6845ab0a38af4b66d0a) Importer(815301076,1909f56bfc062723c751e8b465ee728b)  -> (artifact id: 'b229ddb64086bbc850d867bcedc1f855') in 0.039299 seconds
Number of updated asset objects reloaded before import = 0
Number of asset objects unloaded after import = 15
========================================================================
Received Import Request.
  Time since last request: 0.000017 seconds.
  path: Assets/Graphics/Castle/structure.fbx
  artifactKey: Guid(fb18853390e58974aa10303a68e59be7) Importer(815301076,1909f56bfc062723c751e8b465ee728b)
Start importing Assets/Graphics/Castle/structure.fbx using Guid(fb18853390e58974aa10303a68e59be7) Importer(815301076,1909f56bfc062723c751e8b465ee728b)  -> (artifact id: '187d0895623d6ebf8ee2218358e875fb') in 0.023347 seconds
Number of updated asset objects reloaded before import = 0
Number of asset objects unloaded after import = 9
========================================================================
Received Import Request.
  Time since last request: 0.000017 seconds.
  path: Assets/Graphics/Castle/towerPaint_base.fbx
  artifactKey: Guid(998f872d5eee2eb49b7fa4360d94c5bd) Importer(815301076,1909f56bfc062723c751e8b465ee728b)
Start importing Assets/Graphics/Castle/towerPaint_base.fbx using Guid(998f872d5eee2eb49b7fa4360d94c5bd) Importer(815301076,1909f56bfc062723c751e8b465ee728b)  -> (artifact id: 'bfb49d27774d47c28efc19cb1eb46bfe') in 0.031798 seconds
Number of updated asset objects reloaded before import = 0
Number of asset objects unloaded after import = 11
========================================================================
Received Import Request.
  Time since last request: 0.000018 seconds.
  path: Assets/Graphics/Castle/floor_steps.fbx
  artifactKey: Guid(4bedd0ebda9383646b28cddf50795e3d) Importer(815301076,1909f56bfc062723c751e8b465ee728b)
Start importing Assets/Graphics/Castle/floor_steps.fbx using Guid(4bedd0ebda9383646b28cddf50795e3d) Importer(815301076,1909f56bfc062723c751e8b465ee728b)  -> (artifact id: '8190f6aafda61336e78838ee74d7bd3d') in 0.027353 seconds
Number of updated asset objects reloaded before import = 0
Number of asset objects unloaded after import = 11
========================================================================
Received Import Request.
  Time since last request: 0.000018 seconds.
  path: Assets/Graphics/Castle/wallFortifiedPaint.fbx
  artifactKey: Guid(c28d10666cf1ebd49af7d8bbe1fa22ce) Importer(815301076,1909f56bfc062723c751e8b465ee728b)
Start importing Assets/Graphics/Castle/wallFortifiedPaint.fbx using Guid(c28d10666cf1ebd49af7d8bbe1fa22ce) Importer(815301076,1909f56bfc062723c751e8b465ee728b)  -> (artifact id: '7f952aa940203373bdfcfebdaa61c642') in 0.037405 seconds
Number of updated asset objects reloaded before import = 0
Number of asset objects unloaded after import = 13
========================================================================
Received Import Request.
  Time since last request: 0.000017 seconds.
  path: Assets/Graphics/Castle/tower_top.fbx
  artifactKey: Guid(e1541868152979641aea1a55d87f8e1f) Importer(815301076,1909f56bfc062723c751e8b465ee728b)
Start importing Assets/Graphics/Castle/tower_top.fbx using Guid(e1541868152979641aea1a55d87f8e1f) Importer(815301076,1909f56bfc062723c751e8b465ee728b)  -> (artifact id: '50b53f40b531c3227ee21d747b8f2dbe') in 0.031320 seconds
Number of updated asset objects reloaded before import = 0
Number of asset objects unloaded after import = 11
========================================================================
Received Import Request.
  Time since last request: 0.000048 seconds.
  path: Assets/Graphics/Castle/wall_gate.fbx
  artifactKey: Guid(ab7b2047d20824e4da1587380b38e72e) Importer(815301076,1909f56bfc062723c751e8b465ee728b)
Start importing Assets/Graphics/Castle/wall_gate.fbx using Guid(ab7b2047d20824e4da1587380b38e72e) Importer(815301076,1909f56bfc062723c751e8b465ee728b)  -> (artifact id: 'cf239d6e087eaf3826a3abd0578c0714') in 0.037161 seconds
Number of updated asset objects reloaded before import = 0
Number of asset objects unloaded after import = 11
========================================================================
Received Import Request.
  Time since last request: 0.000020 seconds.
  path: Assets/Graphics/Castle/wallFortified.fbx
  artifactKey: Guid(0ec52b0db7d67c14ebaf50e9421419fe) Importer(815301076,1909f56bfc062723c751e8b465ee728b)
Start importing Assets/Graphics/Castle/wallFortified.fbx using Guid(0ec52b0db7d67c14ebaf50e9421419fe) Importer(815301076,1909f56bfc062723c751e8b465ee728b)  -> (artifact id: 'fc63264ed90d43862c62ee3ebff09c8a') in 0.037115 seconds
Number of updated asset objects reloaded before import = 0
Number of asset objects unloaded after import = 13
========================================================================
Received Import Request.
  Time since last request: 0.000029 seconds.
  path: Assets/Graphics/Castle/wallFortified_gate.fbx
  artifactKey: Guid(9863b31f99859b346b1a9b894530cc7c) Importer(815301076,1909f56bfc062723c751e8b465ee728b)
Start importing Assets/Graphics/Castle/wallFortified_gate.fbx using Guid(9863b31f99859b346b1a9b894530cc7c) Importer(815301076,1909f56bfc062723c751e8b465ee728b)  -> (artifact id: '6ff6f29f1a4fb9ad19c1d9f02466040b') in 0.035095 seconds
Number of updated asset objects reloaded before import = 0
Number of asset objects unloaded after import = 14
========================================================================
Received Import Request.
  Time since last request: 0.000017 seconds.
  path: Assets/Graphics/Castle/tower.fbx
  artifactKey: Guid(98f022982db56044098d5e0ce4079206) Importer(815301076,1909f56bfc062723c751e8b465ee728b)
Start importing Assets/Graphics/Castle/tower.fbx using Guid(98f022982db56044098d5e0ce4079206) Importer(815301076,1909f56bfc062723c751e8b465ee728b)  -> (artifact id: '421390ee9c4beca42f2a7d81e5601586') in 0.031853 seconds
Number of updated asset objects reloaded before import = 0
Number of asset objects unloaded after import = 12
========================================================================
Received Import Request.
  Time since last request: 0.000018 seconds.
  path: Assets/Graphics/Castle/tower_base.fbx
  artifactKey: Guid(a43f49a88515b8f4c801a574246fd558) Importer(815301076,1909f56bfc062723c751e8b465ee728b)
Start importing Assets/Graphics/Castle/tower_base.fbx using Guid(a43f49a88515b8f4c801a574246fd558) Importer(815301076,1909f56bfc062723c751e8b465ee728b)  -> (artifact id: '0e01dba17d9af623498efc6777ad1c33') in 0.024140 seconds
Number of updated asset objects reloaded before import = 0
Number of asset objects unloaded after import = 12
========================================================================
Received Import Request.
  Time since last request: 0.000017 seconds.
  path: Assets/Graphics/Castle/floor_flat.fbx
  artifactKey: Guid(2f9b6440ac2c70a4aa011c84396c16c0) Importer(815301076,1909f56bfc062723c751e8b465ee728b)
Start importing Assets/Graphics/Castle/floor_flat.fbx using Guid(2f9b6440ac2c70a4aa011c84396c16c0) Importer(815301076,1909f56bfc062723c751e8b465ee728b)  -> (artifact id: '1c37d72c110f3dc62ccbc609ca547f5d') in 0.024453 seconds
Number of updated asset objects reloaded before import = 0
Number of asset objects unloaded after import = 9
========================================================================
Received Import Request.
  Time since last request: 0.000018 seconds.
  path: Assets/Graphics/Castle/floor_stairsCornerInner.fbx
  artifactKey: Guid(e96ed9b41874da240bbb9bdd38273680) Importer(815301076,1909f56bfc062723c751e8b465ee728b)
Start importing Assets/Graphics/Castle/floor_stairsCornerInner.fbx using Guid(e96ed9b41874da240bbb9bdd38273680) Importer(815301076,1909f56bfc062723c751e8b465ee728b)  -> (artifact id: '59675b11b7f47230077e9cf49e266ab3') in 0.028868 seconds
Number of updated asset objects reloaded before import = 0
Number of asset objects unloaded after import = 11
========================================================================
Received Import Request.
  Time since last request: 0.000019 seconds.
  path: Assets/Graphics/Castle/detail_barrel.fbx
  artifactKey: Guid(c12db1ca321584943a65fd2e4ebf25d5) Importer(815301076,1909f56bfc062723c751e8b465ee728b)
Start importing Assets/Graphics/Castle/detail_barrel.fbx using Guid(c12db1ca321584943a65fd2e4ebf25d5) Importer(815301076,1909f56bfc062723c751e8b465ee728b)  -> (artifact id: '1ffc782d8d6541cb5c280026e2c0db33') in 0.025673 seconds
Number of updated asset objects reloaded before import = 0
Number of asset objects unloaded after import = 9
========================================================================
Received Import Request.
  Time since last request: 0.000018 seconds.
  path: Assets/Graphics/Castle/WallDefault.fbx
  artifactKey: Guid(d59ef463dd9f1884480925f336c54608) Importer(815301076,1909f56bfc062723c751e8b465ee728b)
Start importing Assets/Graphics/Castle/WallDefault.fbx using Guid(d59ef463dd9f1884480925f336c54608) Importer(815301076,1909f56bfc062723c751e8b465ee728b)  -> (artifact id: '46474ff2849b6ca523d086766a6d8d9c') in 0.031795 seconds
Number of updated asset objects reloaded before import = 0
Number of asset objects unloaded after import = 11
Editor requested this worker to shutdown with reason: Scaling down because of idle timeout
TcpMessagingSession - receive error: operation aborted. errorcode: 995, details: The I/O operation has been aborted because of either a thread exit or an application request.
AssetImportWorker is now disconnected from the server
Process exiting
Exiting without the bug reporter. Application will terminate with return code 0