Using pre-set license
Built from '2022.3/release' branch; Version is '2022.3.18f1 (d29bea25151d) revision 13802474'; Using compiler version '192829333'; Build Type 'Release'
OS: 'Windows 11  (10.0.22631) 64bit Core' Language: 'en' Physical Memory: 32653 MB
BatchMode: 1, IsHumanControllingUs: 0, StartBugReporterOnCrash: 0, Is64bit: 1, IsPro: 1

COMMAND LINE ARGUMENTS:
C:\Program Files\Unity\Hub\Editor\2022.3.18f1\Editor\Unity.exe
-adb2
-batchMode
-noUpm
-name
AssetImportWorker0
-projectPath
C:/Users/david/Documents/GitHub/Shield-Knight
-logFile
Logs/AssetImportWorker0.log
-srvPort
54428
Successfully changed project path to: C:/Users/david/Documents/GitHub/Shield-Knight
C:/Users/david/Documents/GitHub/Shield-Knight
[UnityMemory] Configuration Parameters - Can be set up in boot.config
    "memorysetup-bucket-allocator-granularity=16"
    "memorysetup-bucket-allocator-bucket-count=8"
    "memorysetup-bucket-allocator-block-size=33554432"
    "memorysetup-bucket-allocator-block-count=8"
    "memorysetup-main-allocator-block-size=16777216"
    "memorysetup-thread-allocator-block-size=16777216"
    "memorysetup-gfx-main-allocator-block-size=16777216"
    "memorysetup-gfx-thread-allocator-block-size=16777216"
    "memorysetup-cache-allocator-block-size=4194304"
    "memorysetup-typetree-allocator-block-size=2097152"
    "memorysetup-profiler-bucket-allocator-granularity=16"
    "memorysetup-profiler-bucket-allocator-bucket-count=8"
    "memorysetup-profiler-bucket-allocator-block-size=33554432"
    "memorysetup-profiler-bucket-allocator-block-count=8"
    "memorysetup-profiler-allocator-block-size=16777216"
    "memorysetup-profiler-editor-allocator-block-size=1048576"
    "memorysetup-temp-allocator-size-main=16777216"
    "memorysetup-job-temp-allocator-block-size=2097152"
    "memorysetup-job-temp-allocator-block-size-background=1048576"
    "memorysetup-job-temp-allocator-reduction-small-platforms=262144"
    "memorysetup-allocator-temp-initial-block-size-main=262144"
    "memorysetup-allocator-temp-initial-block-size-worker=262144"
    "memorysetup-temp-allocator-size-background-worker=32768"
    "memorysetup-temp-allocator-size-job-worker=262144"
    "memorysetup-temp-allocator-size-preload-manager=33554432"
    "memorysetup-temp-allocator-size-nav-mesh-worker=65536"
    "memorysetup-temp-allocator-size-audio-worker=65536"
    "memorysetup-temp-allocator-size-cloud-worker=32768"
    "memorysetup-temp-allocator-size-gi-baking-worker=262144"
    "memorysetup-temp-allocator-size-gfx=262144"
Player connection [13432] Host "[IP] 192.168.1.123 [Port] 0 [Flags] 2 [Guid] 1703945842 [EditorId] 1703945842 [Version] 1048832 [Id] WindowsEditor(7,Dogbert) [Debug] 1 [PackageName] WindowsEditor [ProjectName] Editor" joined multi-casting on [225.0.0.222:54997]...

Player connection [13432] Host "[IP] 192.168.1.123 [Port] 0 [Flags] 2 [Guid] 1703945842 [EditorId] 1703945842 [Version] 1048832 [Id] WindowsEditor(7,Dogbert) [Debug] 1 [PackageName] WindowsEditor [ProjectName] Editor" joined alternative multi-casting on [225.0.0.222:34997]...

[Physics::Module] Initialized MultithreadedJobDispatcher with 15 workers.
Refreshing native plugins compatible for Editor in 9.75 ms, found 4 plugins.
Preloading 0 native plugins for Editor in 0.00 ms.
Initialize engine version: 2022.3.18f1 (d29bea25151d)
[Subsystems] Discovering subsystems at path C:/Program Files/Unity/Hub/Editor/2022.3.18f1/Editor/Data/Resources/UnitySubsystems
[Subsystems] Discovering subsystems at path C:/Users/david/Documents/GitHub/Shield-Knight/Assets
GfxDevice: creating device client; threaded=0; jobified=0
Direct3D:
    Version:  Direct3D 11.0 [level 11.1]
    Renderer: NVIDIA GeForce RTX 2070 (ID=0x1f02)
    Vendor:   NVIDIA
    VRAM:     8006 MB
    Driver:   31.0.15.5186
Initialize mono
Mono path[0] = 'C:/Program Files/Unity/Hub/Editor/2022.3.18f1/Editor/Data/Managed'
Mono path[1] = 'C:/Program Files/Unity/Hub/Editor/2022.3.18f1/Editor/Data/MonoBleedingEdge/lib/mono/unityjit-win32'
Mono config path = 'C:/Program Files/Unity/Hub/Editor/2022.3.18f1/Editor/Data/MonoBleedingEdge/etc'
Using monoOptions --debugger-agent=transport=dt_socket,embedding=1,server=y,suspend=n,address=127.0.0.1:56280
Begin MonoManager ReloadAssembly
Registering precompiled unity dll's ...
Register platform support module: C:/Program Files/Unity/Hub/Editor/2022.3.18f1/Editor/Data/PlaybackEngines/WindowsStandaloneSupport/UnityEditor.WindowsStandalone.Extensions.dll
Registered in 0.004727 seconds.
- Loaded All Assemblies, in  0.269 seconds
Native extension for WindowsStandalone target not found
Mono: successfully reloaded assembly
- Finished resetting the current domain, in  0.219 seconds
Domain Reload Profiling: 486ms
	BeginReloadAssembly (84ms)
		ExecutionOrderSort (0ms)
		DisableScriptedObjects (0ms)
		BackupInstance (0ms)
		ReleaseScriptingObjects (0ms)
		CreateAndSetChildDomain (1ms)
	RebuildCommonClasses (25ms)
	RebuildNativeTypeToScriptingClass (8ms)
	initialDomainReloadingComplete (43ms)
	LoadAllAssembliesAndSetupDomain (107ms)
		LoadAssemblies (82ms)
		RebuildTransferFunctionScriptingTraits (0ms)
		AnalyzeDomain (105ms)
			TypeCache.Refresh (104ms)
				TypeCache.ScanAssembly (94ms)
			ScanForSourceGeneratedMonoScriptInfo (0ms)
			ResolveRequiredComponents (0ms)
	FinalizeReload (219ms)
		ReleaseScriptCaches (0ms)
		RebuildScriptCaches (0ms)
		SetupLoadedEditorAssemblies (172ms)
			LogAssemblyErrors (0ms)
			InitializePlatformSupportModulesInManaged (7ms)
			SetLoadedEditorAssemblies (7ms)
			RefreshPlugins (0ms)
			BeforeProcessingInitializeOnLoad (2ms)
			ProcessInitializeOnLoadAttributes (118ms)
			ProcessInitializeOnLoadMethodAttributes (38ms)
			AfterProcessingInitializeOnLoad (0ms)
			EditorAssembliesLoaded (0ms)
		ExecutionOrderSort2 (0ms)
		AwakeInstancesAfterBackupRestoration (0ms)
========================================================================
Worker process is ready to serve import requests
Begin MonoManager ReloadAssembly
- Loaded All Assemblies, in  0.497 seconds
Refreshing native plugins compatible for Editor in 3.71 ms, found 4 plugins.
Native extension for WindowsStandalone target not found
Package Manager log level set to [2]
[Package Manager] Server::EnsureServerProcessIsRunning -- launch failed, reason: Unity was launched with the -noUpm command-line argument
[Package Manager] UpmClient::Send -- Unable to send message (not connected to UPM process).
[Package Manager] Cannot connect to Unity Package Manager local server
Mono: successfully reloaded assembly
- Finished resetting the current domain, in  0.482 seconds
Domain Reload Profiling: 977ms
	BeginReloadAssembly (121ms)
		ExecutionOrderSort (0ms)
		DisableScriptedObjects (4ms)
		BackupInstance (0ms)
		ReleaseScriptingObjects (0ms)
		CreateAndSetChildDomain (19ms)
	RebuildCommonClasses (27ms)
	RebuildNativeTypeToScriptingClass (7ms)
	initialDomainReloadingComplete (33ms)
	LoadAllAssembliesAndSetupDomain (306ms)
		LoadAssemblies (240ms)
		RebuildTransferFunctionScriptingTraits (0ms)
		AnalyzeDomain (135ms)
			TypeCache.Refresh (108ms)
				TypeCache.ScanAssembly (97ms)
			ScanForSourceGeneratedMonoScriptInfo (22ms)
			ResolveRequiredComponents (4ms)
	FinalizeReload (483ms)
		ReleaseScriptCaches (0ms)
		RebuildScriptCaches (0ms)
		SetupLoadedEditorAssemblies (362ms)
			LogAssemblyErrors (0ms)
			InitializePlatformSupportModulesInManaged (4ms)
			SetLoadedEditorAssemblies (3ms)
			RefreshPlugins (0ms)
			BeforeProcessingInitializeOnLoad (58ms)
			ProcessInitializeOnLoadAttributes (263ms)
			ProcessInitializeOnLoadMethodAttributes (29ms)
			AfterProcessingInitializeOnLoad (5ms)
			EditorAssembliesLoaded (0ms)
		ExecutionOrderSort2 (0ms)
		AwakeInstancesAfterBackupRestoration (5ms)
Launched and connected shader compiler UnityShaderCompiler.exe after 0.03 seconds
Refreshing native plugins compatible for Editor in 3.69 ms, found 4 plugins.
Preloading 0 native plugins for Editor in 0.00 ms.
Unloading 4125 Unused Serialized files (Serialized files now loaded: 0)
Unloading 64 unused Assets / (61.3 KB). Loaded Objects now: 4591.
Memory consumption went from 153.6 MB to 153.5 MB.
Total: 3.329300 ms (FindLiveObjects: 0.290200 ms CreateObjectMapping: 0.105300 ms MarkObjects: 2.791700 ms  DeleteObjects: 0.141100 ms)

AssetImportParameters requested are different than current active one (requested -> active):
  custom:container-demuxer-ogg: 62fdf1f143b41e24485cea50d1cbac27 -> 
  custom:video-codec-MediaFoundation-h265: 746d11721c4dcdbdad8f713fa42b33f4 -> 
  custom:video-decoder-ogg-theora: a1e56fd34408186e4bbccfd4996cb3dc -> 
  custom:framework-win-MediaFoundation: 216162199b28c13a410421893ffa2e32 -> 
  custom:CustomObjectIndexerAttribute: 6d391050e5a25f67b0a2c618074f2cd9 -> 
  custom:container-demuxer-webm: 4f35f7cbe854078d1ac9338744f61a02 -> 
  custom:container-muxer-webm: aa71ff27fc2769a1b78a27578f13a17b -> 
  custom:video-decoder-webm-vp8: 9c59270c3fd7afecdb556c50c9e8de78 -> 
  custom:SearchIndexIgnoredProperties: e643bd26f0fe6173181afceb89e7c659 -> 
  custom:AudioImporter_EditorPlatform: d09bf68614088b80899f8185d706f6e7 -> 
  custom:video-encoder-webm-vp8: eb34c28f22e8b96e1ab97ce403110664 -> 
  custom:audio-decoder-ogg-vorbis: bf7c407c2cedff20999df2af8eb42d56 -> 
  custom:audio-encoder-webm-vorbis: bf7c407c2cedff20999df2af8eb42d56 -> 
========================================================================
Received Import Request.
  Time since last request: 603292.083812 seconds.
  path: Assets/Graphics/CloudPrefab.prefab
  artifactKey: Guid(8e1ca69db1590ee4ab22db37796f4b33) Importer(815301076,1909f56bfc062723c751e8b465ee728b)
Start importing Assets/Graphics/CloudPrefab.prefab using Guid(8e1ca69db1590ee4ab22db37796f4b33) Importer(815301076,1909f56bfc062723c751e8b465ee728b)  -> (artifact id: '089d2f74572cab351b1a068273069940') in 0.082805 seconds
Number of updated asset objects reloaded before import = 0
Number of asset objects unloaded after import = 8
========================================================================
Received Import Request.
  Time since last request: 0.000028 seconds.
  path: Assets/Graphics/Clouds.mat
  artifactKey: Guid(c1cd0107e0407154fb0f9a698c69a8ac) Importer(815301076,1909f56bfc062723c751e8b465ee728b)
Start importing Assets/Graphics/Clouds.mat using Guid(c1cd0107e0407154fb0f9a698c69a8ac) Importer(815301076,1909f56bfc062723c751e8b465ee728b)  -> (artifact id: '688f55bd9769ad8b26aa75297cdef74e') in 0.027907 seconds
Number of updated asset objects reloaded before import = 0
Number of asset objects unloaded after import = 2
========================================================================
Received Import Request.
  Time since last request: 3.564468 seconds.
  path: Assets/Graphics/Environment
  artifactKey: Guid(111d31b5bcec5e948ab5aaba5a7c3b8d) Importer(815301076,1909f56bfc062723c751e8b465ee728b)
Start importing Assets/Graphics/Environment using Guid(111d31b5bcec5e948ab5aaba5a7c3b8d) Importer(815301076,1909f56bfc062723c751e8b465ee728b)  -> (artifact id: '1aa17262858b9adc57f0be5d4a971202') in 0.000510 seconds
Number of updated asset objects reloaded before import = 0
Number of asset objects unloaded after import = 0
========================================================================
Received Import Request.
  Time since last request: 0.046523 seconds.
  path: Assets/Graphics/Environment/brick001.asset
  artifactKey: Guid(93e53b2337487af4a8907a761e911170) Importer(815301076,1909f56bfc062723c751e8b465ee728b)
Start importing Assets/Graphics/Environment/brick001.asset using Guid(93e53b2337487af4a8907a761e911170) Importer(815301076,1909f56bfc062723c751e8b465ee728b)  -> (artifact id: '5da35a9edc858578f922a3ed9e0d2083') in 0.012993 seconds
Number of updated asset objects reloaded before import = 0
Number of asset objects unloaded after import = 3
========================================================================
Received Import Request.
  Time since last request: 0.004460 seconds.
  path: Assets/Graphics/Environment/Level.prefab
  artifactKey: Guid(47d07d69ec1b0db498abb4b94f87ee8a) Importer(815301076,1909f56bfc062723c751e8b465ee728b)
Start importing Assets/Graphics/Environment/Level.prefab using Guid(47d07d69ec1b0db498abb4b94f87ee8a) Importer(815301076,1909f56bfc062723c751e8b465ee728b)  -> (artifact id: 'b8598e4dc4655157d7bf36580f20a393') in 0.011969 seconds
Number of updated asset objects reloaded before import = 0
Number of asset objects unloaded after import = 13
========================================================================
Received Import Request.
  Time since last request: 4.233331 seconds.
  path: Assets/Graphics/Environment/brick001 1.asset
  artifactKey: Guid(86fa8ec0bd8280f4d81e4754ffc198dc) Importer(815301076,1909f56bfc062723c751e8b465ee728b)
Start importing Assets/Graphics/Environment/brick001 1.asset using Guid(86fa8ec0bd8280f4d81e4754ffc198dc) Importer(815301076,1909f56bfc062723c751e8b465ee728b)  -> (artifact id: 'aea55078dac30bab118b5e68ed9e70c2') in 0.004764 seconds
Number of updated asset objects reloaded before import = 0
Number of asset objects unloaded after import = 3
========================================================================
Received Import Request.
  Time since last request: 8.867669 seconds.
  path: Assets/Graphics/Environment/BackdropBrick.asset
  artifactKey: Guid(86fa8ec0bd8280f4d81e4754ffc198dc) Importer(815301076,1909f56bfc062723c751e8b465ee728b)
Start importing Assets/Graphics/Environment/BackdropBrick.asset using Guid(86fa8ec0bd8280f4d81e4754ffc198dc) Importer(815301076,1909f56bfc062723c751e8b465ee728b)  -> (artifact id: '86983c4cddfc49ae96e76587d1fd5cbb') in 0.004146 seconds
Number of updated asset objects reloaded before import = 0
Number of asset objects unloaded after import = 3
========================================================================
Received Import Request.
  Time since last request: 51.261712 seconds.
  path: Assets/Graphics/Environment/Level.prefab
  artifactKey: Guid(47d07d69ec1b0db498abb4b94f87ee8a) Importer(815301076,1909f56bfc062723c751e8b465ee728b)
Start importing Assets/Graphics/Environment/Level.prefab using Guid(47d07d69ec1b0db498abb4b94f87ee8a) Importer(815301076,1909f56bfc062723c751e8b465ee728b)  -> (artifact id: 'ad6aa49a9d977b33d683795f1e2f241e') in 0.011760 seconds
Number of updated asset objects reloaded before import = 0
Number of asset objects unloaded after import = 14
========================================================================
Received Import Request.
  Time since last request: 24.602124 seconds.
  path: Assets/Graphics/Environment/Level.prefab
  artifactKey: Guid(47d07d69ec1b0db498abb4b94f87ee8a) Importer(815301076,1909f56bfc062723c751e8b465ee728b)
Start importing Assets/Graphics/Environment/Level.prefab using Guid(47d07d69ec1b0db498abb4b94f87ee8a) Importer(815301076,1909f56bfc062723c751e8b465ee728b)  -> (artifact id: '186d328bc5db156a702b12feb3d8ddb8') in 0.007294 seconds
Number of updated asset objects reloaded before import = 0
Number of asset objects unloaded after import = 14
========================================================================
Received Import Request.
  Time since last request: 951.454046 seconds.
  path: Assets/Graphics/Environment/BackdropBrick.asset
  artifactKey: Guid(86fa8ec0bd8280f4d81e4754ffc198dc) Importer(815301076,1909f56bfc062723c751e8b465ee728b)
Start importing Assets/Graphics/Environment/BackdropBrick.asset using Guid(86fa8ec0bd8280f4d81e4754ffc198dc) Importer(815301076,1909f56bfc062723c751e8b465ee728b)  -> (artifact id: 'fbe414958d293c2fe545022534cc4c2b') in 0.012311 seconds
Number of updated asset objects reloaded before import = 0
Number of asset objects unloaded after import = 3
========================================================================
Received Prepare
Begin MonoManager ReloadAssembly
- Loaded All Assemblies, in  0.361 seconds
Refreshing native plugins compatible for Editor in 3.95 ms, found 4 plugins.
Native extension for WindowsStandalone target not found
[Package Manager] Server::EnsureServerProcessIsRunning -- launch failed, reason: Unity was launched with the -noUpm command-line argument
[Package Manager] UpmClient::Send -- Unable to send message (not connected to UPM process).
[Package Manager] Cannot connect to Unity Package Manager local server
Mono: successfully reloaded assembly
- Finished resetting the current domain, in  0.943 seconds
Domain Reload Profiling: 1302ms
	BeginReloadAssembly (132ms)
		ExecutionOrderSort (0ms)
		DisableScriptedObjects (9ms)
		BackupInstance (0ms)
		ReleaseScriptingObjects (0ms)
		CreateAndSetChildDomain (36ms)
	RebuildCommonClasses (25ms)
	RebuildNativeTypeToScriptingClass (8ms)
	initialDomainReloadingComplete (23ms)
	LoadAllAssembliesAndSetupDomain (171ms)
		LoadAssemblies (222ms)
		RebuildTransferFunctionScriptingTraits (0ms)
		AnalyzeDomain (12ms)
			TypeCache.Refresh (6ms)
				TypeCache.ScanAssembly (0ms)
			ScanForSourceGeneratedMonoScriptInfo (0ms)
			ResolveRequiredComponents (5ms)
	FinalizeReload (943ms)
		ReleaseScriptCaches (0ms)
		RebuildScriptCaches (0ms)
		SetupLoadedEditorAssemblies (378ms)
			LogAssemblyErrors (0ms)
			InitializePlatformSupportModulesInManaged (5ms)
			SetLoadedEditorAssemblies (3ms)
			RefreshPlugins (0ms)
			BeforeProcessingInitializeOnLoad (64ms)
			ProcessInitializeOnLoadAttributes (269ms)
			ProcessInitializeOnLoadMethodAttributes (30ms)
			AfterProcessingInitializeOnLoad (6ms)
			EditorAssembliesLoaded (0ms)
		ExecutionOrderSort2 (0ms)
		AwakeInstancesAfterBackupRestoration (12ms)
Refreshing native plugins compatible for Editor in 5.28 ms, found 4 plugins.
Preloading 0 native plugins for Editor in 0.00 ms.
Unloading 4092 Unused Serialized files (Serialized files now loaded: 0)
Unloading 36 unused Assets / (35.2 KB). Loaded Objects now: 4640.
Memory consumption went from 151.9 MB to 151.9 MB.
Total: 2.882800 ms (FindLiveObjects: 0.285600 ms CreateObjectMapping: 0.093100 ms MarkObjects: 2.444400 ms  DeleteObjects: 0.058900 ms)

Prepare: number of updated asset objects reloaded= 0
AssetImportParameters requested are different than current active one (requested -> active):
  custom:container-demuxer-ogg: 62fdf1f143b41e24485cea50d1cbac27 -> 
  custom:video-codec-MediaFoundation-h265: 746d11721c4dcdbdad8f713fa42b33f4 -> 
  custom:video-decoder-ogg-theora: a1e56fd34408186e4bbccfd4996cb3dc -> 
  custom:framework-win-MediaFoundation: 216162199b28c13a410421893ffa2e32 -> 
  custom:CustomObjectIndexerAttribute: 6d391050e5a25f67b0a2c618074f2cd9 -> 
  custom:container-demuxer-webm: 4f35f7cbe854078d1ac9338744f61a02 -> 
  custom:container-muxer-webm: aa71ff27fc2769a1b78a27578f13a17b -> 
  custom:video-decoder-webm-vp8: 9c59270c3fd7afecdb556c50c9e8de78 -> 
  custom:SearchIndexIgnoredProperties: e643bd26f0fe6173181afceb89e7c659 -> 
  custom:AudioImporter_EditorPlatform: d09bf68614088b80899f8185d706f6e7 -> 
  custom:video-encoder-webm-vp8: eb34c28f22e8b96e1ab97ce403110664 -> 
  custom:audio-decoder-ogg-vorbis: bf7c407c2cedff20999df2af8eb42d56 -> 
  custom:audio-encoder-webm-vorbis: bf7c407c2cedff20999df2af8eb42d56 -> 
========================================================================
Received Prepare
Begin MonoManager ReloadAssembly
- Loaded All Assemblies, in  0.367 seconds
Refreshing native plugins compatible for Editor in 5.17 ms, found 4 plugins.
Native extension for WindowsStandalone target not found
[Package Manager] Server::EnsureServerProcessIsRunning -- launch failed, reason: Unity was launched with the -noUpm command-line argument
[Package Manager] UpmClient::Send -- Unable to send message (not connected to UPM process).
[Package Manager] Cannot connect to Unity Package Manager local server
Mono: successfully reloaded assembly
- Finished resetting the current domain, in  0.989 seconds
Domain Reload Profiling: 1353ms
	BeginReloadAssembly (129ms)
		ExecutionOrderSort (0ms)
		DisableScriptedObjects (9ms)
		BackupInstance (0ms)
		ReleaseScriptingObjects (0ms)
		CreateAndSetChildDomain (31ms)
	RebuildCommonClasses (24ms)
	RebuildNativeTypeToScriptingClass (8ms)
	initialDomainReloadingComplete (23ms)
	LoadAllAssembliesAndSetupDomain (179ms)
		LoadAssemblies (220ms)
		RebuildTransferFunctionScriptingTraits (0ms)
		AnalyzeDomain (22ms)
			TypeCache.Refresh (9ms)
				TypeCache.ScanAssembly (1ms)
			ScanForSourceGeneratedMonoScriptInfo (8ms)
			ResolveRequiredComponents (5ms)
	FinalizeReload (989ms)
		ReleaseScriptCaches (0ms)
		RebuildScriptCaches (0ms)
		SetupLoadedEditorAssemblies (405ms)
			LogAssemblyErrors (0ms)
			InitializePlatformSupportModulesInManaged (6ms)
			SetLoadedEditorAssemblies (3ms)
			RefreshPlugins (0ms)
			BeforeProcessingInitializeOnLoad (66ms)
			ProcessInitializeOnLoadAttributes (286ms)
			ProcessInitializeOnLoadMethodAttributes (37ms)
			AfterProcessingInitializeOnLoad (7ms)
			EditorAssembliesLoaded (1ms)
		ExecutionOrderSort2 (0ms)
		AwakeInstancesAfterBackupRestoration (14ms)
Refreshing native plugins compatible for Editor in 6.05 ms, found 4 plugins.
Preloading 0 native plugins for Editor in 0.00 ms.
Unloading 4093 Unused Serialized files (Serialized files now loaded: 0)
Unloading 36 unused Assets / (35.3 KB). Loaded Objects now: 4644.
Memory consumption went from 154.1 MB to 154.1 MB.
Total: 3.572000 ms (FindLiveObjects: 0.298400 ms CreateObjectMapping: 0.192200 ms MarkObjects: 3.005900 ms  DeleteObjects: 0.074900 ms)

Prepare: number of updated asset objects reloaded= 0
AssetImportParameters requested are different than current active one (requested -> active):
  custom:container-demuxer-ogg: 62fdf1f143b41e24485cea50d1cbac27 -> 
  custom:video-codec-MediaFoundation-h265: 746d11721c4dcdbdad8f713fa42b33f4 -> 
  custom:video-decoder-ogg-theora: a1e56fd34408186e4bbccfd4996cb3dc -> 
  custom:framework-win-MediaFoundation: 216162199b28c13a410421893ffa2e32 -> 
  custom:CustomObjectIndexerAttribute: 6d391050e5a25f67b0a2c618074f2cd9 -> 
  custom:container-demuxer-webm: 4f35f7cbe854078d1ac9338744f61a02 -> 
  custom:container-muxer-webm: aa71ff27fc2769a1b78a27578f13a17b -> 
  custom:video-decoder-webm-vp8: 9c59270c3fd7afecdb556c50c9e8de78 -> 
  custom:SearchIndexIgnoredProperties: e643bd26f0fe6173181afceb89e7c659 -> 
  custom:AudioImporter_EditorPlatform: d09bf68614088b80899f8185d706f6e7 -> 
  custom:video-encoder-webm-vp8: eb34c28f22e8b96e1ab97ce403110664 -> 
  custom:audio-decoder-ogg-vorbis: bf7c407c2cedff20999df2af8eb42d56 -> 
  custom:audio-encoder-webm-vorbis: bf7c407c2cedff20999df2af8eb42d56 -> 
========================================================================
Received Prepare
Begin MonoManager ReloadAssembly
- Loaded All Assemblies, in  0.373 seconds
Refreshing native plugins compatible for Editor in 5.24 ms, found 4 plugins.
Native extension for WindowsStandalone target not found
[Package Manager] Server::EnsureServerProcessIsRunning -- launch failed, reason: Unity was launched with the -noUpm command-line argument
[Package Manager] UpmClient::Send -- Unable to send message (not connected to UPM process).
[Package Manager] Cannot connect to Unity Package Manager local server
Mono: successfully reloaded assembly
- Finished resetting the current domain, in  0.886 seconds
Domain Reload Profiling: 1257ms
	BeginReloadAssembly (136ms)
		ExecutionOrderSort (0ms)
		DisableScriptedObjects (9ms)
		BackupInstance (0ms)
		ReleaseScriptingObjects (0ms)
		CreateAndSetChildDomain (32ms)
	RebuildCommonClasses (23ms)
	RebuildNativeTypeToScriptingClass (8ms)
	initialDomainReloadingComplete (23ms)
	LoadAllAssembliesAndSetupDomain (180ms)
		LoadAssemblies (228ms)
		RebuildTransferFunctionScriptingTraits (0ms)
		AnalyzeDomain (22ms)
			TypeCache.Refresh (9ms)
				TypeCache.ScanAssembly (1ms)
			ScanForSourceGeneratedMonoScriptInfo (8ms)
			ResolveRequiredComponents (4ms)
	FinalizeReload (886ms)
		ReleaseScriptCaches (0ms)
		RebuildScriptCaches (0ms)
		SetupLoadedEditorAssemblies (388ms)
			LogAssemblyErrors (0ms)
			InitializePlatformSupportModulesInManaged (5ms)
			SetLoadedEditorAssemblies (3ms)
			RefreshPlugins (0ms)
			BeforeProcessingInitializeOnLoad (69ms)
			ProcessInitializeOnLoadAttributes (273ms)
			ProcessInitializeOnLoadMethodAttributes (31ms)
			AfterProcessingInitializeOnLoad (6ms)
			EditorAssembliesLoaded (0ms)
		ExecutionOrderSort2 (0ms)
		AwakeInstancesAfterBackupRestoration (12ms)
Refreshing native plugins compatible for Editor in 4.11 ms, found 4 plugins.
Preloading 0 native plugins for Editor in 0.00 ms.
Unloading 4093 Unused Serialized files (Serialized files now loaded: 0)
Unloading 36 unused Assets / (35.4 KB). Loaded Objects now: 4648.
Memory consumption went from 156.0 MB to 156.0 MB.
Total: 3.399900 ms (FindLiveObjects: 0.475700 ms CreateObjectMapping: 0.171300 ms MarkObjects: 2.690600 ms  DeleteObjects: 0.061500 ms)

Prepare: number of updated asset objects reloaded= 0
AssetImportParameters requested are different than current active one (requested -> active):
  custom:container-demuxer-ogg: 62fdf1f143b41e24485cea50d1cbac27 -> 
  custom:video-codec-MediaFoundation-h265: 746d11721c4dcdbdad8f713fa42b33f4 -> 
  custom:video-decoder-ogg-theora: a1e56fd34408186e4bbccfd4996cb3dc -> 
  custom:framework-win-MediaFoundation: 216162199b28c13a410421893ffa2e32 -> 
  custom:CustomObjectIndexerAttribute: 6d391050e5a25f67b0a2c618074f2cd9 -> 
  custom:container-demuxer-webm: 4f35f7cbe854078d1ac9338744f61a02 -> 
  custom:container-muxer-webm: aa71ff27fc2769a1b78a27578f13a17b -> 
  custom:video-decoder-webm-vp8: 9c59270c3fd7afecdb556c50c9e8de78 -> 
  custom:SearchIndexIgnoredProperties: e643bd26f0fe6173181afceb89e7c659 -> 
  custom:AudioImporter_EditorPlatform: d09bf68614088b80899f8185d706f6e7 -> 
  custom:video-encoder-webm-vp8: eb34c28f22e8b96e1ab97ce403110664 -> 
  custom:audio-decoder-ogg-vorbis: bf7c407c2cedff20999df2af8eb42d56 -> 
  custom:audio-encoder-webm-vorbis: bf7c407c2cedff20999df2af8eb42d56 -> 
========================================================================
Received Prepare
Begin MonoManager ReloadAssembly
- Loaded All Assemblies, in  0.363 seconds
Refreshing native plugins compatible for Editor in 4.02 ms, found 4 plugins.
Native extension for WindowsStandalone target not found
[Package Manager] Server::EnsureServerProcessIsRunning -- launch failed, reason: Unity was launched with the -noUpm command-line argument
[Package Manager] UpmClient::Send -- Unable to send message (not connected to UPM process).
[Package Manager] Cannot connect to Unity Package Manager local server
Mono: successfully reloaded assembly
- Finished resetting the current domain, in  0.845 seconds
Domain Reload Profiling: 1206ms
	BeginReloadAssembly (127ms)
		ExecutionOrderSort (0ms)
		DisableScriptedObjects (9ms)
		BackupInstance (0ms)
		ReleaseScriptingObjects (0ms)
		CreateAndSetChildDomain (31ms)
	RebuildCommonClasses (24ms)
	RebuildNativeTypeToScriptingClass (8ms)
	initialDomainReloadingComplete (23ms)
	LoadAllAssembliesAndSetupDomain (178ms)
		LoadAssemblies (229ms)
		RebuildTransferFunctionScriptingTraits (0ms)
		AnalyzeDomain (11ms)
			TypeCache.Refresh (5ms)
				TypeCache.ScanAssembly (0ms)
			ScanForSourceGeneratedMonoScriptInfo (0ms)
			ResolveRequiredComponents (4ms)
	FinalizeReload (846ms)
		ReleaseScriptCaches (0ms)
		RebuildScriptCaches (0ms)
		SetupLoadedEditorAssemblies (384ms)
			LogAssemblyErrors (0ms)
			InitializePlatformSupportModulesInManaged (4ms)
			SetLoadedEditorAssemblies (2ms)
			RefreshPlugins (0ms)
			BeforeProcessingInitializeOnLoad (55ms)
			ProcessInitializeOnLoadAttributes (283ms)
			ProcessInitializeOnLoadMethodAttributes (32ms)
			AfterProcessingInitializeOnLoad (6ms)
			EditorAssembliesLoaded (0ms)
		ExecutionOrderSort2 (0ms)
		AwakeInstancesAfterBackupRestoration (12ms)
Refreshing native plugins compatible for Editor in 4.71 ms, found 4 plugins.
Preloading 0 native plugins for Editor in 0.00 ms.
Unloading 4093 Unused Serialized files (Serialized files now loaded: 0)
Unloading 36 unused Assets / (36.4 KB). Loaded Objects now: 4652.
Memory consumption went from 158.0 MB to 158.0 MB.
Total: 3.695400 ms (FindLiveObjects: 0.372900 ms CreateObjectMapping: 0.224100 ms MarkObjects: 3.005900 ms  DeleteObjects: 0.091300 ms)

Prepare: number of updated asset objects reloaded= 0
AssetImportParameters requested are different than current active one (requested -> active):
  custom:container-demuxer-ogg: 62fdf1f143b41e24485cea50d1cbac27 -> 
  custom:video-codec-MediaFoundation-h265: 746d11721c4dcdbdad8f713fa42b33f4 -> 
  custom:video-decoder-ogg-theora: a1e56fd34408186e4bbccfd4996cb3dc -> 
  custom:framework-win-MediaFoundation: 216162199b28c13a410421893ffa2e32 -> 
  custom:CustomObjectIndexerAttribute: 6d391050e5a25f67b0a2c618074f2cd9 -> 
  custom:container-demuxer-webm: 4f35f7cbe854078d1ac9338744f61a02 -> 
  custom:container-muxer-webm: aa71ff27fc2769a1b78a27578f13a17b -> 
  custom:video-decoder-webm-vp8: 9c59270c3fd7afecdb556c50c9e8de78 -> 
  custom:SearchIndexIgnoredProperties: e643bd26f0fe6173181afceb89e7c659 -> 
  custom:AudioImporter_EditorPlatform: d09bf68614088b80899f8185d706f6e7 -> 
  custom:video-encoder-webm-vp8: eb34c28f22e8b96e1ab97ce403110664 -> 
  custom:audio-decoder-ogg-vorbis: bf7c407c2cedff20999df2af8eb42d56 -> 
  custom:audio-encoder-webm-vorbis: bf7c407c2cedff20999df2af8eb42d56 -> 
========================================================================
Received Prepare
Begin MonoManager ReloadAssembly
- Loaded All Assemblies, in  0.382 seconds
Refreshing native plugins compatible for Editor in 3.94 ms, found 4 plugins.
Native extension for WindowsStandalone target not found
[Package Manager] Server::EnsureServerProcessIsRunning -- launch failed, reason: Unity was launched with the -noUpm command-line argument
[Package Manager] UpmClient::Send -- Unable to send message (not connected to UPM process).
[Package Manager] Cannot connect to Unity Package Manager local server
Mono: successfully reloaded assembly
- Finished resetting the current domain, in  0.934 seconds
Domain Reload Profiling: 1315ms
	BeginReloadAssembly (138ms)
		ExecutionOrderSort (0ms)
		DisableScriptedObjects (10ms)
		BackupInstance (0ms)
		ReleaseScriptingObjects (0ms)
		CreateAndSetChildDomain (32ms)
	RebuildCommonClasses (24ms)
	RebuildNativeTypeToScriptingClass (8ms)
	initialDomainReloadingComplete (24ms)
	LoadAllAssembliesAndSetupDomain (185ms)
		LoadAssemblies (245ms)
		RebuildTransferFunctionScriptingTraits (0ms)
		AnalyzeDomain (11ms)
			TypeCache.Refresh (6ms)
				TypeCache.ScanAssembly (0ms)
			ScanForSourceGeneratedMonoScriptInfo (0ms)
			ResolveRequiredComponents (4ms)
	FinalizeReload (935ms)
		ReleaseScriptCaches (0ms)
		RebuildScriptCaches (0ms)
		SetupLoadedEditorAssemblies (386ms)
			LogAssemblyErrors (0ms)
			InitializePlatformSupportModulesInManaged (6ms)
			SetLoadedEditorAssemblies (3ms)
			RefreshPlugins (0ms)
			BeforeProcessingInitializeOnLoad (67ms)
			ProcessInitializeOnLoadAttributes (273ms)
			ProcessInitializeOnLoadMethodAttributes (31ms)
			AfterProcessingInitializeOnLoad (7ms)
			EditorAssembliesLoaded (0ms)
		ExecutionOrderSort2 (0ms)
		AwakeInstancesAfterBackupRestoration (13ms)
Refreshing native plugins compatible for Editor in 4.98 ms, found 4 plugins.
Preloading 0 native plugins for Editor in 0.00 ms.
Unloading 4093 Unused Serialized files (Serialized files now loaded: 0)
Unloading 36 unused Assets / (35.4 KB). Loaded Objects now: 4656.
Memory consumption went from 159.9 MB to 159.9 MB.
Total: 4.315700 ms (FindLiveObjects: 0.486100 ms CreateObjectMapping: 0.313700 ms MarkObjects: 3.453200 ms  DeleteObjects: 0.062100 ms)

Prepare: number of updated asset objects reloaded= 0
AssetImportParameters requested are different than current active one (requested -> active):
  custom:container-demuxer-ogg: 62fdf1f143b41e24485cea50d1cbac27 -> 
  custom:video-codec-MediaFoundation-h265: 746d11721c4dcdbdad8f713fa42b33f4 -> 
  custom:video-decoder-ogg-theora: a1e56fd34408186e4bbccfd4996cb3dc -> 
  custom:framework-win-MediaFoundation: 216162199b28c13a410421893ffa2e32 -> 
  custom:CustomObjectIndexerAttribute: 6d391050e5a25f67b0a2c618074f2cd9 -> 
  custom:container-demuxer-webm: 4f35f7cbe854078d1ac9338744f61a02 -> 
  custom:container-muxer-webm: aa71ff27fc2769a1b78a27578f13a17b -> 
  custom:video-decoder-webm-vp8: 9c59270c3fd7afecdb556c50c9e8de78 -> 
  custom:SearchIndexIgnoredProperties: e643bd26f0fe6173181afceb89e7c659 -> 
  custom:AudioImporter_EditorPlatform: d09bf68614088b80899f8185d706f6e7 -> 
  custom:video-encoder-webm-vp8: eb34c28f22e8b96e1ab97ce403110664 -> 
  custom:audio-decoder-ogg-vorbis: bf7c407c2cedff20999df2af8eb42d56 -> 
  custom:audio-encoder-webm-vorbis: bf7c407c2cedff20999df2af8eb42d56 -> 
========================================================================
Received Prepare
Begin MonoManager ReloadAssembly
- Loaded All Assemblies, in  0.394 seconds
Refreshing native plugins compatible for Editor in 3.94 ms, found 4 plugins.
Native extension for WindowsStandalone target not found
[Package Manager] Server::EnsureServerProcessIsRunning -- launch failed, reason: Unity was launched with the -noUpm command-line argument
[Package Manager] UpmClient::Send -- Unable to send message (not connected to UPM process).
[Package Manager] Cannot connect to Unity Package Manager local server
Mono: successfully reloaded assembly
- Finished resetting the current domain, in  0.900 seconds
Domain Reload Profiling: 1291ms
	BeginReloadAssembly (136ms)
		ExecutionOrderSort (0ms)
		DisableScriptedObjects (9ms)
		BackupInstance (0ms)
		ReleaseScriptingObjects (0ms)
		CreateAndSetChildDomain (38ms)
	RebuildCommonClasses (25ms)
	RebuildNativeTypeToScriptingClass (8ms)
	initialDomainReloadingComplete (24ms)
	LoadAllAssembliesAndSetupDomain (198ms)
		LoadAssemblies (240ms)
		RebuildTransferFunctionScriptingTraits (0ms)
		AnalyzeDomain (24ms)
			TypeCache.Refresh (10ms)
				TypeCache.ScanAssembly (1ms)
			ScanForSourceGeneratedMonoScriptInfo (8ms)
			ResolveRequiredComponents (5ms)
	FinalizeReload (900ms)
		ReleaseScriptCaches (0ms)
		RebuildScriptCaches (0ms)
		SetupLoadedEditorAssemblies (380ms)
			LogAssemblyErrors (0ms)
			InitializePlatformSupportModulesInManaged (6ms)
			SetLoadedEditorAssemblies (3ms)
			RefreshPlugins (0ms)
			BeforeProcessingInitializeOnLoad (69ms)
			ProcessInitializeOnLoadAttributes (266ms)
			ProcessInitializeOnLoadMethodAttributes (28ms)
			AfterProcessingInitializeOnLoad (7ms)
			EditorAssembliesLoaded (0ms)
		ExecutionOrderSort2 (0ms)
		AwakeInstancesAfterBackupRestoration (13ms)
Refreshing native plugins compatible for Editor in 5.89 ms, found 4 plugins.
Preloading 0 native plugins for Editor in 0.00 ms.
Unloading 4093 Unused Serialized files (Serialized files now loaded: 0)
Unloading 36 unused Assets / (35.3 KB). Loaded Objects now: 4660.
Memory consumption went from 161.9 MB to 161.8 MB.
Total: 3.537900 ms (FindLiveObjects: 0.283800 ms CreateObjectMapping: 0.127600 ms MarkObjects: 3.030100 ms  DeleteObjects: 0.095700 ms)

Prepare: number of updated asset objects reloaded= 0
AssetImportParameters requested are different than current active one (requested -> active):
  custom:container-demuxer-ogg: 62fdf1f143b41e24485cea50d1cbac27 -> 
  custom:video-codec-MediaFoundation-h265: 746d11721c4dcdbdad8f713fa42b33f4 -> 
  custom:video-decoder-ogg-theora: a1e56fd34408186e4bbccfd4996cb3dc -> 
  custom:framework-win-MediaFoundation: 216162199b28c13a410421893ffa2e32 -> 
  custom:CustomObjectIndexerAttribute: 6d391050e5a25f67b0a2c618074f2cd9 -> 
  custom:container-demuxer-webm: 4f35f7cbe854078d1ac9338744f61a02 -> 
  custom:container-muxer-webm: aa71ff27fc2769a1b78a27578f13a17b -> 
  custom:video-decoder-webm-vp8: 9c59270c3fd7afecdb556c50c9e8de78 -> 
  custom:SearchIndexIgnoredProperties: e643bd26f0fe6173181afceb89e7c659 -> 
  custom:AudioImporter_EditorPlatform: d09bf68614088b80899f8185d706f6e7 -> 
  custom:video-encoder-webm-vp8: eb34c28f22e8b96e1ab97ce403110664 -> 
  custom:audio-decoder-ogg-vorbis: bf7c407c2cedff20999df2af8eb42d56 -> 
  custom:audio-encoder-webm-vorbis: bf7c407c2cedff20999df2af8eb42d56 -> 
========================================================================
Received Prepare
Begin MonoManager ReloadAssembly
- Loaded All Assemblies, in  0.372 seconds
Refreshing native plugins compatible for Editor in 3.75 ms, found 4 plugins.
Native extension for WindowsStandalone target not found
[Package Manager] Server::EnsureServerProcessIsRunning -- launch failed, reason: Unity was launched with the -noUpm command-line argument
[Package Manager] UpmClient::Send -- Unable to send message (not connected to UPM process).
[Package Manager] Cannot connect to Unity Package Manager local server
Mono: successfully reloaded assembly
- Finished resetting the current domain, in  0.880 seconds
Domain Reload Profiling: 1249ms
	BeginReloadAssembly (134ms)
		ExecutionOrderSort (0ms)
		DisableScriptedObjects (9ms)
		BackupInstance (0ms)
		ReleaseScriptingObjects (0ms)
		CreateAndSetChildDomain (34ms)
	RebuildCommonClasses (24ms)
	RebuildNativeTypeToScriptingClass (8ms)
	initialDomainReloadingComplete (24ms)
	LoadAllAssembliesAndSetupDomain (179ms)
		LoadAssemblies (233ms)
		RebuildTransferFunctionScriptingTraits (0ms)
		AnalyzeDomain (12ms)
			TypeCache.Refresh (6ms)
				TypeCache.ScanAssembly (0ms)
			ScanForSourceGeneratedMonoScriptInfo (0ms)
			ResolveRequiredComponents (5ms)
	FinalizeReload (880ms)
		ReleaseScriptCaches (0ms)
		RebuildScriptCaches (0ms)
		SetupLoadedEditorAssemblies (406ms)
			LogAssemblyErrors (0ms)
			InitializePlatformSupportModulesInManaged (5ms)
			SetLoadedEditorAssemblies (3ms)
			RefreshPlugins (0ms)
			BeforeProcessingInitializeOnLoad (64ms)
			ProcessInitializeOnLoadAttributes (294ms)
			ProcessInitializeOnLoadMethodAttributes (33ms)
			AfterProcessingInitializeOnLoad (7ms)
			EditorAssembliesLoaded (0ms)
		ExecutionOrderSort2 (0ms)
		AwakeInstancesAfterBackupRestoration (13ms)
Refreshing native plugins compatible for Editor in 5.32 ms, found 4 plugins.
Preloading 0 native plugins for Editor in 0.00 ms.
Unloading 4093 Unused Serialized files (Serialized files now loaded: 0)
Unloading 36 unused Assets / (35.4 KB). Loaded Objects now: 4664.
Memory consumption went from 163.8 MB to 163.7 MB.
Total: 3.027900 ms (FindLiveObjects: 0.355600 ms CreateObjectMapping: 0.092700 ms MarkObjects: 2.521700 ms  DeleteObjects: 0.057400 ms)

Prepare: number of updated asset objects reloaded= 0
AssetImportParameters requested are different than current active one (requested -> active):
  custom:container-demuxer-ogg: 62fdf1f143b41e24485cea50d1cbac27 -> 
  custom:video-codec-MediaFoundation-h265: 746d11721c4dcdbdad8f713fa42b33f4 -> 
  custom:video-decoder-ogg-theora: a1e56fd34408186e4bbccfd4996cb3dc -> 
  custom:framework-win-MediaFoundation: 216162199b28c13a410421893ffa2e32 -> 
  custom:CustomObjectIndexerAttribute: 6d391050e5a25f67b0a2c618074f2cd9 -> 
  custom:container-demuxer-webm: 4f35f7cbe854078d1ac9338744f61a02 -> 
  custom:container-muxer-webm: aa71ff27fc2769a1b78a27578f13a17b -> 
  custom:video-decoder-webm-vp8: 9c59270c3fd7afecdb556c50c9e8de78 -> 
  custom:SearchIndexIgnoredProperties: e643bd26f0fe6173181afceb89e7c659 -> 
  custom:AudioImporter_EditorPlatform: d09bf68614088b80899f8185d706f6e7 -> 
  custom:video-encoder-webm-vp8: eb34c28f22e8b96e1ab97ce403110664 -> 
  custom:audio-decoder-ogg-vorbis: bf7c407c2cedff20999df2af8eb42d56 -> 
  custom:audio-encoder-webm-vorbis: bf7c407c2cedff20999df2af8eb42d56 -> 
========================================================================
Received Prepare
Begin MonoManager ReloadAssembly
- Loaded All Assemblies, in  0.369 seconds
Refreshing native plugins compatible for Editor in 3.84 ms, found 4 plugins.
Native extension for WindowsStandalone target not found
[Package Manager] Server::EnsureServerProcessIsRunning -- launch failed, reason: Unity was launched with the -noUpm command-line argument
[Package Manager] UpmClient::Send -- Unable to send message (not connected to UPM process).
[Package Manager] Cannot connect to Unity Package Manager local server
Mono: successfully reloaded assembly
- Finished resetting the current domain, in  0.905 seconds
Domain Reload Profiling: 1272ms
	BeginReloadAssembly (137ms)
		ExecutionOrderSort (0ms)
		DisableScriptedObjects (9ms)
		BackupInstance (0ms)
		ReleaseScriptingObjects (0ms)
		CreateAndSetChildDomain (32ms)
	RebuildCommonClasses (25ms)
	RebuildNativeTypeToScriptingClass (8ms)
	initialDomainReloadingComplete (23ms)
	LoadAllAssembliesAndSetupDomain (174ms)
		LoadAssemblies (230ms)
		RebuildTransferFunctionScriptingTraits (0ms)
		AnalyzeDomain (11ms)
			TypeCache.Refresh (6ms)
				TypeCache.ScanAssembly (0ms)
			ScanForSourceGeneratedMonoScriptInfo (0ms)
			ResolveRequiredComponents (4ms)
	FinalizeReload (906ms)
		ReleaseScriptCaches (0ms)
		RebuildScriptCaches (0ms)
		SetupLoadedEditorAssemblies (407ms)
			LogAssemblyErrors (0ms)
			InitializePlatformSupportModulesInManaged (5ms)
			SetLoadedEditorAssemblies (3ms)
			RefreshPlugins (0ms)
			BeforeProcessingInitializeOnLoad (70ms)
			ProcessInitializeOnLoadAttributes (291ms)
			ProcessInitializeOnLoadMethodAttributes (32ms)
			AfterProcessingInitializeOnLoad (6ms)
			EditorAssembliesLoaded (0ms)
		ExecutionOrderSort2 (0ms)
		AwakeInstancesAfterBackupRestoration (13ms)
Refreshing native plugins compatible for Editor in 5.26 ms, found 4 plugins.
Preloading 0 native plugins for Editor in 0.00 ms.
Unloading 4093 Unused Serialized files (Serialized files now loaded: 0)
Unloading 36 unused Assets / (35.4 KB). Loaded Objects now: 4668.
Memory consumption went from 165.7 MB to 165.7 MB.
Total: 3.792400 ms (FindLiveObjects: 0.404400 ms CreateObjectMapping: 0.395200 ms MarkObjects: 2.927200 ms  DeleteObjects: 0.065100 ms)

Prepare: number of updated asset objects reloaded= 0
AssetImportParameters requested are different than current active one (requested -> active):
  custom:container-demuxer-ogg: 62fdf1f143b41e24485cea50d1cbac27 -> 
  custom:video-codec-MediaFoundation-h265: 746d11721c4dcdbdad8f713fa42b33f4 -> 
  custom:video-decoder-ogg-theora: a1e56fd34408186e4bbccfd4996cb3dc -> 
  custom:framework-win-MediaFoundation: 216162199b28c13a410421893ffa2e32 -> 
  custom:CustomObjectIndexerAttribute: 6d391050e5a25f67b0a2c618074f2cd9 -> 
  custom:container-demuxer-webm: 4f35f7cbe854078d1ac9338744f61a02 -> 
  custom:container-muxer-webm: aa71ff27fc2769a1b78a27578f13a17b -> 
  custom:video-decoder-webm-vp8: 9c59270c3fd7afecdb556c50c9e8de78 -> 
  custom:SearchIndexIgnoredProperties: e643bd26f0fe6173181afceb89e7c659 -> 
  custom:AudioImporter_EditorPlatform: d09bf68614088b80899f8185d706f6e7 -> 
  custom:video-encoder-webm-vp8: eb34c28f22e8b96e1ab97ce403110664 -> 
  custom:audio-decoder-ogg-vorbis: bf7c407c2cedff20999df2af8eb42d56 -> 
  custom:audio-encoder-webm-vorbis: bf7c407c2cedff20999df2af8eb42d56 -> 
========================================================================
Received Import Request.
  Time since last request: 4061.285810 seconds.
  path: Assets/Graphics/Enemies
  artifactKey: Guid(2c4ccef91109eeb428353c13838afb41) Importer(815301076,1909f56bfc062723c751e8b465ee728b)
Start importing Assets/Graphics/Enemies using Guid(2c4ccef91109eeb428353c13838afb41) Importer(815301076,1909f56bfc062723c751e8b465ee728b)  -> (artifact id: '7192cb39e8be6d06023ea77f656dc532') in 0.003476 seconds
Number of updated asset objects reloaded before import = 0
Number of asset objects unloaded after import = 0
========================================================================
Received Import Request.
  Time since last request: 0.423959 seconds.
  path: Assets/Graphics/Enemies/ghostdeatheyes.png
  artifactKey: Guid(f36f163bd47700a48ab812264a12c39c) Importer(815301076,1909f56bfc062723c751e8b465ee728b)
Start importing Assets/Graphics/Enemies/ghostdeatheyes.png using Guid(f36f163bd47700a48ab812264a12c39c) Importer(815301076,1909f56bfc062723c751e8b465ee728b)  -> (artifact id: '747e95a66b92de0a9e81c8adea3804d5') in 0.059445 seconds
Number of updated asset objects reloaded before import = 0
Number of asset objects unloaded after import = 3
========================================================================
Received Import Request.
  Time since last request: 22.752440 seconds.
  path: Assets/Graphics/Enemies/eyeballBloodTexture.png
  artifactKey: Guid(9302099a004783440bdbfe81aa9d97c6) Importer(815301076,1909f56bfc062723c751e8b465ee728b)
Start importing Assets/Graphics/Enemies/eyeballBloodTexture.png using Guid(9302099a004783440bdbfe81aa9d97c6) Importer(815301076,1909f56bfc062723c751e8b465ee728b)  -> (artifact id: '9d05b6496266d340e60d344d02dba607') in 0.020117 seconds
Number of updated asset objects reloaded before import = 0
Number of asset objects unloaded after import = 3
========================================================================
Received Import Request.
  Time since last request: 0.000019 seconds.
  path: Assets/Graphics/Enemies/eyeballMainTexture.png
  artifactKey: Guid(6236f151db9851746bea52149379393c) Importer(815301076,1909f56bfc062723c751e8b465ee728b)
Start importing Assets/Graphics/Enemies/eyeballMainTexture.png using Guid(6236f151db9851746bea52149379393c) Importer(815301076,1909f56bfc062723c751e8b465ee728b)  -> (artifact id: '229473397dfc6d83f979bbed2b50b8a8') in 0.018849 seconds
Number of updated asset objects reloaded before import = 0
Number of asset objects unloaded after import = 3
========================================================================
Received Import Request.
  Time since last request: 415.493692 seconds.
  path: Assets/Graphics/Enemies/Eyeball.blend
  artifactKey: Guid(720149ab0ede5f947a174db7647dc54f) Importer(815301076,1909f56bfc062723c751e8b465ee728b)
Start importing Assets/Graphics/Enemies/Eyeball.blend using Guid(720149ab0ede5f947a174db7647dc54f) Importer(815301076,1909f56bfc062723c751e8b465ee728b)  -> (artifact id: '31e9e209e26670770d995ce553f0c36a') in 0.056145 seconds
Number of updated asset objects reloaded before import = 0
Number of asset objects unloaded after import = 7
========================================================================
Received Import Request.
  Time since last request: 144.710628 seconds.
  path: Assets/Graphics/Enemies/Eyeball.shader
  artifactKey: Guid(7f6359dd1e91c4945b429d8f6fe6378c) Importer(815301076,1909f56bfc062723c751e8b465ee728b)
Start importing Assets/Graphics/Enemies/Eyeball.shader using Guid(7f6359dd1e91c4945b429d8f6fe6378c) Importer(815301076,1909f56bfc062723c751e8b465ee728b)  -> (artifact id: '67144c2e2a72f572aa27dbb06572f05d') in 0.002484 seconds
Number of updated asset objects reloaded before import = 0
Number of asset objects unloaded after import = 1
========================================================================
Received Import Request.
  Time since last request: 340.146872 seconds.
  path: Assets/Graphics/Enemies/Eyeball.shader
  artifactKey: Guid(7f6359dd1e91c4945b429d8f6fe6378c) Importer(815301076,1909f56bfc062723c751e8b465ee728b)
Start importing Assets/Graphics/Enemies/Eyeball.shader using Guid(7f6359dd1e91c4945b429d8f6fe6378c) Importer(815301076,1909f56bfc062723c751e8b465ee728b)  -> (artifact id: '3f89840b64770b457e45506c8a40180c') in 0.001299 seconds
Number of updated asset objects reloaded before import = 0
Number of asset objects unloaded after import = 1
========================================================================
Received Import Request.
  Time since last request: 92.440688 seconds.
  path: Assets/Graphics/Enemies/Eyeball.shader
  artifactKey: Guid(7f6359dd1e91c4945b429d8f6fe6378c) Importer(815301076,1909f56bfc062723c751e8b465ee728b)
Start importing Assets/Graphics/Enemies/Eyeball.shader using Guid(7f6359dd1e91c4945b429d8f6fe6378c) Importer(815301076,1909f56bfc062723c751e8b465ee728b)  -> (artifact id: 'e7379822ef3dc6adfe6ce0d053041399') in 0.001208 seconds
Number of updated asset objects reloaded before import = 0
Number of asset objects unloaded after import = 1
========================================================================
Received Import Request.
  Time since last request: 101.879864 seconds.
  path: Assets/Graphics/Enemies/Eyeball.shader
  artifactKey: Guid(7f6359dd1e91c4945b429d8f6fe6378c) Importer(815301076,1909f56bfc062723c751e8b465ee728b)
Start importing Assets/Graphics/Enemies/Eyeball.shader using Guid(7f6359dd1e91c4945b429d8f6fe6378c) Importer(815301076,1909f56bfc062723c751e8b465ee728b)  -> (artifact id: '3113246c047d2ebb14862243a43247a8') in 0.001305 seconds
Number of updated asset objects reloaded before import = 0
Number of asset objects unloaded after import = 1
========================================================================
Received Import Request.
  Time since last request: 836.798062 seconds.
  path: Assets/Graphics/Enemies/eyeballPupilTexture 1.png
  artifactKey: Guid(f3735b4b68ee21f46ac0e1cbb36fe506) Importer(815301076,1909f56bfc062723c751e8b465ee728b)
Start importing Assets/Graphics/Enemies/eyeballPupilTexture 1.png using Guid(f3735b4b68ee21f46ac0e1cbb36fe506) Importer(815301076,1909f56bfc062723c751e8b465ee728b)  -> (artifact id: '4ef6a99646c0d8a89a042c785e9844c7') in 0.022385 seconds
Number of updated asset objects reloaded before import = 0
Number of asset objects unloaded after import = 3
========================================================================
Received Import Request.
  Time since last request: 14.950799 seconds.
  path: Assets/Graphics/Enemies/eyeballPupilTexture.png
  artifactKey: Guid(f3735b4b68ee21f46ac0e1cbb36fe506) Importer(815301076,1909f56bfc062723c751e8b465ee728b)
Start importing Assets/Graphics/Enemies/eyeballPupilTexture.png using Guid(f3735b4b68ee21f46ac0e1cbb36fe506) Importer(815301076,1909f56bfc062723c751e8b465ee728b)  -> (artifact id: '632be30fe0d53ecc0be1ce0e7f7fc6a6') in 0.024295 seconds
Number of updated asset objects reloaded before import = 0
Number of asset objects unloaded after import = 3
========================================================================
Received Import Request.
  Time since last request: 8.085604 seconds.
  path: Assets/Graphics/Enemies/eyeballPupilTexture.png
  artifactKey: Guid(f3735b4b68ee21f46ac0e1cbb36fe506) Importer(815301076,1909f56bfc062723c751e8b465ee728b)
Start importing Assets/Graphics/Enemies/eyeballPupilTexture.png using Guid(f3735b4b68ee21f46ac0e1cbb36fe506) Importer(815301076,1909f56bfc062723c751e8b465ee728b)  -> (artifact id: '6af9cb057a63baa6aff029f63525c604') in 0.021581 seconds
Number of updated asset objects reloaded before import = 0
Number of asset objects unloaded after import = 3
========================================================================
Received Import Request.
  Time since last request: 13.961400 seconds.
  path: Assets/Graphics/Enemies/eyeballMainTexture.png
  artifactKey: Guid(6236f151db9851746bea52149379393c) Importer(815301076,1909f56bfc062723c751e8b465ee728b)
Start importing Assets/Graphics/Enemies/eyeballMainTexture.png using Guid(6236f151db9851746bea52149379393c) Importer(815301076,1909f56bfc062723c751e8b465ee728b)  -> (artifact id: 'b4971dadcd24fe260e12678e8910ad9f') in 0.019507 seconds
Number of updated asset objects reloaded before import = 0
Number of asset objects unloaded after import = 3
========================================================================
Received Import Request.
  Time since last request: 3.657575 seconds.
  path: Assets/Graphics/Enemies/eyeballMainTexture.png
  artifactKey: Guid(6236f151db9851746bea52149379393c) Importer(815301076,1909f56bfc062723c751e8b465ee728b)
Start importing Assets/Graphics/Enemies/eyeballMainTexture.png using Guid(6236f151db9851746bea52149379393c) Importer(815301076,1909f56bfc062723c751e8b465ee728b)  -> (artifact id: 'bd8967ffd759a448bd3c8e3b278833b2') in 0.018204 seconds
Number of updated asset objects reloaded before import = 0
Number of asset objects unloaded after import = 2
========================================================================
Received Import Request.
  Time since last request: 2.081743 seconds.
  path: Assets/Graphics/Enemies/eyeballMainTexture.png
  artifactKey: Guid(6236f151db9851746bea52149379393c) Importer(815301076,1909f56bfc062723c751e8b465ee728b)
Start importing Assets/Graphics/Enemies/eyeballMainTexture.png using Guid(6236f151db9851746bea52149379393c) Importer(815301076,1909f56bfc062723c751e8b465ee728b)  -> (artifact id: '1e8748f76785d0c1dde9ae80c8670890') in 0.018159 seconds
Number of updated asset objects reloaded before import = 0
Number of asset objects unloaded after import = 2
========================================================================
Received Import Request.
  Time since last request: 8.218543 seconds.
  path: Assets/Graphics/Enemies/eyeballPupilTexture.png
  artifactKey: Guid(f3735b4b68ee21f46ac0e1cbb36fe506) Importer(815301076,1909f56bfc062723c751e8b465ee728b)
Start importing Assets/Graphics/Enemies/eyeballPupilTexture.png using Guid(f3735b4b68ee21f46ac0e1cbb36fe506) Importer(815301076,1909f56bfc062723c751e8b465ee728b)  -> (artifact id: 'cb4d22b602113f4d443bce02614865de') in 0.017516 seconds
Number of updated asset objects reloaded before import = 0
Number of asset objects unloaded after import = 2
========================================================================
Received Import Request.
  Time since last request: 9.312808 seconds.
  path: Assets/Graphics/Enemies/eyeballIrisTexture.png
  artifactKey: Guid(00f4839728f19474dabff7dd0887a298) Importer(815301076,1909f56bfc062723c751e8b465ee728b)
Start importing Assets/Graphics/Enemies/eyeballIrisTexture.png using Guid(00f4839728f19474dabff7dd0887a298) Importer(815301076,1909f56bfc062723c751e8b465ee728b)  -> (artifact id: '5ca267980de198f476fd50a46d984401') in 0.017375 seconds
Number of updated asset objects reloaded before import = 0
Number of asset objects unloaded after import = 2
========================================================================
Received Import Request.
  Time since last request: 5.026475 seconds.
  path: Assets/Graphics/Enemies/eyeballBloodTexture.png
  artifactKey: Guid(9302099a004783440bdbfe81aa9d97c6) Importer(815301076,1909f56bfc062723c751e8b465ee728b)
Start importing Assets/Graphics/Enemies/eyeballBloodTexture.png using Guid(9302099a004783440bdbfe81aa9d97c6) Importer(815301076,1909f56bfc062723c751e8b465ee728b)  -> (artifact id: '96cc81fd2214c07fbeb367e55c2cd0fe') in 0.017361 seconds
Number of updated asset objects reloaded before import = 0
Number of asset objects unloaded after import = 2
========================================================================
Received Import Request.
  Time since last request: 40.712608 seconds.
  path: Assets/Graphics/Enemies/Eyeball.shader
  artifactKey: Guid(7f6359dd1e91c4945b429d8f6fe6378c) Importer(815301076,1909f56bfc062723c751e8b465ee728b)
Start importing Assets/Graphics/Enemies/Eyeball.shader using Guid(7f6359dd1e91c4945b429d8f6fe6378c) Importer(815301076,1909f56bfc062723c751e8b465ee728b)  -> (artifact id: '5218614719bcbb17df54e7892a42da6e') in 0.001499 seconds
Number of updated asset objects reloaded before import = 0
Number of asset objects unloaded after import = 1
========================================================================
Received Import Request.
  Time since last request: 27.628451 seconds.
  path: Assets/Graphics/Enemies/Eyeball.shader
  artifactKey: Guid(7f6359dd1e91c4945b429d8f6fe6378c) Importer(815301076,1909f56bfc062723c751e8b465ee728b)
Start importing Assets/Graphics/Enemies/Eyeball.shader using Guid(7f6359dd1e91c4945b429d8f6fe6378c) Importer(815301076,1909f56bfc062723c751e8b465ee728b)  -> (artifact id: 'd979b0e2cdf85eadd82d34f63fa2c930') in 0.001647 seconds
Number of updated asset objects reloaded before import = 0
Number of asset objects unloaded after import = 1
========================================================================
Received Import Request.
  Time since last request: 436.951380 seconds.
  path: Assets/Graphics/Enemies/Eyeball.shader
  artifactKey: Guid(7f6359dd1e91c4945b429d8f6fe6378c) Importer(815301076,1909f56bfc062723c751e8b465ee728b)
Start importing Assets/Graphics/Enemies/Eyeball.shader using Guid(7f6359dd1e91c4945b429d8f6fe6378c) Importer(815301076,1909f56bfc062723c751e8b465ee728b)  -> (artifact id: 'd031737ddd8cd280089eedbbf4e3652e') in 0.001265 seconds
Number of updated asset objects reloaded before import = 0
Number of asset objects unloaded after import = 1
========================================================================
Received Import Request.
  Time since last request: 14.159001 seconds.
  path: Assets/Graphics/Enemies/Eyeball.shader
  artifactKey: Guid(7f6359dd1e91c4945b429d8f6fe6378c) Importer(815301076,1909f56bfc062723c751e8b465ee728b)
Start importing Assets/Graphics/Enemies/Eyeball.shader using Guid(7f6359dd1e91c4945b429d8f6fe6378c) Importer(815301076,1909f56bfc062723c751e8b465ee728b)  -> (artifact id: '0587e196adfe355ce0e50d5e4841b1c6') in 0.001185 seconds
Number of updated asset objects reloaded before import = 0
Number of asset objects unloaded after import = 1
========================================================================
Received Import Request.
  Time since last request: 19.382313 seconds.
  path: Assets/Graphics/Enemies/Eyeball.shader
  artifactKey: Guid(7f6359dd1e91c4945b429d8f6fe6378c) Importer(815301076,1909f56bfc062723c751e8b465ee728b)
Start importing Assets/Graphics/Enemies/Eyeball.shader using Guid(7f6359dd1e91c4945b429d8f6fe6378c) Importer(815301076,1909f56bfc062723c751e8b465ee728b)  -> (artifact id: 'c8c1b4d23b47876490ada333bfaf012e') in 0.001171 seconds
Number of updated asset objects reloaded before import = 0
Number of asset objects unloaded after import = 1
========================================================================
Received Import Request.
  Time since last request: 16.078108 seconds.
  path: Assets/Graphics/Enemies/Eyeball.shader
  artifactKey: Guid(7f6359dd1e91c4945b429d8f6fe6378c) Importer(815301076,1909f56bfc062723c751e8b465ee728b)
Start importing Assets/Graphics/Enemies/Eyeball.shader using Guid(7f6359dd1e91c4945b429d8f6fe6378c) Importer(815301076,1909f56bfc062723c751e8b465ee728b)  -> (artifact id: 'bdfe62bf92be862d586d5040d31e586c') in 0.001071 seconds
Number of updated asset objects reloaded before import = 0
Number of asset objects unloaded after import = 1
========================================================================
Received Import Request.
  Time since last request: 16.225000 seconds.
  path: Assets/Graphics/Enemies/Eyeball.shader
  artifactKey: Guid(7f6359dd1e91c4945b429d8f6fe6378c) Importer(815301076,1909f56bfc062723c751e8b465ee728b)
Start importing Assets/Graphics/Enemies/Eyeball.shader using Guid(7f6359dd1e91c4945b429d8f6fe6378c) Importer(815301076,1909f56bfc062723c751e8b465ee728b)  -> (artifact id: 'f439d5a09cbb0696239cc48f7ffa8cd7') in 0.001094 seconds
Number of updated asset objects reloaded before import = 0
Number of asset objects unloaded after import = 1
========================================================================
Received Import Request.
  Time since last request: 33.583925 seconds.
  path: Assets/Graphics/Enemies/Eyeball.shader
  artifactKey: Guid(7f6359dd1e91c4945b429d8f6fe6378c) Importer(815301076,1909f56bfc062723c751e8b465ee728b)
Start importing Assets/Graphics/Enemies/Eyeball.shader using Guid(7f6359dd1e91c4945b429d8f6fe6378c) Importer(815301076,1909f56bfc062723c751e8b465ee728b)  -> (artifact id: 'fce9456b317b08441d603d9b1ae8e44c') in 0.001406 seconds
Number of updated asset objects reloaded before import = 0
Number of asset objects unloaded after import = 1
========================================================================
Received Import Request.
  Time since last request: 4.328534 seconds.
  path: Assets/Graphics/Enemies/Eyeball.shader
  artifactKey: Guid(7f6359dd1e91c4945b429d8f6fe6378c) Importer(815301076,1909f56bfc062723c751e8b465ee728b)
Start importing Assets/Graphics/Enemies/Eyeball.shader using Guid(7f6359dd1e91c4945b429d8f6fe6378c) Importer(815301076,1909f56bfc062723c751e8b465ee728b)  -> (artifact id: '2d9c9fa65fc5724b25aaba99121b35c4') in 0.001921 seconds
Number of updated asset objects reloaded before import = 0
Number of asset objects unloaded after import = 1
========================================================================
Received Import Request.
  Time since last request: 36.104114 seconds.
  path: Assets/Graphics/Enemies/Eyeball.shader
  artifactKey: Guid(7f6359dd1e91c4945b429d8f6fe6378c) Importer(815301076,1909f56bfc062723c751e8b465ee728b)
Start importing Assets/Graphics/Enemies/Eyeball.shader using Guid(7f6359dd1e91c4945b429d8f6fe6378c) Importer(815301076,1909f56bfc062723c751e8b465ee728b)  -> (artifact id: '2a3cb42a4c9df89a3b7382856bdb5bb8') in 0.001162 seconds
Number of updated asset objects reloaded before import = 0
Number of asset objects unloaded after import = 1
========================================================================
Received Import Request.
  Time since last request: 37.513181 seconds.
  path: Assets/Graphics/Enemies/Eyeball.shader
  artifactKey: Guid(7f6359dd1e91c4945b429d8f6fe6378c) Importer(815301076,1909f56bfc062723c751e8b465ee728b)
Start importing Assets/Graphics/Enemies/Eyeball.shader using Guid(7f6359dd1e91c4945b429d8f6fe6378c) Importer(815301076,1909f56bfc062723c751e8b465ee728b)  -> (artifact id: '76ed7d0871377267ae9f9ac1a38868da') in 0.001435 seconds
Number of updated asset objects reloaded before import = 0
Number of asset objects unloaded after import = 1
========================================================================
Received Import Request.
  Time since last request: 37.557398 seconds.
  path: Assets/Graphics/Enemies/Eyeball.shader
  artifactKey: Guid(7f6359dd1e91c4945b429d8f6fe6378c) Importer(815301076,1909f56bfc062723c751e8b465ee728b)
Start importing Assets/Graphics/Enemies/Eyeball.shader using Guid(7f6359dd1e91c4945b429d8f6fe6378c) Importer(815301076,1909f56bfc062723c751e8b465ee728b)  -> (artifact id: '6944b04d118ace0144a06f42ff76c286') in 0.001623 seconds
Number of updated asset objects reloaded before import = 0
Number of asset objects unloaded after import = 1
========================================================================
Received Import Request.
  Time since last request: 18.855629 seconds.
  path: Assets/Graphics/Enemies/Eyeball.shader
  artifactKey: Guid(7f6359dd1e91c4945b429d8f6fe6378c) Importer(815301076,1909f56bfc062723c751e8b465ee728b)
Start importing Assets/Graphics/Enemies/Eyeball.shader using Guid(7f6359dd1e91c4945b429d8f6fe6378c) Importer(815301076,1909f56bfc062723c751e8b465ee728b)  -> (artifact id: '257b8224b360e8c8908b7a93c2262f8b') in 0.001066 seconds
Number of updated asset objects reloaded before import = 0
Number of asset objects unloaded after import = 1
========================================================================
Received Import Request.
  Time since last request: 13.583878 seconds.
  path: Assets/Graphics/Enemies/Eyeball.shader
  artifactKey: Guid(7f6359dd1e91c4945b429d8f6fe6378c) Importer(815301076,1909f56bfc062723c751e8b465ee728b)
Start importing Assets/Graphics/Enemies/Eyeball.shader using Guid(7f6359dd1e91c4945b429d8f6fe6378c) Importer(815301076,1909f56bfc062723c751e8b465ee728b)  -> (artifact id: '2690e2a149072ce0fc42ad0e0c51b7c7') in 0.001372 seconds
Number of updated asset objects reloaded before import = 0
Number of asset objects unloaded after import = 1
========================================================================
Received Import Request.
  Time since last request: 4.891151 seconds.
  path: Assets/Graphics/Enemies/Eyeball.shader
  artifactKey: Guid(7f6359dd1e91c4945b429d8f6fe6378c) Importer(815301076,1909f56bfc062723c751e8b465ee728b)
Start importing Assets/Graphics/Enemies/Eyeball.shader using Guid(7f6359dd1e91c4945b429d8f6fe6378c) Importer(815301076,1909f56bfc062723c751e8b465ee728b)  -> (artifact id: 'cd6ede057dcf42c022f961f8a0244921') in 0.001063 seconds
Number of updated asset objects reloaded before import = 0
Number of asset objects unloaded after import = 1
========================================================================
Received Import Request.
  Time since last request: 114.757876 seconds.
  path: Assets/Graphics/Enemies/Eyeball.shader
  artifactKey: Guid(7f6359dd1e91c4945b429d8f6fe6378c) Importer(815301076,1909f56bfc062723c751e8b465ee728b)
Start importing Assets/Graphics/Enemies/Eyeball.shader using Guid(7f6359dd1e91c4945b429d8f6fe6378c) Importer(815301076,1909f56bfc062723c751e8b465ee728b)  -> (artifact id: '214f03698b424215e17a3763f13ac4af') in 0.001186 seconds
Number of updated asset objects reloaded before import = 0
Number of asset objects unloaded after import = 1
========================================================================
Received Import Request.
  Time since last request: 13.538928 seconds.
  path: Assets/Graphics/Enemies/Eyeball.shader
  artifactKey: Guid(7f6359dd1e91c4945b429d8f6fe6378c) Importer(815301076,1909f56bfc062723c751e8b465ee728b)
Start importing Assets/Graphics/Enemies/Eyeball.shader using Guid(7f6359dd1e91c4945b429d8f6fe6378c) Importer(815301076,1909f56bfc062723c751e8b465ee728b)  -> (artifact id: '8199289c3c4d9d3d27456a8a1dd53255') in 0.001159 seconds
Number of updated asset objects reloaded before import = 0
Number of asset objects unloaded after import = 1
========================================================================
Received Import Request.
  Time since last request: 29.719002 seconds.
  path: Assets/Graphics/Enemies/Eyeball.shader
  artifactKey: Guid(7f6359dd1e91c4945b429d8f6fe6378c) Importer(815301076,1909f56bfc062723c751e8b465ee728b)
Start importing Assets/Graphics/Enemies/Eyeball.shader using Guid(7f6359dd1e91c4945b429d8f6fe6378c) Importer(815301076,1909f56bfc062723c751e8b465ee728b)  -> (artifact id: 'bdc3bfbb163f57b1d0d15bea0cb66fd2') in 0.001740 seconds
Number of updated asset objects reloaded before import = 0
Number of asset objects unloaded after import = 1
========================================================================
Received Import Request.
  Time since last request: 1.092969 seconds.
  path: Assets/Graphics/Enemies/Eyeball.shader
  artifactKey: Guid(7f6359dd1e91c4945b429d8f6fe6378c) Importer(815301076,1909f56bfc062723c751e8b465ee728b)
Start importing Assets/Graphics/Enemies/Eyeball.shader using Guid(7f6359dd1e91c4945b429d8f6fe6378c) Importer(815301076,1909f56bfc062723c751e8b465ee728b)  -> (artifact id: 'f7b6354a42c861b164aebe457e1cba9e') in 0.001475 seconds
Number of updated asset objects reloaded before import = 0
Number of asset objects unloaded after import = 1
========================================================================
Received Import Request.
  Time since last request: 55.836302 seconds.
  path: Assets/Graphics/Enemies/Eyeball.shader
  artifactKey: Guid(7f6359dd1e91c4945b429d8f6fe6378c) Importer(815301076,1909f56bfc062723c751e8b465ee728b)
Start importing Assets/Graphics/Enemies/Eyeball.shader using Guid(7f6359dd1e91c4945b429d8f6fe6378c) Importer(815301076,1909f56bfc062723c751e8b465ee728b)  -> (artifact id: 'f8a88470f56bc9715dc3025df8f27577') in 0.001492 seconds
Number of updated asset objects reloaded before import = 0
Number of asset objects unloaded after import = 1
========================================================================
Received Import Request.
  Time since last request: 33.602499 seconds.
  path: Assets/Graphics/Enemies/Eyeball.shader
  artifactKey: Guid(7f6359dd1e91c4945b429d8f6fe6378c) Importer(815301076,1909f56bfc062723c751e8b465ee728b)
Start importing Assets/Graphics/Enemies/Eyeball.shader using Guid(7f6359dd1e91c4945b429d8f6fe6378c) Importer(815301076,1909f56bfc062723c751e8b465ee728b)  -> (artifact id: '2a51382f3a91e8d090286637f287fb68') in 0.001171 seconds
Number of updated asset objects reloaded before import = 0
Number of asset objects unloaded after import = 1
========================================================================
Received Import Request.
  Time since last request: 508.076917 seconds.
  path: Assets/Graphics/Enemies/Eyeball.shader
  artifactKey: Guid(7f6359dd1e91c4945b429d8f6fe6378c) Importer(815301076,1909f56bfc062723c751e8b465ee728b)
Start importing Assets/Graphics/Enemies/Eyeball.shader using Guid(7f6359dd1e91c4945b429d8f6fe6378c) Importer(815301076,1909f56bfc062723c751e8b465ee728b)  -> (artifact id: '433391eb52458b1078c3efc472789ccd') in 0.001684 seconds
Number of updated asset objects reloaded before import = 0
Number of asset objects unloaded after import = 1
========================================================================
Received Import Request.
  Time since last request: 118.516653 seconds.
  path: Assets/Graphics/Enemies/Eyeball.shader
  artifactKey: Guid(7f6359dd1e91c4945b429d8f6fe6378c) Importer(815301076,1909f56bfc062723c751e8b465ee728b)
Start importing Assets/Graphics/Enemies/Eyeball.shader using Guid(7f6359dd1e91c4945b429d8f6fe6378c) Importer(815301076,1909f56bfc062723c751e8b465ee728b)  -> (artifact id: 'fe854267db86c0565c35398bce5764ea') in 0.001430 seconds
Number of updated asset objects reloaded before import = 0
Number of asset objects unloaded after import = 1
========================================================================
Received Import Request.
  Time since last request: 64.367679 seconds.
  path: Assets/Graphics/Enemies/Eyeball.shader
  artifactKey: Guid(7f6359dd1e91c4945b429d8f6fe6378c) Importer(815301076,1909f56bfc062723c751e8b465ee728b)
Start importing Assets/Graphics/Enemies/Eyeball.shader using Guid(7f6359dd1e91c4945b429d8f6fe6378c) Importer(815301076,1909f56bfc062723c751e8b465ee728b)  -> (artifact id: 'c6bb48cbd42b46d3da72301b856e60b8') in 0.001360 seconds
Number of updated asset objects reloaded before import = 0
Number of asset objects unloaded after import = 1
========================================================================
Received Import Request.
  Time since last request: 87.930166 seconds.
  path: Assets/Graphics/Enemies/Eyeball.shader
  artifactKey: Guid(7f6359dd1e91c4945b429d8f6fe6378c) Importer(815301076,1909f56bfc062723c751e8b465ee728b)
Start importing Assets/Graphics/Enemies/Eyeball.shader using Guid(7f6359dd1e91c4945b429d8f6fe6378c) Importer(815301076,1909f56bfc062723c751e8b465ee728b)  -> (artifact id: '38c16e69b88102050c6c03155394ad69') in 0.001613 seconds
Number of updated asset objects reloaded before import = 0
Number of asset objects unloaded after import = 1
========================================================================
Received Import Request.
  Time since last request: 23.344348 seconds.
  path: Assets/Graphics/Enemies/Eyeball.shader
  artifactKey: Guid(7f6359dd1e91c4945b429d8f6fe6378c) Importer(815301076,1909f56bfc062723c751e8b465ee728b)
Start importing Assets/Graphics/Enemies/Eyeball.shader using Guid(7f6359dd1e91c4945b429d8f6fe6378c) Importer(815301076,1909f56bfc062723c751e8b465ee728b)  -> (artifact id: 'db3f48f146077f019d5b7b70bd1ead73') in 0.001322 seconds
Number of updated asset objects reloaded before import = 0
Number of asset objects unloaded after import = 1
========================================================================
Received Import Request.
  Time since last request: 8.687535 seconds.
  path: Assets/Graphics/Enemies/Eyeball.shader
  artifactKey: Guid(7f6359dd1e91c4945b429d8f6fe6378c) Importer(815301076,1909f56bfc062723c751e8b465ee728b)
Start importing Assets/Graphics/Enemies/Eyeball.shader using Guid(7f6359dd1e91c4945b429d8f6fe6378c) Importer(815301076,1909f56bfc062723c751e8b465ee728b)  -> (artifact id: 'a70c9c7d9028993ec87639bf292555ed') in 0.001444 seconds
Number of updated asset objects reloaded before import = 0
Number of asset objects unloaded after import = 1
========================================================================
Received Import Request.
  Time since last request: 15.760547 seconds.
  path: Assets/Graphics/Enemies/Eyeball.shader
  artifactKey: Guid(7f6359dd1e91c4945b429d8f6fe6378c) Importer(815301076,1909f56bfc062723c751e8b465ee728b)
Start importing Assets/Graphics/Enemies/Eyeball.shader using Guid(7f6359dd1e91c4945b429d8f6fe6378c) Importer(815301076,1909f56bfc062723c751e8b465ee728b)  -> (artifact id: 'f5d1199489a82bf27c3559c52ddfe467') in 0.001620 seconds
Number of updated asset objects reloaded before import = 0
Number of asset objects unloaded after import = 1
========================================================================
Received Import Request.
  Time since last request: 50.830102 seconds.
  path: Assets/Graphics/Enemies/Eyeball.shader
  artifactKey: Guid(7f6359dd1e91c4945b429d8f6fe6378c) Importer(815301076,1909f56bfc062723c751e8b465ee728b)
Start importing Assets/Graphics/Enemies/Eyeball.shader using Guid(7f6359dd1e91c4945b429d8f6fe6378c) Importer(815301076,1909f56bfc062723c751e8b465ee728b)  -> (artifact id: '9a359e411e73f95ecf829cce39c5c78b') in 0.001522 seconds
Number of updated asset objects reloaded before import = 0
Number of asset objects unloaded after import = 1
========================================================================
Received Import Request.
  Time since last request: 8.888553 seconds.
  path: Assets/Graphics/Enemies/Eyeball.mat
  artifactKey: Guid(52f3d16bdca5cd2489ce60ddff6d58a4) Importer(815301076,1909f56bfc062723c751e8b465ee728b)
Start importing Assets/Graphics/Enemies/Eyeball.mat using Guid(52f3d16bdca5cd2489ce60ddff6d58a4) Importer(815301076,1909f56bfc062723c751e8b465ee728b)  -> (artifact id: 'f80f1fd382d081a6786107c2486dad94') in 0.158419 seconds
Number of updated asset objects reloaded before import = 0
Number of asset objects unloaded after import = 2
========================================================================
Received Import Request.
  Time since last request: 213.338137 seconds.
  path: Assets/Graphics/Enemies/Eyeball.shader
  artifactKey: Guid(7f6359dd1e91c4945b429d8f6fe6378c) Importer(815301076,1909f56bfc062723c751e8b465ee728b)
Start importing Assets/Graphics/Enemies/Eyeball.shader using Guid(7f6359dd1e91c4945b429d8f6fe6378c) Importer(815301076,1909f56bfc062723c751e8b465ee728b)  -> (artifact id: '0a3575957ae61bb5497275bec9a4d423') in 0.002553 seconds
Number of updated asset objects reloaded before import = 0
Number of asset objects unloaded after import = 1
========================================================================
Received Import Request.
  Time since last request: 24.096245 seconds.
  path: Assets/Graphics/Enemies/Eyeball.shader
  artifactKey: Guid(7f6359dd1e91c4945b429d8f6fe6378c) Importer(815301076,1909f56bfc062723c751e8b465ee728b)
Start importing Assets/Graphics/Enemies/Eyeball.shader using Guid(7f6359dd1e91c4945b429d8f6fe6378c) Importer(815301076,1909f56bfc062723c751e8b465ee728b)  -> (artifact id: '34ae08586b0bcd7e42c0b5498a6eb4a5') in 0.001863 seconds
Number of updated asset objects reloaded before import = 0
Number of asset objects unloaded after import = 1
========================================================================
Received Import Request.
  Time since last request: 62.372303 seconds.
  path: Assets/Graphics/Enemies/Eyeball.shader
  artifactKey: Guid(7f6359dd1e91c4945b429d8f6fe6378c) Importer(815301076,1909f56bfc062723c751e8b465ee728b)
Start importing Assets/Graphics/Enemies/Eyeball.shader using Guid(7f6359dd1e91c4945b429d8f6fe6378c) Importer(815301076,1909f56bfc062723c751e8b465ee728b)  -> (artifact id: '406683978b2aedee6cf7e7ceda5a0256') in 0.002630 seconds
Number of updated asset objects reloaded before import = 0
Number of asset objects unloaded after import = 1
========================================================================
Received Import Request.
  Time since last request: 307.643991 seconds.
  path: Assets/Graphics/Enemies/eyeballIrisTexture.png
  artifactKey: Guid(00f4839728f19474dabff7dd0887a298) Importer(815301076,1909f56bfc062723c751e8b465ee728b)
Start importing Assets/Graphics/Enemies/eyeballIrisTexture.png using Guid(00f4839728f19474dabff7dd0887a298) Importer(815301076,1909f56bfc062723c751e8b465ee728b)  -> (artifact id: 'dbb20895c34ae05370197a0be8137369') in 0.021206 seconds
Number of updated asset objects reloaded before import = 0
Number of asset objects unloaded after import = 2
========================================================================
Received Import Request.
  Time since last request: 103.371289 seconds.
  path: Assets/Graphics/Enemies/Eyeball.shader
  artifactKey: Guid(7f6359dd1e91c4945b429d8f6fe6378c) Importer(815301076,1909f56bfc062723c751e8b465ee728b)
Start importing Assets/Graphics/Enemies/Eyeball.shader using Guid(7f6359dd1e91c4945b429d8f6fe6378c) Importer(815301076,1909f56bfc062723c751e8b465ee728b)  -> (artifact id: '9b8989d16ae2921d1a9fbe9b08f60b55') in 0.003500 seconds
Number of updated asset objects reloaded before import = 0
Number of asset objects unloaded after import = 1
========================================================================
Received Import Request.
  Time since last request: 16.948145 seconds.
  path: Assets/Graphics/Enemies/Eyeball.shader
  artifactKey: Guid(7f6359dd1e91c4945b429d8f6fe6378c) Importer(815301076,1909f56bfc062723c751e8b465ee728b)
Start importing Assets/Graphics/Enemies/Eyeball.shader using Guid(7f6359dd1e91c4945b429d8f6fe6378c) Importer(815301076,1909f56bfc062723c751e8b465ee728b)  -> (artifact id: 'ab365c0d66b273ae1b78c639f3b25dea') in 0.002760 seconds
Number of updated asset objects reloaded before import = 0
Number of asset objects unloaded after import = 1
========================================================================
Received Import Request.
  Time since last request: 169.308929 seconds.
  path: Assets/Graphics/Enemies/Eyeball.shader
  artifactKey: Guid(7f6359dd1e91c4945b429d8f6fe6378c) Importer(815301076,1909f56bfc062723c751e8b465ee728b)
Start importing Assets/Graphics/Enemies/Eyeball.shader using Guid(7f6359dd1e91c4945b429d8f6fe6378c) Importer(815301076,1909f56bfc062723c751e8b465ee728b)  -> (artifact id: 'd8ee3346cc2d53d70414ce510317b6f9') in 0.003094 seconds
Number of updated asset objects reloaded before import = 0
Number of asset objects unloaded after import = 1
========================================================================
Received Import Request.
  Time since last request: 247.026359 seconds.
  path: Assets/Graphics/Enemies/glint.png
  artifactKey: Guid(54ad9a37e9ba12b45994e16b0dc6eb11) Importer(815301076,1909f56bfc062723c751e8b465ee728b)
Start importing Assets/Graphics/Enemies/glint.png using Guid(54ad9a37e9ba12b45994e16b0dc6eb11) Importer(815301076,1909f56bfc062723c751e8b465ee728b)  -> (artifact id: '4ba70aa1e4c0901203961faf8bcb2c75') in 0.019903 seconds
Number of updated asset objects reloaded before import = 0
Number of asset objects unloaded after import = 3
========================================================================
Received Import Request.
  Time since last request: 9.912542 seconds.
  path: Assets/Graphics/Enemies/glint.png
  artifactKey: Guid(54ad9a37e9ba12b45994e16b0dc6eb11) Importer(815301076,1909f56bfc062723c751e8b465ee728b)
Start importing Assets/Graphics/Enemies/glint.png using Guid(54ad9a37e9ba12b45994e16b0dc6eb11) Importer(815301076,1909f56bfc062723c751e8b465ee728b)  -> (artifact id: '41fc58a0af6a462ec43d43a714fe29ed') in 0.014292 seconds
Number of updated asset objects reloaded before import = 0
Number of asset objects unloaded after import = 2
========================================================================
Received Import Request.
  Time since last request: 0.014710 seconds.
  path: Assets/Graphics/Enemies/magicCircle.png
  artifactKey: Guid(d1b96059be93f6e439c5d8c0903b58a4) Importer(815301076,1909f56bfc062723c751e8b465ee728b)
Start importing Assets/Graphics/Enemies/magicCircle.png using Guid(d1b96059be93f6e439c5d8c0903b58a4) Importer(815301076,1909f56bfc062723c751e8b465ee728b)  -> (artifact id: 'be943bec205ff63f97ea90c83e0e8b9e') in 0.015517 seconds
Number of updated asset objects reloaded before import = 0
Number of asset objects unloaded after import = 2
========================================================================
Received Import Request.
  Time since last request: 6.729185 seconds.
  path: Assets/Graphics/Enemies/eyeballIrisTexture.png
  artifactKey: Guid(00f4839728f19474dabff7dd0887a298) Importer(815301076,1909f56bfc062723c751e8b465ee728b)
Start importing Assets/Graphics/Enemies/eyeballIrisTexture.png using Guid(00f4839728f19474dabff7dd0887a298) Importer(815301076,1909f56bfc062723c751e8b465ee728b)  -> (artifact id: '800a4bc8f7382c7d98c539a2fde63301') in 0.013648 seconds
Number of updated asset objects reloaded before import = 0
Number of asset objects unloaded after import = 2
========================================================================
Received Import Request.
  Time since last request: 100.965969 seconds.
  path: Assets/Graphics/Enemies/glint.png
  artifactKey: Guid(54ad9a37e9ba12b45994e16b0dc6eb11) Importer(815301076,1909f56bfc062723c751e8b465ee728b)
Start importing Assets/Graphics/Enemies/glint.png using Guid(54ad9a37e9ba12b45994e16b0dc6eb11) Importer(815301076,1909f56bfc062723c751e8b465ee728b)  -> (artifact id: 'e713e4c0df70637c8d9f5bc1eae928df') in 0.014475 seconds
Number of updated asset objects reloaded before import = 0
Number of asset objects unloaded after import = 2
========================================================================
Received Import Request.
  Time since last request: 0.015064 seconds.
  path: Assets/Graphics/Enemies/magicCircle.png
  artifactKey: Guid(d1b96059be93f6e439c5d8c0903b58a4) Importer(815301076,1909f56bfc062723c751e8b465ee728b)
Start importing Assets/Graphics/Enemies/magicCircle.png using Guid(d1b96059be93f6e439c5d8c0903b58a4) Importer(815301076,1909f56bfc062723c751e8b465ee728b)  -> (artifact id: '7ff43b6d3106e1ce71558ee7b247bcdb') in 0.013501 seconds
Number of updated asset objects reloaded before import = 0
Number of asset objects unloaded after import = 2
========================================================================
Received Import Request.
  Time since last request: 3.643875 seconds.
  path: Assets/Graphics/Enemies/glint.png
  artifactKey: Guid(54ad9a37e9ba12b45994e16b0dc6eb11) Importer(815301076,1909f56bfc062723c751e8b465ee728b)
Start importing Assets/Graphics/Enemies/glint.png using Guid(54ad9a37e9ba12b45994e16b0dc6eb11) Importer(815301076,1909f56bfc062723c751e8b465ee728b)  -> (artifact id: '9ee5deef4c1a7128f6e5c1034cb6cca7') in 0.014762 seconds
Number of updated asset objects reloaded before import = 0
Number of asset objects unloaded after import = 2
========================================================================
Received Import Request.
  Time since last request: 0.015768 seconds.
  path: Assets/Graphics/Enemies/magicCircle.png
  artifactKey: Guid(d1b96059be93f6e439c5d8c0903b58a4) Importer(815301076,1909f56bfc062723c751e8b465ee728b)
Start importing Assets/Graphics/Enemies/magicCircle.png using Guid(d1b96059be93f6e439c5d8c0903b58a4) Importer(815301076,1909f56bfc062723c751e8b465ee728b)  -> (artifact id: '69f7d40841a24622a1996aeec70f7c88') in 0.013839 seconds
Number of updated asset objects reloaded before import = 0
Number of asset objects unloaded after import = 2
========================================================================
Received Import Request.
  Time since last request: 4.103908 seconds.
  path: Assets/Graphics/Enemies/glint.png
  artifactKey: Guid(54ad9a37e9ba12b45994e16b0dc6eb11) Importer(815301076,1909f56bfc062723c751e8b465ee728b)
Start importing Assets/Graphics/Enemies/glint.png using Guid(54ad9a37e9ba12b45994e16b0dc6eb11) Importer(815301076,1909f56bfc062723c751e8b465ee728b)  -> (artifact id: '6528cb71aeef99ec463ab39356558ed5') in 0.014526 seconds
Number of updated asset objects reloaded before import = 0
Number of asset objects unloaded after import = 2
========================================================================
Received Import Request.
  Time since last request: 0.016841 seconds.
  path: Assets/Graphics/Enemies/magicCircle.png
  artifactKey: Guid(d1b96059be93f6e439c5d8c0903b58a4) Importer(815301076,1909f56bfc062723c751e8b465ee728b)
Start importing Assets/Graphics/Enemies/magicCircle.png using Guid(d1b96059be93f6e439c5d8c0903b58a4) Importer(815301076,1909f56bfc062723c751e8b465ee728b)  -> (artifact id: 'ca8bd41caa1b312dc4f24e311cb0d6d9') in 0.013976 seconds
Number of updated asset objects reloaded before import = 0
Number of asset objects unloaded after import = 2
========================================================================
Received Import Request.
  Time since last request: 25.655601 seconds.
  path: Assets/Graphics/Enemies/magicCircle.png
  artifactKey: Guid(d1b96059be93f6e439c5d8c0903b58a4) Importer(815301076,1909f56bfc062723c751e8b465ee728b)
Start importing Assets/Graphics/Enemies/magicCircle.png using Guid(d1b96059be93f6e439c5d8c0903b58a4) Importer(815301076,1909f56bfc062723c751e8b465ee728b)  -> (artifact id: 'a54bdc08ff33525948f2e99fd231360b') in 0.014606 seconds
Number of updated asset objects reloaded before import = 0
Number of asset objects unloaded after import = 2
========================================================================
Received Import Request.
  Time since last request: 7.819971 seconds.
  path: Assets/Graphics/Enemies/magicCircle.png
  artifactKey: Guid(d1b96059be93f6e439c5d8c0903b58a4) Importer(815301076,1909f56bfc062723c751e8b465ee728b)
Start importing Assets/Graphics/Enemies/magicCircle.png using Guid(d1b96059be93f6e439c5d8c0903b58a4) Importer(815301076,1909f56bfc062723c751e8b465ee728b)  -> (artifact id: 'fb8538f9e8887e36547533a54b44cdbd') in 0.015262 seconds
Number of updated asset objects reloaded before import = 0
Number of asset objects unloaded after import = 2
========================================================================
Received Import Request.
  Time since last request: 2.859126 seconds.
  path: Assets/Graphics/Enemies/magicCircle.png
  artifactKey: Guid(d1b96059be93f6e439c5d8c0903b58a4) Importer(815301076,1909f56bfc062723c751e8b465ee728b)
Start importing Assets/Graphics/Enemies/magicCircle.png using Guid(d1b96059be93f6e439c5d8c0903b58a4) Importer(815301076,1909f56bfc062723c751e8b465ee728b)  -> (artifact id: 'a6644ba8af75a293bef7d8db7613ddf7') in 0.013828 seconds
Number of updated asset objects reloaded before import = 0
Number of asset objects unloaded after import = 2
========================================================================
Received Import Request.
  Time since last request: 2.351317 seconds.
  path: Assets/Graphics/Enemies/magicCircle.png
  artifactKey: Guid(d1b96059be93f6e439c5d8c0903b58a4) Importer(815301076,1909f56bfc062723c751e8b465ee728b)
Start importing Assets/Graphics/Enemies/magicCircle.png using Guid(d1b96059be93f6e439c5d8c0903b58a4) Importer(815301076,1909f56bfc062723c751e8b465ee728b)  -> (artifact id: '5ed9721275b40bb42ad03cb37fd3d411') in 0.014448 seconds
Number of updated asset objects reloaded before import = 0
Number of asset objects unloaded after import = 2
========================================================================
Received Import Request.
  Time since last request: 3.058065 seconds.
  path: Assets/Graphics/Enemies/magicCircle.png
  artifactKey: Guid(d1b96059be93f6e439c5d8c0903b58a4) Importer(815301076,1909f56bfc062723c751e8b465ee728b)
Start importing Assets/Graphics/Enemies/magicCircle.png using Guid(d1b96059be93f6e439c5d8c0903b58a4) Importer(815301076,1909f56bfc062723c751e8b465ee728b)  -> (artifact id: '1b2168f6be5b9cca7b8fc37bcf17379b') in 0.013630 seconds
Number of updated asset objects reloaded before import = 0
Number of asset objects unloaded after import = 2
========================================================================
Received Import Request.
  Time since last request: 18.197751 seconds.
  path: Assets/Graphics/Enemies/magicCircle.png
  artifactKey: Guid(d1b96059be93f6e439c5d8c0903b58a4) Importer(815301076,1909f56bfc062723c751e8b465ee728b)
Start importing Assets/Graphics/Enemies/magicCircle.png using Guid(d1b96059be93f6e439c5d8c0903b58a4) Importer(815301076,1909f56bfc062723c751e8b465ee728b)  -> (artifact id: 'de3e51a857758cb32d468de86d537e4d') in 0.013830 seconds
Number of updated asset objects reloaded before import = 0
Number of asset objects unloaded after import = 2
========================================================================
Received Import Request.
  Time since last request: 1569.165345 seconds.
  path: Assets/Graphics/Enemies/Eyeball.mat
  artifactKey: Guid(52f3d16bdca5cd2489ce60ddff6d58a4) Importer(815301076,1909f56bfc062723c751e8b465ee728b)
Start importing Assets/Graphics/Enemies/Eyeball.mat using Guid(52f3d16bdca5cd2489ce60ddff6d58a4) Importer(815301076,1909f56bfc062723c751e8b465ee728b)  -> (artifact id: '0243a9d1c959ad3968eff989d372e955') in 0.183477 seconds
Number of updated asset objects reloaded before import = 0
Number of asset objects unloaded after import = 7
