Using pre-set license
Built from '2022.3/release' branch; Version is '2022.3.18f1 (d29bea25151d) revision 13802474'; Using compiler version '192829333'; Build Type 'Release'
OS: 'Windows 10  (10.0.19045) 64bit Enterprise' Language: 'en' Physical Memory: 65224 MB
BatchMode: 1, IsHumanControllingUs: 0, StartBugReporterOnCrash: 0, Is64bit: 1, IsPro: 1

COMMAND LINE ARGUMENTS:
C:\Program Files\Unity 2022.3.18f1\Editor\Unity.exe
-adb2
-batchMode
-noUpm
-name
AssetImportWorker32
-projectPath
C:/Users/3dcc3f5365a4d11c/Documents/GitHub/Shield-Knight
-logFile
Logs/AssetImportWorker32.log
-srvPort
49242
Successfully changed project path to: C:/Users/3dcc3f5365a4d11c/Documents/GitHub/Shield-Knight
C:/Users/3dcc3f5365a4d11c/Documents/GitHub/Shield-Knight
[UnityMemory] Configuration Parameters - Can be set up in boot.config
    "memorysetup-bucket-allocator-granularity=16"
    "memorysetup-bucket-allocator-bucket-count=8"
    "memorysetup-bucket-allocator-block-size=33554432"
    "memorysetup-bucket-allocator-block-count=8"
    "memorysetup-main-allocator-block-size=16777216"
    "memorysetup-thread-allocator-block-size=16777216"
    "memorysetup-gfx-main-allocator-block-size=16777216"
    "memorysetup-gfx-thread-allocator-block-size=16777216"
    "memorysetup-cache-allocator-block-size=4194304"
    "memorysetup-typetree-allocator-block-size=2097152"
    "memorysetup-profiler-bucket-allocator-granularity=16"
    "memorysetup-profiler-bucket-allocator-bucket-count=8"
    "memorysetup-profiler-bucket-allocator-block-size=33554432"
    "memorysetup-profiler-bucket-allocator-block-count=8"
    "memorysetup-profiler-allocator-block-size=16777216"
    "memorysetup-profiler-editor-allocator-block-size=1048576"
    "memorysetup-temp-allocator-size-main=16777216"
    "memorysetup-job-temp-allocator-block-size=2097152"
    "memorysetup-job-temp-allocator-block-size-background=1048576"
    "memorysetup-job-temp-allocator-reduction-small-platforms=262144"
    "memorysetup-allocator-temp-initial-block-size-main=262144"
    "memorysetup-allocator-temp-initial-block-size-worker=262144"
    "memorysetup-temp-allocator-size-background-worker=32768"
    "memorysetup-temp-allocator-size-job-worker=262144"
    "memorysetup-temp-allocator-size-preload-manager=33554432"
    "memorysetup-temp-allocator-size-nav-mesh-worker=65536"
    "memorysetup-temp-allocator-size-audio-worker=65536"
    "memorysetup-temp-allocator-size-cloud-worker=32768"
    "memorysetup-temp-allocator-size-gi-baking-worker=262144"
    "memorysetup-temp-allocator-size-gfx=262144"
Player connection [39484] Host "[IP] 172.27.15.134 [Port] 0 [Flags] 2 [Guid] 1160697990 [EditorId] 1160697990 [Version] 1048832 [Id] WindowsEditor(7,NS00J002004DE15) [Debug] 1 [PackageName] WindowsEditor [ProjectName] Editor" joined multi-casting on [225.0.0.222:54997]...

Player connection [39484] Host "[IP] 172.27.15.134 [Port] 0 [Flags] 2 [Guid] 1160697990 [EditorId] 1160697990 [Version] 1048832 [Id] WindowsEditor(7,NS00J002004DE15) [Debug] 1 [PackageName] WindowsEditor [ProjectName] Editor" joined alternative multi-casting on [225.0.0.222:34997]...

[Physics::Module] Initialized MultithreadedJobDispatcher with 19 workers.
Refreshing native plugins compatible for Editor in 21.94 ms, found 4 plugins.
Preloading 0 native plugins for Editor in 0.00 ms.
Initialize engine version: 2022.3.18f1 (d29bea25151d)
[Subsystems] Discovering subsystems at path C:/Program Files/Unity 2022.3.18f1/Editor/Data/Resources/UnitySubsystems
[Subsystems] Discovering subsystems at path C:/Users/3dcc3f5365a4d11c/Documents/GitHub/Shield-Knight/Assets
GfxDevice: creating device client; threaded=0; jobified=0
Direct3D:
    Version:  Direct3D 11.0 [level 11.1]
    Renderer: NVIDIA RTX A4000 (ID=0x24b0)
    Vendor:   NVIDIA
    VRAM:     16183 MB
    Driver:   31.0.15.3770
Initialize mono
Mono path[0] = 'C:/Program Files/Unity 2022.3.18f1/Editor/Data/Managed'
Mono path[1] = 'C:/Program Files/Unity 2022.3.18f1/Editor/Data/MonoBleedingEdge/lib/mono/unityjit-win32'
Mono config path = 'C:/Program Files/Unity 2022.3.18f1/Editor/Data/MonoBleedingEdge/etc'
Using monoOptions --debugger-agent=transport=dt_socket,embedding=1,server=y,suspend=n,address=127.0.0.1:56440
Begin MonoManager ReloadAssembly
Registering precompiled unity dll's ...
Register platform support module: C:/Program Files/Unity 2022.3.18f1/Editor/Data/PlaybackEngines/WebGLSupport/UnityEditor.WebGL.Extensions.dll
Register platform support module: C:/Program Files/Unity 2022.3.18f1/Editor/Data/PlaybackEngines/AndroidPlayer/UnityEditor.Android.Extensions.dll
Register platform support module: C:/Program Files/Unity 2022.3.18f1/Editor/Data/PlaybackEngines/WindowsStandaloneSupport/UnityEditor.WindowsStandalone.Extensions.dll
Registered in 0.008621 seconds.
- Loaded All Assemblies, in  0.378 seconds
Native extension for WindowsStandalone target not found
Native extension for Android target not found
Native extension for WebGL target not found
Mono: successfully reloaded assembly
- Finished resetting the current domain, in  0.357 seconds
Domain Reload Profiling: 734ms
	BeginReloadAssembly (118ms)
		ExecutionOrderSort (0ms)
		DisableScriptedObjects (0ms)
		BackupInstance (0ms)
		ReleaseScriptingObjects (0ms)
		CreateAndSetChildDomain (1ms)
	RebuildCommonClasses (33ms)
	RebuildNativeTypeToScriptingClass (11ms)
	initialDomainReloadingComplete (65ms)
	LoadAllAssembliesAndSetupDomain (149ms)
		LoadAssemblies (116ms)
		RebuildTransferFunctionScriptingTraits (0ms)
		AnalyzeDomain (146ms)
			TypeCache.Refresh (144ms)
				TypeCache.ScanAssembly (132ms)
			ScanForSourceGeneratedMonoScriptInfo (0ms)
			ResolveRequiredComponents (0ms)
	FinalizeReload (358ms)
		ReleaseScriptCaches (0ms)
		RebuildScriptCaches (0ms)
		SetupLoadedEditorAssemblies (298ms)
			LogAssemblyErrors (0ms)
			InitializePlatformSupportModulesInManaged (110ms)
			SetLoadedEditorAssemblies (4ms)
			RefreshPlugins (0ms)
			BeforeProcessingInitializeOnLoad (2ms)
			ProcessInitializeOnLoadAttributes (128ms)
			ProcessInitializeOnLoadMethodAttributes (53ms)
			AfterProcessingInitializeOnLoad (0ms)
			EditorAssembliesLoaded (0ms)
		ExecutionOrderSort2 (0ms)
		AwakeInstancesAfterBackupRestoration (0ms)
========================================================================
Worker process is ready to serve import requests
Begin MonoManager ReloadAssembly
- Loaded All Assemblies, in  1.638 seconds
Refreshing native plugins compatible for Editor in 92.05 ms, found 4 plugins.
Native extension for WindowsStandalone target not found
Native extension for Android target not found
Native extension for WebGL target not found
Package Manager log level set to [2]
[Package Manager] Server::EnsureServerProcessIsRunning -- launch failed, reason: Unity was launched with the -noUpm command-line argument
[Package Manager] UpmClient::Send -- Unable to send message (not connected to UPM process).
[Package Manager] Cannot connect to Unity Package Manager local server
Mono: successfully reloaded assembly
- Finished resetting the current domain, in  1.003 seconds
Domain Reload Profiling: 2638ms
	BeginReloadAssembly (140ms)
		ExecutionOrderSort (0ms)
		DisableScriptedObjects (6ms)
		BackupInstance (0ms)
		ReleaseScriptingObjects (0ms)
		CreateAndSetChildDomain (18ms)
	RebuildCommonClasses (34ms)
	RebuildNativeTypeToScriptingClass (11ms)
	initialDomainReloadingComplete (46ms)
	LoadAllAssembliesAndSetupDomain (1403ms)
		LoadAssemblies (478ms)
		RebuildTransferFunctionScriptingTraits (0ms)
		AnalyzeDomain (1004ms)
			TypeCache.Refresh (975ms)
				TypeCache.ScanAssembly (760ms)
			ScanForSourceGeneratedMonoScriptInfo (22ms)
			ResolveRequiredComponents (6ms)
	FinalizeReload (1003ms)
		ReleaseScriptCaches (0ms)
		RebuildScriptCaches (0ms)
		SetupLoadedEditorAssemblies (817ms)
			LogAssemblyErrors (0ms)
			InitializePlatformSupportModulesInManaged (268ms)
			SetLoadedEditorAssemblies (8ms)
			RefreshPlugins (0ms)
			BeforeProcessingInitializeOnLoad (82ms)
			ProcessInitializeOnLoadAttributes (405ms)
			ProcessInitializeOnLoadMethodAttributes (45ms)
			AfterProcessingInitializeOnLoad (9ms)
			EditorAssembliesLoaded (0ms)
		ExecutionOrderSort2 (0ms)
		AwakeInstancesAfterBackupRestoration (10ms)
Launched and connected shader compiler UnityShaderCompiler.exe after 0.07 seconds
Refreshing native plugins compatible for Editor in 2.53 ms, found 4 plugins.
Preloading 0 native plugins for Editor in 0.00 ms.
Unloading 4136 Unused Serialized files (Serialized files now loaded: 0)
Unloading 64 unused Assets / (61.8 KB). Loaded Objects now: 4605.
Memory consumption went from 161.0 MB to 160.9 MB.
Total: 2.400800 ms (FindLiveObjects: 0.191100 ms CreateObjectMapping: 0.096700 ms MarkObjects: 2.008700 ms  DeleteObjects: 0.103100 ms)

AssetImportParameters requested are different than current active one (requested -> active):
  custom:container-demuxer-ogg: 62fdf1f143b41e24485cea50d1cbac27 -> 
  custom:video-decoder-ogg-theora: a1e56fd34408186e4bbccfd4996cb3dc -> 
  custom:framework-win-MediaFoundation: 216162199b28c13a410421893ffa2e32 -> 
  custom:scripting/monoscript/fileName/BoxCast2DDebugInfo.cs: c2311bf161c172d65dcd6c1f20c6bf7b -> 
  custom:CustomObjectIndexerAttribute: 6d391050e5a25f67b0a2c618074f2cd9 -> 
  custom:container-demuxer-webm: 4f35f7cbe854078d1ac9338744f61a02 -> 
  custom:container-muxer-webm: aa71ff27fc2769a1b78a27578f13a17b -> 
  custom:video-decoder-webm-vp8: 9c59270c3fd7afecdb556c50c9e8de78 -> 
  custom:SearchIndexIgnoredProperties: e643bd26f0fe6173181afceb89e7c659 -> 
  custom:AudioImporter_EditorPlatform: d09bf68614088b80899f8185d706f6e7 -> 
  custom:video-encoder-webm-vp8: eb34c28f22e8b96e1ab97ce403110664 -> 
  custom:audio-decoder-ogg-vorbis: bf7c407c2cedff20999df2af8eb42d56 -> 
  custom:audio-encoder-webm-vorbis: bf7c407c2cedff20999df2af8eb42d56 -> 
========================================================================
Received Import Request.
  Time since last request: 93546.627127 seconds.
  path: Assets/Beam/BeamCast.prefab
  artifactKey: Guid(1bef62bc570a8194b9251130019d4b8d) Importer(815301076,1909f56bfc062723c751e8b465ee728b)
Start importing Assets/Beam/BeamCast.prefab using Guid(1bef62bc570a8194b9251130019d4b8d) Importer(815301076,1909f56bfc062723c751e8b465ee728b)  -> (artifact id: 'c0ac7e8d2792d06eabac57e9766e58b3') in 0.152208 seconds
Number of updated asset objects reloaded before import = 1
Number of asset objects unloaded after import = 15
========================================================================
Received Prepare
Begin MonoManager ReloadAssembly
- Loaded All Assemblies, in  2.382 seconds
Refreshing native plugins compatible for Editor in 6.40 ms, found 4 plugins.
Native extension for WindowsStandalone target not found
Native extension for Android target not found
Native extension for WebGL target not found
[Package Manager] Server::EnsureServerProcessIsRunning -- launch failed, reason: Unity was launched with the -noUpm command-line argument
[Package Manager] UpmClient::Send -- Unable to send message (not connected to UPM process).
[Package Manager] Cannot connect to Unity Package Manager local server
Mono: successfully reloaded assembly
- Finished resetting the current domain, in 11.481 seconds
Domain Reload Profiling: 13859ms
	BeginReloadAssembly (209ms)
		ExecutionOrderSort (0ms)
		DisableScriptedObjects (17ms)
		BackupInstance (0ms)
		ReleaseScriptingObjects (0ms)
		CreateAndSetChildDomain (34ms)
	RebuildCommonClasses (117ms)
	RebuildNativeTypeToScriptingClass (15ms)
	initialDomainReloadingComplete (33ms)
	LoadAllAssembliesAndSetupDomain (2004ms)
		LoadAssemblies (2112ms)
		RebuildTransferFunctionScriptingTraits (0ms)
		AnalyzeDomain (17ms)
			TypeCache.Refresh (7ms)
				TypeCache.ScanAssembly (0ms)
			ScanForSourceGeneratedMonoScriptInfo (0ms)
			ResolveRequiredComponents (8ms)
	FinalizeReload (11481ms)
		ReleaseScriptCaches (0ms)
		RebuildScriptCaches (0ms)
		SetupLoadedEditorAssemblies (466ms)
			LogAssemblyErrors (0ms)
			InitializePlatformSupportModulesInManaged (32ms)
			SetLoadedEditorAssemblies (4ms)
			RefreshPlugins (0ms)
			BeforeProcessingInitializeOnLoad (76ms)
			ProcessInitializeOnLoadAttributes (310ms)
			ProcessInitializeOnLoadMethodAttributes (37ms)
			AfterProcessingInitializeOnLoad (7ms)
			EditorAssembliesLoaded (0ms)
		ExecutionOrderSort2 (0ms)
		AwakeInstancesAfterBackupRestoration (15ms)
Refreshing native plugins compatible for Editor in 8.29 ms, found 4 plugins.
Preloading 0 native plugins for Editor in 0.00 ms.
Unloading 4100 Unused Serialized files (Serialized files now loaded: 0)
Unloading 36 unused Assets / (35.3 KB). Loaded Objects now: 4617.
Memory consumption went from 153.3 MB to 153.3 MB.
Total: 3.502400 ms (FindLiveObjects: 0.570100 ms CreateObjectMapping: 0.135200 ms MarkObjects: 2.740700 ms  DeleteObjects: 0.055100 ms)

Prepare: number of updated asset objects reloaded= 0
AssetImportParameters requested are different than current active one (requested -> active):
  custom:container-demuxer-ogg: 62fdf1f143b41e24485cea50d1cbac27 -> 
  custom:video-decoder-ogg-theora: a1e56fd34408186e4bbccfd4996cb3dc -> 
  custom:framework-win-MediaFoundation: 216162199b28c13a410421893ffa2e32 -> 
  custom:scripting/monoscript/fileName/BoxCast2DDebugInfo.cs: c2311bf161c172d65dcd6c1f20c6bf7b -> 
  custom:CustomObjectIndexerAttribute: 6d391050e5a25f67b0a2c618074f2cd9 -> 
  custom:container-demuxer-webm: 4f35f7cbe854078d1ac9338744f61a02 -> 
  custom:container-muxer-webm: aa71ff27fc2769a1b78a27578f13a17b -> 
  custom:video-decoder-webm-vp8: 9c59270c3fd7afecdb556c50c9e8de78 -> 
  custom:SearchIndexIgnoredProperties: e643bd26f0fe6173181afceb89e7c659 -> 
  custom:AudioImporter_EditorPlatform: d09bf68614088b80899f8185d706f6e7 -> 
  custom:video-encoder-webm-vp8: eb34c28f22e8b96e1ab97ce403110664 -> 
  custom:audio-decoder-ogg-vorbis: bf7c407c2cedff20999df2af8eb42d56 -> 
  custom:audio-encoder-webm-vorbis: bf7c407c2cedff20999df2af8eb42d56 -> 
========================================================================
Received Import Request.
  Time since last request: 232.215040 seconds.
  path: Assets/Beam/Beam.mat
  artifactKey: Guid(25fc23a29b9e02c4b869b374d5917549) Importer(815301076,1909f56bfc062723c751e8b465ee728b)
Start importing Assets/Beam/Beam.mat using Guid(25fc23a29b9e02c4b869b374d5917549) Importer(815301076,1909f56bfc062723c751e8b465ee728b)  -> (artifact id: 'd3082366b028b6f0b68e980fc71e632e') in 0.086679 seconds
Number of updated asset objects reloaded before import = 1
Number of asset objects unloaded after import = 2
========================================================================
Received Import Request.
  Time since last request: 15.673508 seconds.
  path: Assets/Beam/Beam.mat
  artifactKey: Guid(25fc23a29b9e02c4b869b374d5917549) Importer(815301076,1909f56bfc062723c751e8b465ee728b)
Start importing Assets/Beam/Beam.mat using Guid(25fc23a29b9e02c4b869b374d5917549) Importer(815301076,1909f56bfc062723c751e8b465ee728b)  -> (artifact id: '1667728dd6706164510d92252a4f42a1') in 0.010537 seconds
Number of updated asset objects reloaded before import = 1
Number of asset objects unloaded after import = 2
========================================================================
Received Import Request.
  Time since last request: 0.000017 seconds.
  path: Assets/Beam/BeamHighDetail.mat
  artifactKey: Guid(9b194b68cf1570b44b7d6e04d43067af) Importer(815301076,1909f56bfc062723c751e8b465ee728b)
Start importing Assets/Beam/BeamHighDetail.mat using Guid(9b194b68cf1570b44b7d6e04d43067af) Importer(815301076,1909f56bfc062723c751e8b465ee728b)  -> (artifact id: '2092b38b3eff07bdd804b52dd668e432') in 0.013700 seconds
Number of updated asset objects reloaded before import = 0
Number of asset objects unloaded after import = 2
========================================================================
Received Prepare
Begin MonoManager ReloadAssembly
- Loaded All Assemblies, in  0.508 seconds
Refreshing native plugins compatible for Editor in 5.18 ms, found 4 plugins.
Native extension for WindowsStandalone target not found
Native extension for Android target not found
Native extension for WebGL target not found
[Package Manager] Server::EnsureServerProcessIsRunning -- launch failed, reason: Unity was launched with the -noUpm command-line argument
[Package Manager] UpmClient::Send -- Unable to send message (not connected to UPM process).
[Package Manager] Cannot connect to Unity Package Manager local server
Mono: successfully reloaded assembly
- Finished resetting the current domain, in  1.121 seconds
Domain Reload Profiling: 1625ms
	BeginReloadAssembly (167ms)
		ExecutionOrderSort (0ms)
		DisableScriptedObjects (12ms)
		BackupInstance (0ms)
		ReleaseScriptingObjects (0ms)
		CreateAndSetChildDomain (33ms)
	RebuildCommonClasses (35ms)
	RebuildNativeTypeToScriptingClass (12ms)
	initialDomainReloadingComplete (32ms)
	LoadAllAssembliesAndSetupDomain (256ms)
		LoadAssemblies (333ms)
		RebuildTransferFunctionScriptingTraits (0ms)
		AnalyzeDomain (15ms)
			TypeCache.Refresh (6ms)
				TypeCache.ScanAssembly (0ms)
			ScanForSourceGeneratedMonoScriptInfo (0ms)
			ResolveRequiredComponents (7ms)
	FinalizeReload (1122ms)
		ReleaseScriptCaches (0ms)
		RebuildScriptCaches (0ms)
		SetupLoadedEditorAssemblies (452ms)
			LogAssemblyErrors (0ms)
			InitializePlatformSupportModulesInManaged (27ms)
			SetLoadedEditorAssemblies (3ms)
			RefreshPlugins (0ms)
			BeforeProcessingInitializeOnLoad (72ms)
			ProcessInitializeOnLoadAttributes (308ms)
			ProcessInitializeOnLoadMethodAttributes (35ms)
			AfterProcessingInitializeOnLoad (7ms)
			EditorAssembliesLoaded (0ms)
		ExecutionOrderSort2 (0ms)
		AwakeInstancesAfterBackupRestoration (14ms)
Refreshing native plugins compatible for Editor in 5.88 ms, found 4 plugins.
Preloading 0 native plugins for Editor in 0.00 ms.
Unloading 4100 Unused Serialized files (Serialized files now loaded: 0)
Unloading 36 unused Assets / (35.3 KB). Loaded Objects now: 4654.
Memory consumption went from 155.5 MB to 155.5 MB.
Total: 3.495500 ms (FindLiveObjects: 0.466500 ms CreateObjectMapping: 0.127500 ms MarkObjects: 2.847800 ms  DeleteObjects: 0.052000 ms)

Prepare: number of updated asset objects reloaded= 0
AssetImportParameters requested are different than current active one (requested -> active):
  custom:container-demuxer-ogg: 62fdf1f143b41e24485cea50d1cbac27 -> 
  custom:video-decoder-ogg-theora: a1e56fd34408186e4bbccfd4996cb3dc -> 
  custom:framework-win-MediaFoundation: 216162199b28c13a410421893ffa2e32 -> 
  custom:scripting/monoscript/fileName/BoxCast2DDebugInfo.cs: c2311bf161c172d65dcd6c1f20c6bf7b -> 
  custom:CustomObjectIndexerAttribute: 6d391050e5a25f67b0a2c618074f2cd9 -> 
  custom:container-demuxer-webm: 4f35f7cbe854078d1ac9338744f61a02 -> 
  custom:container-muxer-webm: aa71ff27fc2769a1b78a27578f13a17b -> 
  custom:video-decoder-webm-vp8: 9c59270c3fd7afecdb556c50c9e8de78 -> 
  custom:SearchIndexIgnoredProperties: e643bd26f0fe6173181afceb89e7c659 -> 
  custom:AudioImporter_EditorPlatform: d09bf68614088b80899f8185d706f6e7 -> 
  custom:video-encoder-webm-vp8: eb34c28f22e8b96e1ab97ce403110664 -> 
  custom:audio-decoder-ogg-vorbis: bf7c407c2cedff20999df2af8eb42d56 -> 
  custom:audio-encoder-webm-vorbis: bf7c407c2cedff20999df2af8eb42d56 -> 
========================================================================
Received Import Request.
  Time since last request: 174.756132 seconds.
  path: Assets/Beam/BeamCast.prefab
  artifactKey: Guid(1bef62bc570a8194b9251130019d4b8d) Importer(815301076,1909f56bfc062723c751e8b465ee728b)
Start importing Assets/Beam/BeamCast.prefab using Guid(1bef62bc570a8194b9251130019d4b8d) Importer(815301076,1909f56bfc062723c751e8b465ee728b)  -> (artifact id: 'fdb346da33526a0039aac998328c57de') in 0.085288 seconds
Number of updated asset objects reloaded before import = 1
Number of asset objects unloaded after import = 15
========================================================================
Received Prepare
Begin MonoManager ReloadAssembly
- Loaded All Assemblies, in  0.499 seconds
Refreshing native plugins compatible for Editor in 7.41 ms, found 4 plugins.
Native extension for WindowsStandalone target not found
Native extension for Android target not found
Native extension for WebGL target not found
[Package Manager] Server::EnsureServerProcessIsRunning -- launch failed, reason: Unity was launched with the -noUpm command-line argument
[Package Manager] UpmClient::Send -- Unable to send message (not connected to UPM process).
[Package Manager] Cannot connect to Unity Package Manager local server
Mono: successfully reloaded assembly
- Finished resetting the current domain, in  1.105 seconds
Domain Reload Profiling: 1600ms
	BeginReloadAssembly (169ms)
		ExecutionOrderSort (0ms)
		DisableScriptedObjects (12ms)
		BackupInstance (0ms)
		ReleaseScriptingObjects (0ms)
		CreateAndSetChildDomain (37ms)
	RebuildCommonClasses (36ms)
	RebuildNativeTypeToScriptingClass (12ms)
	initialDomainReloadingComplete (32ms)
	LoadAllAssembliesAndSetupDomain (245ms)
		LoadAssemblies (311ms)
		RebuildTransferFunctionScriptingTraits (0ms)
		AnalyzeDomain (21ms)
			TypeCache.Refresh (11ms)
				TypeCache.ScanAssembly (0ms)
			ScanForSourceGeneratedMonoScriptInfo (0ms)
			ResolveRequiredComponents (9ms)
	FinalizeReload (1105ms)
		ReleaseScriptCaches (0ms)
		RebuildScriptCaches (0ms)
		SetupLoadedEditorAssemblies (459ms)
			LogAssemblyErrors (0ms)
			InitializePlatformSupportModulesInManaged (27ms)
			SetLoadedEditorAssemblies (3ms)
			RefreshPlugins (0ms)
			BeforeProcessingInitializeOnLoad (81ms)
			ProcessInitializeOnLoadAttributes (304ms)
			ProcessInitializeOnLoadMethodAttributes (37ms)
			AfterProcessingInitializeOnLoad (7ms)
			EditorAssembliesLoaded (0ms)
		ExecutionOrderSort2 (0ms)
		AwakeInstancesAfterBackupRestoration (15ms)
Refreshing native plugins compatible for Editor in 6.09 ms, found 4 plugins.
Preloading 0 native plugins for Editor in 0.00 ms.
Unloading 4100 Unused Serialized files (Serialized files now loaded: 0)
Unloading 36 unused Assets / (35.3 KB). Loaded Objects now: 4658.
Memory consumption went from 157.4 MB to 157.4 MB.
Total: 3.955900 ms (FindLiveObjects: 0.439100 ms CreateObjectMapping: 0.131300 ms MarkObjects: 3.324200 ms  DeleteObjects: 0.060000 ms)

Prepare: number of updated asset objects reloaded= 0
AssetImportParameters requested are different than current active one (requested -> active):
  custom:container-demuxer-ogg: 62fdf1f143b41e24485cea50d1cbac27 -> 
  custom:video-decoder-ogg-theora: a1e56fd34408186e4bbccfd4996cb3dc -> 
  custom:framework-win-MediaFoundation: 216162199b28c13a410421893ffa2e32 -> 
  custom:scripting/monoscript/fileName/BoxCast2DDebugInfo.cs: c2311bf161c172d65dcd6c1f20c6bf7b -> 
  custom:CustomObjectIndexerAttribute: 6d391050e5a25f67b0a2c618074f2cd9 -> 
  custom:container-demuxer-webm: 4f35f7cbe854078d1ac9338744f61a02 -> 
  custom:container-muxer-webm: aa71ff27fc2769a1b78a27578f13a17b -> 
  custom:video-decoder-webm-vp8: 9c59270c3fd7afecdb556c50c9e8de78 -> 
  custom:SearchIndexIgnoredProperties: e643bd26f0fe6173181afceb89e7c659 -> 
  custom:AudioImporter_EditorPlatform: d09bf68614088b80899f8185d706f6e7 -> 
  custom:video-encoder-webm-vp8: eb34c28f22e8b96e1ab97ce403110664 -> 
  custom:audio-decoder-ogg-vorbis: bf7c407c2cedff20999df2af8eb42d56 -> 
  custom:audio-encoder-webm-vorbis: bf7c407c2cedff20999df2af8eb42d56 -> 
========================================================================
Received Prepare
Begin MonoManager ReloadAssembly
- Loaded All Assemblies, in  0.477 seconds
Refreshing native plugins compatible for Editor in 5.37 ms, found 4 plugins.
Native extension for WindowsStandalone target not found
Native extension for Android target not found
Native extension for WebGL target not found
[Package Manager] Server::EnsureServerProcessIsRunning -- launch failed, reason: Unity was launched with the -noUpm command-line argument
[Package Manager] UpmClient::Send -- Unable to send message (not connected to UPM process).
[Package Manager] Cannot connect to Unity Package Manager local server
Mono: successfully reloaded assembly
- Finished resetting the current domain, in  1.049 seconds
Domain Reload Profiling: 1522ms
	BeginReloadAssembly (149ms)
		ExecutionOrderSort (0ms)
		DisableScriptedObjects (17ms)
		BackupInstance (0ms)
		ReleaseScriptingObjects (0ms)
		CreateAndSetChildDomain (32ms)
	RebuildCommonClasses (35ms)
	RebuildNativeTypeToScriptingClass (12ms)
	initialDomainReloadingComplete (31ms)
	LoadAllAssembliesAndSetupDomain (245ms)
		LoadAssemblies (300ms)
		RebuildTransferFunctionScriptingTraits (0ms)
		AnalyzeDomain (17ms)
			TypeCache.Refresh (7ms)
				TypeCache.ScanAssembly (0ms)
			ScanForSourceGeneratedMonoScriptInfo (0ms)
			ResolveRequiredComponents (10ms)
	FinalizeReload (1050ms)
		ReleaseScriptCaches (0ms)
		RebuildScriptCaches (0ms)
		SetupLoadedEditorAssemblies (450ms)
			LogAssemblyErrors (0ms)
			InitializePlatformSupportModulesInManaged (28ms)
			SetLoadedEditorAssemblies (3ms)
			RefreshPlugins (0ms)
			BeforeProcessingInitializeOnLoad (73ms)
			ProcessInitializeOnLoadAttributes (303ms)
			ProcessInitializeOnLoadMethodAttributes (36ms)
			AfterProcessingInitializeOnLoad (7ms)
			EditorAssembliesLoaded (0ms)
		ExecutionOrderSort2 (0ms)
		AwakeInstancesAfterBackupRestoration (16ms)
Refreshing native plugins compatible for Editor in 5.94 ms, found 4 plugins.
Preloading 0 native plugins for Editor in 0.00 ms.
Unloading 4101 Unused Serialized files (Serialized files now loaded: 0)
Unloading 36 unused Assets / (35.3 KB). Loaded Objects now: 4662.
Memory consumption went from 159.6 MB to 159.6 MB.
Total: 3.327100 ms (FindLiveObjects: 0.517700 ms CreateObjectMapping: 0.147700 ms MarkObjects: 2.603200 ms  DeleteObjects: 0.057700 ms)

Prepare: number of updated asset objects reloaded= 0
AssetImportParameters requested are different than current active one (requested -> active):
  custom:container-demuxer-ogg: 62fdf1f143b41e24485cea50d1cbac27 -> 
  custom:video-decoder-ogg-theora: a1e56fd34408186e4bbccfd4996cb3dc -> 
  custom:framework-win-MediaFoundation: 216162199b28c13a410421893ffa2e32 -> 
  custom:scripting/monoscript/fileName/BoxCast2DDebugInfo.cs: c2311bf161c172d65dcd6c1f20c6bf7b -> 
  custom:CustomObjectIndexerAttribute: 6d391050e5a25f67b0a2c618074f2cd9 -> 
  custom:container-demuxer-webm: 4f35f7cbe854078d1ac9338744f61a02 -> 
  custom:container-muxer-webm: aa71ff27fc2769a1b78a27578f13a17b -> 
  custom:video-decoder-webm-vp8: 9c59270c3fd7afecdb556c50c9e8de78 -> 
  custom:SearchIndexIgnoredProperties: e643bd26f0fe6173181afceb89e7c659 -> 
  custom:AudioImporter_EditorPlatform: d09bf68614088b80899f8185d706f6e7 -> 
  custom:video-encoder-webm-vp8: eb34c28f22e8b96e1ab97ce403110664 -> 
  custom:audio-decoder-ogg-vorbis: bf7c407c2cedff20999df2af8eb42d56 -> 
  custom:audio-encoder-webm-vorbis: bf7c407c2cedff20999df2af8eb42d56 -> 
========================================================================
Received Import Request.
  Time since last request: 267.195382 seconds.
  path: Assets/Beam/Beam.mat
  artifactKey: Guid(25fc23a29b9e02c4b869b374d5917549) Importer(815301076,1909f56bfc062723c751e8b465ee728b)
Start importing Assets/Beam/Beam.mat using Guid(25fc23a29b9e02c4b869b374d5917549) Importer(815301076,1909f56bfc062723c751e8b465ee728b)  -> (artifact id: '45afb339b05ee6731b62c9f901ade92a') in 0.075549 seconds
Number of updated asset objects reloaded before import = 0
Number of asset objects unloaded after import = 2
========================================================================
Received Import Request.
  Time since last request: 6.296258 seconds.
  path: Assets/Enemies
  artifactKey: Guid(51aa7128364a94b4687248801f486170) Importer(815301076,1909f56bfc062723c751e8b465ee728b)
Start importing Assets/Enemies using Guid(51aa7128364a94b4687248801f486170) Importer(815301076,1909f56bfc062723c751e8b465ee728b)  -> (artifact id: 'c95fee44467132c14e60eae1fa94f748') in 0.000702 seconds
Number of updated asset objects reloaded before import = 0
Number of asset objects unloaded after import = 0
========================================================================
Received Import Request.
  Time since last request: 0.042992 seconds.
  path: Assets/Enemies/ChargeEnemy.prefab
  artifactKey: Guid(9ffd768be2495e24aae2284ba297a068) Importer(815301076,1909f56bfc062723c751e8b465ee728b)
Start importing Assets/Enemies/ChargeEnemy.prefab using Guid(9ffd768be2495e24aae2284ba297a068) Importer(815301076,1909f56bfc062723c751e8b465ee728b)  -> (artifact id: 'aea6829c0de4f1b619cbb49b66f7b25a') in 0.078248 seconds
Number of updated asset objects reloaded before import = 0
Number of asset objects unloaded after import = 26
========================================================================
Received Import Request.
  Time since last request: 1.562727 seconds.
  path: Assets/LevelParts/Beam.prefab
  artifactKey: Guid(4d5d0528bc963054fa4569856c5ec613) Importer(815301076,1909f56bfc062723c751e8b465ee728b)
Start importing Assets/LevelParts/Beam.prefab using Guid(4d5d0528bc963054fa4569856c5ec613) Importer(815301076,1909f56bfc062723c751e8b465ee728b)  -> (artifact id: '0b3c6597f6fea866cf2bf7c6d3c96aac') in 0.017552 seconds
Number of updated asset objects reloaded before import = 0
Number of asset objects unloaded after import = 30
========================================================================
Received Import Request.
  Time since last request: 0.023079 seconds.
  path: Assets/LevelParts/QuadBeam.prefab
  artifactKey: Guid(95c4af7b808e49541825ced9017ef150) Importer(815301076,1909f56bfc062723c751e8b465ee728b)
Start importing Assets/LevelParts/QuadBeam.prefab using Guid(95c4af7b808e49541825ced9017ef150) Importer(815301076,1909f56bfc062723c751e8b465ee728b)  -> (artifact id: '35f89724cab048ef11248736dfa8b554') in 0.017920 seconds
Number of updated asset objects reloaded before import = 0
Number of asset objects unloaded after import = 60
========================================================================
Received Import Request.
  Time since last request: 0.680469 seconds.
  path: Assets/LevelParts/3d/Eyeball.prefab
  artifactKey: Guid(b2a42bfb429e57742b0f6c666ef1ed8d) Importer(815301076,1909f56bfc062723c751e8b465ee728b)
Start importing Assets/LevelParts/3d/Eyeball.prefab using Guid(b2a42bfb429e57742b0f6c666ef1ed8d) Importer(815301076,1909f56bfc062723c751e8b465ee728b)  -> (artifact id: '1d4ee3faf0422ceeeff9c456ca886fe4') in 0.112674 seconds
Number of updated asset objects reloaded before import = 0
Number of asset objects unloaded after import = 40
========================================================================
Received Import Request.
  Time since last request: 0.000021 seconds.
  path: Assets/LevelParts/3d/EyeballPlacementRoofFlip.prefab
  artifactKey: Guid(b230dbfc97722b54982b70eec1ea9b68) Importer(815301076,1909f56bfc062723c751e8b465ee728b)
Start importing Assets/LevelParts/3d/EyeballPlacementRoofFlip.prefab using Guid(b230dbfc97722b54982b70eec1ea9b68) Importer(815301076,1909f56bfc062723c751e8b465ee728b)  -> (artifact id: 'f22b61a3ef2e5ce72f6074d6890d57fc') in 0.055269 seconds
Number of updated asset objects reloaded before import = 0
Number of asset objects unloaded after import = 111
========================================================================
Received Import Request.
  Time since last request: 0.000028 seconds.
  path: Assets/LevelParts/3d/EyeballPlacementWithTower.prefab
  artifactKey: Guid(9e81ce0015da9d54b9dea1478b20e6d5) Importer(815301076,1909f56bfc062723c751e8b465ee728b)
Start importing Assets/LevelParts/3d/EyeballPlacementWithTower.prefab using Guid(9e81ce0015da9d54b9dea1478b20e6d5) Importer(815301076,1909f56bfc062723c751e8b465ee728b)  -> (artifact id: 'aaf391a2458fc1c707a008ccb7ac2eff') in 0.026694 seconds
Number of updated asset objects reloaded before import = 0
Number of asset objects unloaded after import = 106
========================================================================
Received Import Request.
  Time since last request: 49.143969 seconds.
  path: Assets/LevelParts/3d/EyeballPlacementRoof.prefab
  artifactKey: Guid(4d03bc65f4bb49e4d9dc5c07d5928637) Importer(815301076,1909f56bfc062723c751e8b465ee728b)
Start importing Assets/LevelParts/3d/EyeballPlacementRoof.prefab using Guid(4d03bc65f4bb49e4d9dc5c07d5928637) Importer(815301076,1909f56bfc062723c751e8b465ee728b)  -> (artifact id: '9ba36423a9f47f56a91e3056ac766de9') in 0.028134 seconds
Number of updated asset objects reloaded before import = 0
Number of asset objects unloaded after import = 111
========================================================================
Received Import Request.
  Time since last request: 0.000017 seconds.
  path: Assets/LevelParts/3d/EyeballPlacementWithTower.prefab
  artifactKey: Guid(9e81ce0015da9d54b9dea1478b20e6d5) Importer(815301076,1909f56bfc062723c751e8b465ee728b)
Start importing Assets/LevelParts/3d/EyeballPlacementWithTower.prefab using Guid(9e81ce0015da9d54b9dea1478b20e6d5) Importer(815301076,1909f56bfc062723c751e8b465ee728b)  -> (artifact id: 'fb96046a1e8c1aa3e3e876984d0fd5e2') in 0.019323 seconds
Number of updated asset objects reloaded before import = 0
Number of asset objects unloaded after import = 106
========================================================================
Received Import Request.
  Time since last request: 13.621408 seconds.
  path: Assets/LevelParts/3d/EyeballPlacementRoof.prefab
  artifactKey: Guid(4d03bc65f4bb49e4d9dc5c07d5928637) Importer(815301076,1909f56bfc062723c751e8b465ee728b)
Start importing Assets/LevelParts/3d/EyeballPlacementRoof.prefab using Guid(4d03bc65f4bb49e4d9dc5c07d5928637) Importer(815301076,1909f56bfc062723c751e8b465ee728b)  -> (artifact id: '26bb5bda20bf17e6986cd34fae0b4bc5') in 0.028524 seconds
Number of updated asset objects reloaded before import = 0
Number of asset objects unloaded after import = 111
========================================================================
Received Import Request.
  Time since last request: 0.000022 seconds.
  path: Assets/LevelParts/3d/EyeballPlacementWithTower.prefab
  artifactKey: Guid(9e81ce0015da9d54b9dea1478b20e6d5) Importer(815301076,1909f56bfc062723c751e8b465ee728b)
Start importing Assets/LevelParts/3d/EyeballPlacementWithTower.prefab using Guid(9e81ce0015da9d54b9dea1478b20e6d5) Importer(815301076,1909f56bfc062723c751e8b465ee728b)  -> (artifact id: '6ba4f5574fe715459bd2c0a72d6beee7') in 0.020335 seconds
Number of updated asset objects reloaded before import = 0
Number of asset objects unloaded after import = 106
========================================================================
Received Import Request.
  Time since last request: 10.038947 seconds.
  path: Assets/LevelParts/3d/EyeballPlacementRoof.prefab
  artifactKey: Guid(4d03bc65f4bb49e4d9dc5c07d5928637) Importer(815301076,1909f56bfc062723c751e8b465ee728b)
Start importing Assets/LevelParts/3d/EyeballPlacementRoof.prefab using Guid(4d03bc65f4bb49e4d9dc5c07d5928637) Importer(815301076,1909f56bfc062723c751e8b465ee728b)  -> (artifact id: 'ce70cfaaa8ca73d239a24c46f0f8faeb') in 0.025198 seconds
Number of updated asset objects reloaded before import = 0
Number of asset objects unloaded after import = 111
========================================================================
Received Import Request.
  Time since last request: 0.000018 seconds.
  path: Assets/LevelParts/3d/EyeballPlacementTower.prefab
  artifactKey: Guid(e7a12c69b908fc243a7c104ba515c111) Importer(815301076,1909f56bfc062723c751e8b465ee728b)
Start importing Assets/LevelParts/3d/EyeballPlacementTower.prefab using Guid(e7a12c69b908fc243a7c104ba515c111) Importer(815301076,1909f56bfc062723c751e8b465ee728b)  -> (artifact id: '80afe5a52d16ee8d14823cf9535b8c02') in 0.023637 seconds
Number of updated asset objects reloaded before import = 0
Number of asset objects unloaded after import = 97
========================================================================
Received Import Request.
  Time since last request: 75.805064 seconds.
  path: Assets/Graphics/Transitions/WipeTransitionForward.mat
  artifactKey: Guid(22e5844b9729f4a4ca8bbefa053e6fe8) Importer(815301076,1909f56bfc062723c751e8b465ee728b)
Start importing Assets/Graphics/Transitions/WipeTransitionForward.mat using Guid(22e5844b9729f4a4ca8bbefa053e6fe8) Importer(815301076,1909f56bfc062723c751e8b465ee728b)  -> (artifact id: '5d6c08a80fcc75b0d206bfa433b9aad9') in 0.017971 seconds
Number of updated asset objects reloaded before import = 0
Number of asset objects unloaded after import = 2
========================================================================
Received Import Request.
  Time since last request: 0.294239 seconds.
  path: Assets/Graphics/Castle/Textures/StoneStretchedGate.mat
  artifactKey: Guid(5d733a743cbbe974cbfaf79b5e07e2d5) Importer(815301076,1909f56bfc062723c751e8b465ee728b)
Start importing Assets/Graphics/Castle/Textures/StoneStretchedGate.mat using Guid(5d733a743cbbe974cbfaf79b5e07e2d5) Importer(815301076,1909f56bfc062723c751e8b465ee728b)  -> (artifact id: '692d1026fd778a69617165c6ab7f46c3') in 0.017230 seconds
Number of updated asset objects reloaded before import = 0
Number of asset objects unloaded after import = 3
========================================================================
Received Import Request.
  Time since last request: 0.880600 seconds.
  path: Assets/Graphics/Castle/wallFortifiedPaint_gate.fbx
  artifactKey: Guid(ebf685f921987ff489e6d766ec88af14) Importer(815301076,1909f56bfc062723c751e8b465ee728b)
Start importing Assets/Graphics/Castle/wallFortifiedPaint_gate.fbx using Guid(ebf685f921987ff489e6d766ec88af14) Importer(815301076,1909f56bfc062723c751e8b465ee728b)  -> (artifact id: 'b614fe157b2a3808a601f698f6057fac') in 0.096061 seconds
Number of updated asset objects reloaded before import = 0
Number of asset objects unloaded after import = 15
========================================================================
Received Import Request.
  Time since last request: 0.000021 seconds.
  path: Assets/Graphics/Castle/wallPaint_flat.fbx
  artifactKey: Guid(ea2feb5b0eb65214497ee75c76696105) Importer(815301076,1909f56bfc062723c751e8b465ee728b)
Start importing Assets/Graphics/Castle/wallPaint_flat.fbx using Guid(ea2feb5b0eb65214497ee75c76696105) Importer(815301076,1909f56bfc062723c751e8b465ee728b)  -> (artifact id: 'df0a7d3f102a91c0133a86de642d0881') in 0.048109 seconds
Number of updated asset objects reloaded before import = 0
Number of asset objects unloaded after import = 13
========================================================================
Received Import Request.
  Time since last request: 0.000479 seconds.
  path: Assets/Graphics/Castle/roof.fbx
  artifactKey: Guid(3a09fae12a4c5fa46b39620fb9c61d82) Importer(815301076,1909f56bfc062723c751e8b465ee728b)
Start importing Assets/Graphics/Castle/roof.fbx using Guid(3a09fae12a4c5fa46b39620fb9c61d82) Importer(815301076,1909f56bfc062723c751e8b465ee728b)  -> (artifact id: '82d931044a9a6f2f43c71ffe56800c71') in 0.048375 seconds
Number of updated asset objects reloaded before import = 0
Number of asset objects unloaded after import = 15
========================================================================
Received Import Request.
  Time since last request: 0.000020 seconds.
  path: Assets/Graphics/Castle/wall_half.fbx
  artifactKey: Guid(c1fd7c580707e8a4783cc14a4948d865) Importer(815301076,1909f56bfc062723c751e8b465ee728b)
Start importing Assets/Graphics/Castle/wall_half.fbx using Guid(c1fd7c580707e8a4783cc14a4948d865) Importer(815301076,1909f56bfc062723c751e8b465ee728b)  -> (artifact id: '28e0c36f3a19c1ffa5093e121c4abff2') in 0.024980 seconds
Number of updated asset objects reloaded before import = 0
Number of asset objects unloaded after import = 11
========================================================================
Received Import Request.
  Time since last request: 0.000027 seconds.
  path: Assets/Graphics/Castle/overhang.fbx
  artifactKey: Guid(04739620875a02d4a9d2d81d602650c7) Importer(815301076,1909f56bfc062723c751e8b465ee728b)
Start importing Assets/Graphics/Castle/overhang.fbx using Guid(04739620875a02d4a9d2d81d602650c7) Importer(815301076,1909f56bfc062723c751e8b465ee728b)  -> (artifact id: 'a83b1989069cd8581af4c33be9036ba1') in 0.037090 seconds
Number of updated asset objects reloaded before import = 0
Number of asset objects unloaded after import = 9
========================================================================
Received Import Request.
  Time since last request: 0.000019 seconds.
  path: Assets/Graphics/Castle/wallFortified_gateHalf.fbx
  artifactKey: Guid(dc89e755d6222a540bfe6c8f64edc78a) Importer(815301076,1909f56bfc062723c751e8b465ee728b)
Start importing Assets/Graphics/Castle/wallFortified_gateHalf.fbx using Guid(dc89e755d6222a540bfe6c8f64edc78a) Importer(815301076,1909f56bfc062723c751e8b465ee728b)  -> (artifact id: '348262c548c1be7e58e56c3ffda0be93') in 0.065023 seconds
Number of updated asset objects reloaded before import = 0
Number of asset objects unloaded after import = 13
========================================================================
Received Import Request.
  Time since last request: 0.000017 seconds.
  path: Assets/Graphics/Castle/roof_corner.fbx
  artifactKey: Guid(d5ef89fb6427a6845ab0a38af4b66d0a) Importer(815301076,1909f56bfc062723c751e8b465ee728b)
Start importing Assets/Graphics/Castle/roof_corner.fbx using Guid(d5ef89fb6427a6845ab0a38af4b66d0a) Importer(815301076,1909f56bfc062723c751e8b465ee728b)  -> (artifact id: '313e62d84dffb63f29a9faed2db724d7') in 0.066111 seconds
Number of updated asset objects reloaded before import = 0
Number of asset objects unloaded after import = 15
========================================================================
Received Import Request.
  Time since last request: 0.000017 seconds.
  path: Assets/Graphics/Castle/wallFortifiedPaint.fbx
  artifactKey: Guid(c28d10666cf1ebd49af7d8bbe1fa22ce) Importer(815301076,1909f56bfc062723c751e8b465ee728b)
Start importing Assets/Graphics/Castle/wallFortifiedPaint.fbx using Guid(c28d10666cf1ebd49af7d8bbe1fa22ce) Importer(815301076,1909f56bfc062723c751e8b465ee728b)  -> (artifact id: '4d61856f6b8e7de458f6822ba0a9e583') in 0.038122 seconds
Number of updated asset objects reloaded before import = 0
Number of asset objects unloaded after import = 13
========================================================================
Received Import Request.
  Time since last request: 0.000020 seconds.
  path: Assets/Graphics/Castle/floor_stairs.fbx
  artifactKey: Guid(921d7206ebc5e47428cfaf0b64c9a583) Importer(815301076,1909f56bfc062723c751e8b465ee728b)
Start importing Assets/Graphics/Castle/floor_stairs.fbx using Guid(921d7206ebc5e47428cfaf0b64c9a583) Importer(815301076,1909f56bfc062723c751e8b465ee728b)  -> (artifact id: 'd0d4d43ac888691c72f02e4165da7f4e') in 0.079078 seconds
Number of updated asset objects reloaded before import = 0
Number of asset objects unloaded after import = 11
========================================================================
Received Import Request.
  Time since last request: 0.000026 seconds.
  path: Assets/Graphics/Enemies/Eyeball.mat
  artifactKey: Guid(52f3d16bdca5cd2489ce60ddff6d58a4) Importer(815301076,1909f56bfc062723c751e8b465ee728b)
Start importing Assets/Graphics/Enemies/Eyeball.mat using Guid(52f3d16bdca5cd2489ce60ddff6d58a4) Importer(815301076,1909f56bfc062723c751e8b465ee728b)  -> (artifact id: 'bc6d9c7b83efa963d9182b7484b39b88') in 0.019354 seconds
Number of updated asset objects reloaded before import = 0
Number of asset objects unloaded after import = 5
========================================================================
Received Import Request.
  Time since last request: 0.000017 seconds.
  path: Assets/Text/GothicPixels.ttf
  artifactKey: Guid(db1bfaa70719f1a4181ac5e167252e84) Importer(815301076,1909f56bfc062723c751e8b465ee728b)
Start importing Assets/Text/GothicPixels.ttf using Guid(db1bfaa70719f1a4181ac5e167252e84) Importer(815301076,1909f56bfc062723c751e8b465ee728b)  -> (artifact id: '23f32ad08706e3c2c0937bf92c3d72c8') in 0.048762 seconds
Number of updated asset objects reloaded before import = 0
Number of asset objects unloaded after import = 4
========================================================================
Received Import Request.
  Time since last request: 0.000023 seconds.
  path: Assets/TextMesh Pro/Resources/Fonts & Materials/LiberationSans SDF - Drop Shadow.mat
  artifactKey: Guid(e73a58f6e2794ae7b1b7e50b7fb811b0) Importer(815301076,1909f56bfc062723c751e8b465ee728b)
Start importing Assets/TextMesh Pro/Resources/Fonts & Materials/LiberationSans SDF - Drop Shadow.mat using Guid(e73a58f6e2794ae7b1b7e50b7fb811b0) Importer(815301076,1909f56bfc062723c751e8b465ee728b)  -> (artifact id: '28dce1e789e5089f026a7a5fd3581a69') in 0.087510 seconds
Number of updated asset objects reloaded before import = 0
Number of asset objects unloaded after import = 2
========================================================================
Received Import Request.
  Time since last request: 0.000068 seconds.
  path: Assets/Graphics/MonocolorMats/MonoSky.mat
  artifactKey: Guid(39375bb483c347b498572fac6128745d) Importer(815301076,1909f56bfc062723c751e8b465ee728b)
Start importing Assets/Graphics/MonocolorMats/MonoSky.mat using Guid(39375bb483c347b498572fac6128745d) Importer(815301076,1909f56bfc062723c751e8b465ee728b)  -> (artifact id: '57f79cb250f16c17aae1ed44a6d59403') in 0.016035 seconds
Number of updated asset objects reloaded before import = 0
Number of asset objects unloaded after import = 2
========================================================================
Received Import Request.
  Time since last request: 0.000018 seconds.
  path: Assets/Graphics/Castle/fence.fbx
  artifactKey: Guid(438566400cf63fc40ba5d18aa14ee4d1) Importer(815301076,1909f56bfc062723c751e8b465ee728b)
Start importing Assets/Graphics/Castle/fence.fbx using Guid(438566400cf63fc40ba5d18aa14ee4d1) Importer(815301076,1909f56bfc062723c751e8b465ee728b)  -> (artifact id: '8e8a8ef53bf1b09bb88aed785612ade9') in 0.027377 seconds
Number of updated asset objects reloaded before import = 0
Number of asset objects unloaded after import = 9
========================================================================
Received Import Request.
  Time since last request: 0.000017 seconds.
  path: Assets/Checkpoint/CubeMaterial.mat
  artifactKey: Guid(edc516dbe711d6844b50cc64eee223be) Importer(815301076,1909f56bfc062723c751e8b465ee728b)
Start importing Assets/Checkpoint/CubeMaterial.mat using Guid(edc516dbe711d6844b50cc64eee223be) Importer(815301076,1909f56bfc062723c751e8b465ee728b)  -> (artifact id: '126867d6428a966f2e7b694eec61bd49') in 0.043916 seconds
Number of updated asset objects reloaded before import = 0
Number of asset objects unloaded after import = 1
========================================================================
Received Import Request.
  Time since last request: 0.000023 seconds.
  path: Assets/Graphics/Castle/wallPaint_detail.fbx
  artifactKey: Guid(1f6fb79ceaf51704f9121ea7b249d376) Importer(815301076,1909f56bfc062723c751e8b465ee728b)
Start importing Assets/Graphics/Castle/wallPaint_detail.fbx using Guid(1f6fb79ceaf51704f9121ea7b249d376) Importer(815301076,1909f56bfc062723c751e8b465ee728b)  -> (artifact id: 'fe4b9ad4de53257c15ade26ac7897a94') in 0.085814 seconds
Number of updated asset objects reloaded before import = 0
Number of asset objects unloaded after import = 11
========================================================================
Received Import Request.
  Time since last request: 0.000030 seconds.
  path: Assets/Graphics/Castle/wallFortified.fbx
  artifactKey: Guid(0ec52b0db7d67c14ebaf50e9421419fe) Importer(815301076,1909f56bfc062723c751e8b465ee728b)
Start importing Assets/Graphics/Castle/wallFortified.fbx using Guid(0ec52b0db7d67c14ebaf50e9421419fe) Importer(815301076,1909f56bfc062723c751e8b465ee728b)  -> (artifact id: 'ace71f569d85fd36aa19ee0ed6d6b2f8') in 0.052234 seconds
Number of updated asset objects reloaded before import = 0
Number of asset objects unloaded after import = 13
========================================================================
Received Import Request.
  Time since last request: 0.000019 seconds.
  path: Assets/Graphics/Castle/wallFortified_gate.fbx
  artifactKey: Guid(9863b31f99859b346b1a9b894530cc7c) Importer(815301076,1909f56bfc062723c751e8b465ee728b)
Start importing Assets/Graphics/Castle/wallFortified_gate.fbx using Guid(9863b31f99859b346b1a9b894530cc7c) Importer(815301076,1909f56bfc062723c751e8b465ee728b)  -> (artifact id: '7c19a6eb3cb2d9d566adebe3d2bf6825') in 0.080467 seconds
Number of updated asset objects reloaded before import = 0
Number of asset objects unloaded after import = 14
========================================================================
Received Import Request.
  Time since last request: 0.000018 seconds.
  path: Assets/TextMesh Pro/Fonts/LiberationSans.ttf
  artifactKey: Guid(e3265ab4bf004d28a9537516768c1c75) Importer(815301076,1909f56bfc062723c751e8b465ee728b)
Start importing Assets/TextMesh Pro/Fonts/LiberationSans.ttf using Guid(e3265ab4bf004d28a9537516768c1c75) Importer(815301076,1909f56bfc062723c751e8b465ee728b)  -> (artifact id: '868ae7279cb8681e901fb13a12c8cb7e') in 0.014956 seconds
Number of updated asset objects reloaded before import = 0
Number of asset objects unloaded after import = 4
========================================================================
Received Import Request.
  Time since last request: 0.000017 seconds.
  path: Assets/Graphics/Castle/battlement.fbx
  artifactKey: Guid(dc769637cfe57da4aa694b37b12ea9b5) Importer(815301076,1909f56bfc062723c751e8b465ee728b)
Start importing Assets/Graphics/Castle/battlement.fbx using Guid(dc769637cfe57da4aa694b37b12ea9b5) Importer(815301076,1909f56bfc062723c751e8b465ee728b)  -> (artifact id: '2aab0b332dcc2572e6872caff3768aa0') in 0.067725 seconds
Number of updated asset objects reloaded before import = 0
Number of asset objects unloaded after import = 11
========================================================================
Received Import Request.
  Time since last request: 0.000021 seconds.
  path: Assets/Graphics/Castle/overhang_fence.fbx
  artifactKey: Guid(886ec22f1eec26e439ae8ed8a241ece4) Importer(815301076,1909f56bfc062723c751e8b465ee728b)
Start importing Assets/Graphics/Castle/overhang_fence.fbx using Guid(886ec22f1eec26e439ae8ed8a241ece4) Importer(815301076,1909f56bfc062723c751e8b465ee728b)  -> (artifact id: 'd8ce8753ca72f7f2fb50014f1f5c1a9c') in 0.035097 seconds
Number of updated asset objects reloaded before import = 0
Number of asset objects unloaded after import = 9
========================================================================
Received Import Request.
  Time since last request: 0.000028 seconds.
  path: Assets/Text/Pixtile.ttf
  artifactKey: Guid(2667cb34c4ffb0c4fa5dd17e02e5e874) Importer(815301076,1909f56bfc062723c751e8b465ee728b)
Start importing Assets/Text/Pixtile.ttf using Guid(2667cb34c4ffb0c4fa5dd17e02e5e874) Importer(815301076,1909f56bfc062723c751e8b465ee728b)  -> (artifact id: '9e1c1053e88decb0666ef35924d5f0c9') in 0.009961 seconds
Number of updated asset objects reloaded before import = 0
Number of asset objects unloaded after import = 4
========================================================================
Received Import Request.
  Time since last request: 0.000019 seconds.
  path: Assets/Graphics/Castle/wall_gateHalf.fbx
  artifactKey: Guid(c814627f4e92f4846b4764c457d1be21) Importer(815301076,1909f56bfc062723c751e8b465ee728b)
Start importing Assets/Graphics/Castle/wall_gateHalf.fbx using Guid(c814627f4e92f4846b4764c457d1be21) Importer(815301076,1909f56bfc062723c751e8b465ee728b)  -> (artifact id: '76b9e3a2f8c914e7b211c81bada84b5b') in 0.057469 seconds
Number of updated asset objects reloaded before import = 0
Number of asset objects unloaded after import = 11
========================================================================
Received Import Request.
  Time since last request: 0.000018 seconds.
  path: Assets/Graphics/Castle/column_damaged.fbx
  artifactKey: Guid(04e00334f9a72bb43b0db0c65c4debf4) Importer(815301076,1909f56bfc062723c751e8b465ee728b)
Start importing Assets/Graphics/Castle/column_damaged.fbx using Guid(04e00334f9a72bb43b0db0c65c4debf4) Importer(815301076,1909f56bfc062723c751e8b465ee728b)  -> (artifact id: 'f6b7a465a8bdf09a7452a385eb0a0130') in 0.055643 seconds
Number of updated asset objects reloaded before import = 0
Number of asset objects unloaded after import = 11
========================================================================
Received Import Request.
  Time since last request: 1.918319 seconds.
  path: Assets/Graphics/Castle/floor_flat.fbx
  artifactKey: Guid(2f9b6440ac2c70a4aa011c84396c16c0) Importer(815301076,1909f56bfc062723c751e8b465ee728b)
Start importing Assets/Graphics/Castle/floor_flat.fbx using Guid(2f9b6440ac2c70a4aa011c84396c16c0) Importer(815301076,1909f56bfc062723c751e8b465ee728b)  -> (artifact id: '857f6aeff5e82e0f3b95a9849579a1b8') in 0.038582 seconds
Number of updated asset objects reloaded before import = 0
Number of asset objects unloaded after import = 9
========================================================================
Received Import Request.
  Time since last request: 0.000022 seconds.
  path: Assets/Checkpoint/Cube 1.mat
  artifactKey: Guid(58e4d2e6f896ee744b6970abe876ebc9) Importer(815301076,1909f56bfc062723c751e8b465ee728b)
Start importing Assets/Checkpoint/Cube 1.mat using Guid(58e4d2e6f896ee744b6970abe876ebc9) Importer(815301076,1909f56bfc062723c751e8b465ee728b)  -> (artifact id: 'e7308a16f587e5a0118e072d1cf69858') in 0.015824 seconds
Number of updated asset objects reloaded before import = 0
Number of asset objects unloaded after import = 1
========================================================================
Received Prepare
Begin MonoManager ReloadAssembly
- Loaded All Assemblies, in  0.726 seconds
Refreshing native plugins compatible for Editor in 5.57 ms, found 4 plugins.
Native extension for WindowsStandalone target not found
Native extension for Android target not found
Native extension for WebGL target not found
[Package Manager] Server::EnsureServerProcessIsRunning -- launch failed, reason: Unity was launched with the -noUpm command-line argument
[Package Manager] UpmClient::Send -- Unable to send message (not connected to UPM process).
[Package Manager] Cannot connect to Unity Package Manager local server
Mono: successfully reloaded assembly
- Finished resetting the current domain, in  1.544 seconds
Domain Reload Profiling: 2265ms
	BeginReloadAssembly (231ms)
		ExecutionOrderSort (0ms)
		DisableScriptedObjects (13ms)
		BackupInstance (0ms)
		ReleaseScriptingObjects (0ms)
		CreateAndSetChildDomain (45ms)
	RebuildCommonClasses (61ms)
	RebuildNativeTypeToScriptingClass (13ms)
	initialDomainReloadingComplete (41ms)
	LoadAllAssembliesAndSetupDomain (374ms)
		LoadAssemblies (490ms)
		RebuildTransferFunctionScriptingTraits (0ms)
		AnalyzeDomain (16ms)
			TypeCache.Refresh (7ms)
				TypeCache.ScanAssembly (0ms)
			ScanForSourceGeneratedMonoScriptInfo (0ms)
			ResolveRequiredComponents (7ms)
	FinalizeReload (1545ms)
		ReleaseScriptCaches (0ms)
		RebuildScriptCaches (0ms)
		SetupLoadedEditorAssemblies (690ms)
			LogAssemblyErrors (0ms)
			InitializePlatformSupportModulesInManaged (36ms)
			SetLoadedEditorAssemblies (4ms)
			RefreshPlugins (0ms)
			BeforeProcessingInitializeOnLoad (106ms)
			ProcessInitializeOnLoadAttributes (460ms)
			ProcessInitializeOnLoadMethodAttributes (72ms)
			AfterProcessingInitializeOnLoad (11ms)
			EditorAssembliesLoaded (0ms)
		ExecutionOrderSort2 (0ms)
		AwakeInstancesAfterBackupRestoration (23ms)
Refreshing native plugins compatible for Editor in 7.44 ms, found 4 plugins.
Preloading 0 native plugins for Editor in 0.00 ms.
Unloading 4100 Unused Serialized files (Serialized files now loaded: 0)
Unloading 38 unused Assets / (38.2 KB). Loaded Objects now: 4674.
Memory consumption went from 161.7 MB to 161.7 MB.
Total: 4.073700 ms (FindLiveObjects: 0.506200 ms CreateObjectMapping: 0.162200 ms MarkObjects: 3.301800 ms  DeleteObjects: 0.102300 ms)

Prepare: number of updated asset objects reloaded= 0
AssetImportParameters requested are different than current active one (requested -> active):
  custom:container-demuxer-ogg: 62fdf1f143b41e24485cea50d1cbac27 -> 
  custom:video-decoder-ogg-theora: a1e56fd34408186e4bbccfd4996cb3dc -> 
  custom:framework-win-MediaFoundation: 216162199b28c13a410421893ffa2e32 -> 
  custom:scripting/monoscript/fileName/BoxCast2DDebugInfo.cs: c2311bf161c172d65dcd6c1f20c6bf7b -> 
  custom:CustomObjectIndexerAttribute: 6d391050e5a25f67b0a2c618074f2cd9 -> 
  custom:container-demuxer-webm: 4f35f7cbe854078d1ac9338744f61a02 -> 
  custom:container-muxer-webm: aa71ff27fc2769a1b78a27578f13a17b -> 
  custom:video-decoder-webm-vp8: 9c59270c3fd7afecdb556c50c9e8de78 -> 
  custom:SearchIndexIgnoredProperties: e643bd26f0fe6173181afceb89e7c659 -> 
  custom:AudioImporter_EditorPlatform: d09bf68614088b80899f8185d706f6e7 -> 
  custom:video-encoder-webm-vp8: eb34c28f22e8b96e1ab97ce403110664 -> 
  custom:audio-decoder-ogg-vorbis: bf7c407c2cedff20999df2af8eb42d56 -> 
  custom:audio-encoder-webm-vorbis: bf7c407c2cedff20999df2af8eb42d56 -> 
========================================================================
Received Import Request.
  Time since last request: 280.313011 seconds.
  path: Assets/LevelParts/3d/EyeballPlacementRoof.prefab
  artifactKey: Guid(4d03bc65f4bb49e4d9dc5c07d5928637) Importer(815301076,1909f56bfc062723c751e8b465ee728b)
Start importing Assets/LevelParts/3d/EyeballPlacementRoof.prefab using Guid(4d03bc65f4bb49e4d9dc5c07d5928637) Importer(815301076,1909f56bfc062723c751e8b465ee728b)  -> (artifact id: '46e0365c560f25eb3d8e6bd617ec25d4') in 0.137972 seconds
Number of updated asset objects reloaded before import = 0
Number of asset objects unloaded after import = 111
========================================================================
Received Import Request.
  Time since last request: 0.000021 seconds.
  path: Assets/LevelParts/3d/EyeballPlacementTower.prefab
  artifactKey: Guid(e7a12c69b908fc243a7c104ba515c111) Importer(815301076,1909f56bfc062723c751e8b465ee728b)
Start importing Assets/LevelParts/3d/EyeballPlacementTower.prefab using Guid(e7a12c69b908fc243a7c104ba515c111) Importer(815301076,1909f56bfc062723c751e8b465ee728b)  -> (artifact id: 'f61c20005b04fb7f9f9ab79838a4a147') in 0.028258 seconds
Number of updated asset objects reloaded before import = 0
Number of asset objects unloaded after import = 97
Editor requested this worker to shutdown with reason: Scaling down because of idle timeout
TcpMessagingSession - receive error: operation aborted. errorcode: 995, details: The I/O operation has been aborted because of either a thread exit or an application request.
AssetImportWorker is now disconnected from the server
Process exiting
Exiting without the bug reporter. Application will terminate with return code 0