Using pre-set license
Built from '2022.3/release' branch; Version is '2022.3.18f1 (d29bea25151d) revision 13802474'; Using compiler version '192829333'; Build Type 'Release'
OS: 'Windows 11  (10.0.22631) 64bit Core' Language: 'en' Physical Memory: 32653 MB
BatchMode: 1, IsHumanControllingUs: 0, StartBugReporterOnCrash: 0, Is64bit: 1, IsPro: 1

COMMAND LINE ARGUMENTS:
C:\Program Files\Unity\Hub\Editor\2022.3.18f1\Editor\Unity.exe
-adb2
-batchMode
-noUpm
-name
AssetImportWorker6
-projectPath
C:/Users/david/Documents/GitHub/Shield-Knight
-logFile
Logs/AssetImportWorker6.log
-srvPort
64389
Successfully changed project path to: C:/Users/david/Documents/GitHub/Shield-Knight
C:/Users/david/Documents/GitHub/Shield-Knight
[UnityMemory] Configuration Parameters - Can be set up in boot.config
    "memorysetup-bucket-allocator-granularity=16"
    "memorysetup-bucket-allocator-bucket-count=8"
    "memorysetup-bucket-allocator-block-size=33554432"
    "memorysetup-bucket-allocator-block-count=8"
    "memorysetup-main-allocator-block-size=16777216"
    "memorysetup-thread-allocator-block-size=16777216"
    "memorysetup-gfx-main-allocator-block-size=16777216"
    "memorysetup-gfx-thread-allocator-block-size=16777216"
    "memorysetup-cache-allocator-block-size=4194304"
    "memorysetup-typetree-allocator-block-size=2097152"
    "memorysetup-profiler-bucket-allocator-granularity=16"
    "memorysetup-profiler-bucket-allocator-bucket-count=8"
    "memorysetup-profiler-bucket-allocator-block-size=33554432"
    "memorysetup-profiler-bucket-allocator-block-count=8"
    "memorysetup-profiler-allocator-block-size=16777216"
    "memorysetup-profiler-editor-allocator-block-size=1048576"
    "memorysetup-temp-allocator-size-main=16777216"
    "memorysetup-job-temp-allocator-block-size=2097152"
    "memorysetup-job-temp-allocator-block-size-background=1048576"
    "memorysetup-job-temp-allocator-reduction-small-platforms=262144"
    "memorysetup-allocator-temp-initial-block-size-main=262144"
    "memorysetup-allocator-temp-initial-block-size-worker=262144"
    "memorysetup-temp-allocator-size-background-worker=32768"
    "memorysetup-temp-allocator-size-job-worker=262144"
    "memorysetup-temp-allocator-size-preload-manager=33554432"
    "memorysetup-temp-allocator-size-nav-mesh-worker=65536"
    "memorysetup-temp-allocator-size-audio-worker=65536"
    "memorysetup-temp-allocator-size-cloud-worker=32768"
    "memorysetup-temp-allocator-size-gi-baking-worker=262144"
    "memorysetup-temp-allocator-size-gfx=262144"
Player connection [9408] Host "[IP] 192.168.1.123 [Port] 0 [Flags] 2 [Guid] 1807957678 [EditorId] 1807957678 [Version] 1048832 [Id] WindowsEditor(7,Dogbert) [Debug] 1 [PackageName] WindowsEditor [ProjectName] Editor" joined multi-casting on [225.0.0.222:54997]...

Player connection [9408] Host "[IP] 192.168.1.123 [Port] 0 [Flags] 2 [Guid] 1807957678 [EditorId] 1807957678 [Version] 1048832 [Id] WindowsEditor(7,Dogbert) [Debug] 1 [PackageName] WindowsEditor [ProjectName] Editor" joined alternative multi-casting on [225.0.0.222:34997]...

[Physics::Module] Initialized MultithreadedJobDispatcher with 15 workers.
Refreshing native plugins compatible for Editor in 9.79 ms, found 4 plugins.
Preloading 0 native plugins for Editor in 0.00 ms.
Initialize engine version: 2022.3.18f1 (d29bea25151d)
[Subsystems] Discovering subsystems at path C:/Program Files/Unity/Hub/Editor/2022.3.18f1/Editor/Data/Resources/UnitySubsystems
[Subsystems] Discovering subsystems at path C:/Users/david/Documents/GitHub/Shield-Knight/Assets
GfxDevice: creating device client; threaded=0; jobified=0
Direct3D:
    Version:  Direct3D 11.0 [level 11.1]
    Renderer: NVIDIA GeForce RTX 2070 (ID=0x1f02)
    Vendor:   NVIDIA
    VRAM:     8006 MB
    Driver:   31.0.15.5186
Initialize mono
Mono path[0] = 'C:/Program Files/Unity/Hub/Editor/2022.3.18f1/Editor/Data/Managed'
Mono path[1] = 'C:/Program Files/Unity/Hub/Editor/2022.3.18f1/Editor/Data/MonoBleedingEdge/lib/mono/unityjit-win32'
Mono config path = 'C:/Program Files/Unity/Hub/Editor/2022.3.18f1/Editor/Data/MonoBleedingEdge/etc'
Using monoOptions --debugger-agent=transport=dt_socket,embedding=1,server=y,suspend=n,address=127.0.0.1:56556
Begin MonoManager ReloadAssembly
Registering precompiled unity dll's ...
Register platform support module: C:/Program Files/Unity/Hub/Editor/2022.3.18f1/Editor/Data/PlaybackEngines/WindowsStandaloneSupport/UnityEditor.WindowsStandalone.Extensions.dll
Registered in 0.004566 seconds.
- Loaded All Assemblies, in  0.254 seconds
Native extension for WindowsStandalone target not found
Mono: successfully reloaded assembly
- Finished resetting the current domain, in  0.205 seconds
Domain Reload Profiling: 458ms
	BeginReloadAssembly (81ms)
		ExecutionOrderSort (0ms)
		DisableScriptedObjects (0ms)
		BackupInstance (0ms)
		ReleaseScriptingObjects (0ms)
		CreateAndSetChildDomain (1ms)
	RebuildCommonClasses (27ms)
	RebuildNativeTypeToScriptingClass (7ms)
	initialDomainReloadingComplete (42ms)
	LoadAllAssembliesAndSetupDomain (95ms)
		LoadAssemblies (79ms)
		RebuildTransferFunctionScriptingTraits (0ms)
		AnalyzeDomain (94ms)
			TypeCache.Refresh (93ms)
				TypeCache.ScanAssembly (83ms)
			ScanForSourceGeneratedMonoScriptInfo (0ms)
			ResolveRequiredComponents (0ms)
	FinalizeReload (205ms)
		ReleaseScriptCaches (0ms)
		RebuildScriptCaches (0ms)
		SetupLoadedEditorAssemblies (163ms)
			LogAssemblyErrors (0ms)
			InitializePlatformSupportModulesInManaged (7ms)
			SetLoadedEditorAssemblies (6ms)
			RefreshPlugins (0ms)
			BeforeProcessingInitializeOnLoad (2ms)
			ProcessInitializeOnLoadAttributes (114ms)
			ProcessInitializeOnLoadMethodAttributes (35ms)
			AfterProcessingInitializeOnLoad (0ms)
			EditorAssembliesLoaded (0ms)
		ExecutionOrderSort2 (0ms)
		AwakeInstancesAfterBackupRestoration (0ms)
========================================================================
Worker process is ready to serve import requests
Begin MonoManager ReloadAssembly
- Loaded All Assemblies, in  0.669 seconds
Refreshing native plugins compatible for Editor in 3.40 ms, found 4 plugins.
Native extension for WindowsStandalone target not found
Package Manager log level set to [2]
[Package Manager] Server::EnsureServerProcessIsRunning -- launch failed, reason: Unity was launched with the -noUpm command-line argument
[Package Manager] UpmClient::Send -- Unable to send message (not connected to UPM process).
[Package Manager] Cannot connect to Unity Package Manager local server
Mono: successfully reloaded assembly
- Finished resetting the current domain, in  0.473 seconds
Domain Reload Profiling: 1139ms
	BeginReloadAssembly (131ms)
		ExecutionOrderSort (0ms)
		DisableScriptedObjects (5ms)
		BackupInstance (0ms)
		ReleaseScriptingObjects (0ms)
		CreateAndSetChildDomain (19ms)
	RebuildCommonClasses (24ms)
	RebuildNativeTypeToScriptingClass (7ms)
	initialDomainReloadingComplete (34ms)
	LoadAllAssembliesAndSetupDomain (470ms)
		LoadAssemblies (380ms)
		RebuildTransferFunctionScriptingTraits (0ms)
		AnalyzeDomain (167ms)
			TypeCache.Refresh (141ms)
				TypeCache.ScanAssembly (126ms)
			ScanForSourceGeneratedMonoScriptInfo (21ms)
			ResolveRequiredComponents (4ms)
	FinalizeReload (473ms)
		ReleaseScriptCaches (0ms)
		RebuildScriptCaches (0ms)
		SetupLoadedEditorAssemblies (345ms)
			LogAssemblyErrors (0ms)
			InitializePlatformSupportModulesInManaged (4ms)
			SetLoadedEditorAssemblies (2ms)
			RefreshPlugins (0ms)
			BeforeProcessingInitializeOnLoad (53ms)
			ProcessInitializeOnLoadAttributes (250ms)
			ProcessInitializeOnLoadMethodAttributes (29ms)
			AfterProcessingInitializeOnLoad (6ms)
			EditorAssembliesLoaded (0ms)
		ExecutionOrderSort2 (0ms)
		AwakeInstancesAfterBackupRestoration (5ms)
Launched and connected shader compiler UnityShaderCompiler.exe after 0.05 seconds
Refreshing native plugins compatible for Editor in 5.42 ms, found 4 plugins.
Preloading 0 native plugins for Editor in 0.00 ms.
Unloading 4108 Unused Serialized files (Serialized files now loaded: 0)
Unloading 64 unused Assets / (61.7 KB). Loaded Objects now: 4572.
Memory consumption went from 152.4 MB to 152.4 MB.
Total: 3.503900 ms (FindLiveObjects: 0.293300 ms CreateObjectMapping: 0.107800 ms MarkObjects: 2.962600 ms  DeleteObjects: 0.139000 ms)

AssetImportParameters requested are different than current active one (requested -> active):
  custom:container-demuxer-ogg: 62fdf1f143b41e24485cea50d1cbac27 -> 
  custom:video-codec-MediaFoundation-h265: 746d11721c4dcdbdad8f713fa42b33f4 -> 
  custom:video-decoder-ogg-theora: a1e56fd34408186e4bbccfd4996cb3dc -> 
  custom:framework-win-MediaFoundation: 216162199b28c13a410421893ffa2e32 -> 
  custom:CustomObjectIndexerAttribute: 6d391050e5a25f67b0a2c618074f2cd9 -> 
  custom:container-demuxer-webm: 4f35f7cbe854078d1ac9338744f61a02 -> 
  custom:container-muxer-webm: aa71ff27fc2769a1b78a27578f13a17b -> 
  custom:video-decoder-webm-vp8: 9c59270c3fd7afecdb556c50c9e8de78 -> 
  custom:SearchIndexIgnoredProperties: e643bd26f0fe6173181afceb89e7c659 -> 
  custom:AudioImporter_EditorPlatform: d09bf68614088b80899f8185d706f6e7 -> 
  custom:video-encoder-webm-vp8: eb34c28f22e8b96e1ab97ce403110664 -> 
  custom:audio-decoder-ogg-vorbis: bf7c407c2cedff20999df2af8eb42d56 -> 
  custom:audio-encoder-webm-vorbis: bf7c407c2cedff20999df2af8eb42d56 -> 
========================================================================
Received Import Request.
  Time since last request: 78488.794365 seconds.
  path: Assets/Graphics/Clouds.mat
  artifactKey: Guid(c1cd0107e0407154fb0f9a698c69a8ac) Importer(815301076,1909f56bfc062723c751e8b465ee728b)
Start importing Assets/Graphics/Clouds.mat using Guid(c1cd0107e0407154fb0f9a698c69a8ac) Importer(815301076,1909f56bfc062723c751e8b465ee728b)  -> (artifact id: 'fb260aeb02c58957ee2742951c456a79') in 0.116458 seconds
Number of updated asset objects reloaded before import = 1
Number of asset objects unloaded after import = 2
========================================================================
Received Import Request.
  Time since last request: 36.646024 seconds.
  path: Assets/Graphics/Clouds.mat
  artifactKey: Guid(c1cd0107e0407154fb0f9a698c69a8ac) Importer(815301076,1909f56bfc062723c751e8b465ee728b)
Start importing Assets/Graphics/Clouds.mat using Guid(c1cd0107e0407154fb0f9a698c69a8ac) Importer(815301076,1909f56bfc062723c751e8b465ee728b)  -> (artifact id: '5f1110211ef562753aa77fc75fcbea51') in 0.029692 seconds
Number of updated asset objects reloaded before import = 1
Number of asset objects unloaded after import = 2
========================================================================
Received Import Request.
  Time since last request: 0.000051 seconds.
  path: Assets/Graphics/Sun.mat
  artifactKey: Guid(da3f4884d30601a4490c852c895e197d) Importer(815301076,1909f56bfc062723c751e8b465ee728b)
Start importing Assets/Graphics/Sun.mat using Guid(da3f4884d30601a4490c852c895e197d) Importer(815301076,1909f56bfc062723c751e8b465ee728b)  -> (artifact id: '1487bc6e5428ca3048bbca55c958456d') in 0.008293 seconds
Number of updated asset objects reloaded before import = 0
Number of asset objects unloaded after import = 2
========================================================================
Received Import Request.
  Time since last request: 6.567775 seconds.
  path: Assets/Graphics/Clouds.mat
  artifactKey: Guid(c1cd0107e0407154fb0f9a698c69a8ac) Importer(815301076,1909f56bfc062723c751e8b465ee728b)
Start importing Assets/Graphics/Clouds.mat using Guid(c1cd0107e0407154fb0f9a698c69a8ac) Importer(815301076,1909f56bfc062723c751e8b465ee728b)  -> (artifact id: 'c8f35fc12bf4a3584b7b52be4a33b281') in 0.035702 seconds
Number of updated asset objects reloaded before import = 1
Number of asset objects unloaded after import = 2
========================================================================
Received Import Request.
  Time since last request: 0.000018 seconds.
  path: Assets/Graphics/Sun.mat
  artifactKey: Guid(da3f4884d30601a4490c852c895e197d) Importer(815301076,1909f56bfc062723c751e8b465ee728b)
Start importing Assets/Graphics/Sun.mat using Guid(da3f4884d30601a4490c852c895e197d) Importer(815301076,1909f56bfc062723c751e8b465ee728b)  -> (artifact id: '2956121b1e2874315a6d92170e02e127') in 0.015719 seconds
Number of updated asset objects reloaded before import = 0
Number of asset objects unloaded after import = 2
========================================================================
Received Import Request.
  Time since last request: 3.983375 seconds.
  path: Assets/Graphics/Clouds.mat
  artifactKey: Guid(c1cd0107e0407154fb0f9a698c69a8ac) Importer(815301076,1909f56bfc062723c751e8b465ee728b)
Start importing Assets/Graphics/Clouds.mat using Guid(c1cd0107e0407154fb0f9a698c69a8ac) Importer(815301076,1909f56bfc062723c751e8b465ee728b)  -> (artifact id: 'a1052d6878a5ef1e771cdcccc49acd7d') in 0.032311 seconds
Number of updated asset objects reloaded before import = 1
Number of asset objects unloaded after import = 2
========================================================================
Received Import Request.
  Time since last request: 0.000021 seconds.
  path: Assets/Graphics/Mountains.mat
  artifactKey: Guid(d15ee945679ff5843ab1504ae69f2862) Importer(815301076,1909f56bfc062723c751e8b465ee728b)
Start importing Assets/Graphics/Mountains.mat using Guid(d15ee945679ff5843ab1504ae69f2862) Importer(815301076,1909f56bfc062723c751e8b465ee728b)  -> (artifact id: 'd2cb5e12842804ce164952c9caf6b1fa') in 0.007221 seconds
Number of updated asset objects reloaded before import = 0
Number of asset objects unloaded after import = 2
========================================================================
Received Import Request.
  Time since last request: 3.083254 seconds.
  path: Assets/Graphics/Clouds.mat
  artifactKey: Guid(c1cd0107e0407154fb0f9a698c69a8ac) Importer(815301076,1909f56bfc062723c751e8b465ee728b)
Start importing Assets/Graphics/Clouds.mat using Guid(c1cd0107e0407154fb0f9a698c69a8ac) Importer(815301076,1909f56bfc062723c751e8b465ee728b)  -> (artifact id: 'c69bf36f414cd0d54252d445739a94eb') in 0.025757 seconds
Number of updated asset objects reloaded before import = 1
Number of asset objects unloaded after import = 2
========================================================================
Received Import Request.
  Time since last request: 0.000016 seconds.
  path: Assets/Graphics/Sun.mat
  artifactKey: Guid(da3f4884d30601a4490c852c895e197d) Importer(815301076,1909f56bfc062723c751e8b465ee728b)
Start importing Assets/Graphics/Sun.mat using Guid(da3f4884d30601a4490c852c895e197d) Importer(815301076,1909f56bfc062723c751e8b465ee728b)  -> (artifact id: '8167a66b9aae98745a017188b65d076e') in 0.006816 seconds
Number of updated asset objects reloaded before import = 0
Number of asset objects unloaded after import = 2
========================================================================
Received Import Request.
  Time since last request: 33.654519 seconds.
  path: Assets/Graphics/Clouds.mat
  artifactKey: Guid(c1cd0107e0407154fb0f9a698c69a8ac) Importer(815301076,1909f56bfc062723c751e8b465ee728b)
Start importing Assets/Graphics/Clouds.mat using Guid(c1cd0107e0407154fb0f9a698c69a8ac) Importer(815301076,1909f56bfc062723c751e8b465ee728b)  -> (artifact id: 'ead36904cd9e9c747d82d4679039ac75') in 0.031585 seconds
Number of updated asset objects reloaded before import = 1
Number of asset objects unloaded after import = 2
========================================================================
Received Import Request.
  Time since last request: 0.000020 seconds.
  path: Assets/Graphics/Mountains.mat
  artifactKey: Guid(d15ee945679ff5843ab1504ae69f2862) Importer(815301076,1909f56bfc062723c751e8b465ee728b)
Start importing Assets/Graphics/Mountains.mat using Guid(d15ee945679ff5843ab1504ae69f2862) Importer(815301076,1909f56bfc062723c751e8b465ee728b)  -> (artifact id: 'b7ab1d40fd7dccbb087b8b37e51d2d19') in 0.038072 seconds
Number of updated asset objects reloaded before import = 0
Number of asset objects unloaded after import = 2
========================================================================
Received Import Request.
  Time since last request: 24.525002 seconds.
  path: Assets/Graphics/Clouds.mat
  artifactKey: Guid(c1cd0107e0407154fb0f9a698c69a8ac) Importer(815301076,1909f56bfc062723c751e8b465ee728b)
Start importing Assets/Graphics/Clouds.mat using Guid(c1cd0107e0407154fb0f9a698c69a8ac) Importer(815301076,1909f56bfc062723c751e8b465ee728b)  -> (artifact id: '33f8b66d5fc3f56dd65cd04f3b947eaa') in 0.030139 seconds
Number of updated asset objects reloaded before import = 1
Number of asset objects unloaded after import = 2
========================================================================
Received Import Request.
  Time since last request: 0.000019 seconds.
  path: Assets/Graphics/Sky.mat
  artifactKey: Guid(5bbf05609de7130458740dc6ed57b8a0) Importer(815301076,1909f56bfc062723c751e8b465ee728b)
Start importing Assets/Graphics/Sky.mat using Guid(5bbf05609de7130458740dc6ed57b8a0) Importer(815301076,1909f56bfc062723c751e8b465ee728b)  -> (artifact id: 'f90a513210cdab29f0498e7a24da4a5a') in 0.010799 seconds
Number of updated asset objects reloaded before import = 0
Number of asset objects unloaded after import = 2
========================================================================
Received Import Request.
  Time since last request: 130.876883 seconds.
  path: Assets/Graphics/Background.prefab
  artifactKey: Guid(d4cd80c80c96af14cbb5a9ffdb1829f0) Importer(815301076,1909f56bfc062723c751e8b465ee728b)
Start importing Assets/Graphics/Background.prefab using Guid(d4cd80c80c96af14cbb5a9ffdb1829f0) Importer(815301076,1909f56bfc062723c751e8b465ee728b)  -> (artifact id: 'a2bd18caae2249c524bd5e082de3473a') in 0.053907 seconds
Number of updated asset objects reloaded before import = 1
Number of asset objects unloaded after import = 128
========================================================================
Received Import Request.
  Time since last request: 0.000024 seconds.
  path: Assets/Graphics/Sky.mat
  artifactKey: Guid(5bbf05609de7130458740dc6ed57b8a0) Importer(815301076,1909f56bfc062723c751e8b465ee728b)
Start importing Assets/Graphics/Sky.mat using Guid(5bbf05609de7130458740dc6ed57b8a0) Importer(815301076,1909f56bfc062723c751e8b465ee728b)  -> (artifact id: '1fb5cd436bf77412a63ad68aae10e430') in 0.008024 seconds
Number of updated asset objects reloaded before import = 0
Number of asset objects unloaded after import = 2
========================================================================
Received Import Request.
  Time since last request: 0.000017 seconds.
  path: Assets/Graphics/Mountains.mat
  artifactKey: Guid(d15ee945679ff5843ab1504ae69f2862) Importer(815301076,1909f56bfc062723c751e8b465ee728b)
Start importing Assets/Graphics/Mountains.mat using Guid(d15ee945679ff5843ab1504ae69f2862) Importer(815301076,1909f56bfc062723c751e8b465ee728b)  -> (artifact id: '061feb3514aaf0e3788e0b5026e127d2') in 0.007072 seconds
Number of updated asset objects reloaded before import = 0
Number of asset objects unloaded after import = 2
Editor requested this worker to shutdown with reason: Scaling down because of idle timeout
TcpMessagingSession - receive error: operation aborted. errorcode: 995, details: The I/O operation has been aborted because of either a thread exit or an application request.
AssetImportWorker is now disconnected from the server
Process exiting
Exiting without the bug reporter. Application will terminate with return code 0