Using pre-set license
Built from '2022.3/release' branch; Version is '2022.3.18f1 (d29bea25151d) revision 13802474'; Using compiler version '192829333'; Build Type 'Release'
OS: 'Windows 10  (10.0.19045) 64bit Enterprise' Language: 'en' Physical Memory: 65224 MB
BatchMode: 1, IsHumanControllingUs: 0, StartBugReporterOnCrash: 0, Is64bit: 1, IsPro: 1

COMMAND LINE ARGUMENTS:
C:\Program Files\Unity 2022.3.18f1\Editor\Unity.exe
-adb2
-batchMode
-noUpm
-name
AssetImportWorker19
-projectPath
C:/Users/3dcc3f5365a4d11c/Documents/GitHub/Shield-Knight
-logFile
Logs/AssetImportWorker19.log
-srvPort
52182
Successfully changed project path to: C:/Users/3dcc3f5365a4d11c/Documents/GitHub/Shield-Knight
C:/Users/3dcc3f5365a4d11c/Documents/GitHub/Shield-Knight
[UnityMemory] Configuration Parameters - Can be set up in boot.config
    "memorysetup-bucket-allocator-granularity=16"
    "memorysetup-bucket-allocator-bucket-count=8"
    "memorysetup-bucket-allocator-block-size=33554432"
    "memorysetup-bucket-allocator-block-count=8"
    "memorysetup-main-allocator-block-size=16777216"
    "memorysetup-thread-allocator-block-size=16777216"
    "memorysetup-gfx-main-allocator-block-size=16777216"
    "memorysetup-gfx-thread-allocator-block-size=16777216"
    "memorysetup-cache-allocator-block-size=4194304"
    "memorysetup-typetree-allocator-block-size=2097152"
    "memorysetup-profiler-bucket-allocator-granularity=16"
    "memorysetup-profiler-bucket-allocator-bucket-count=8"
    "memorysetup-profiler-bucket-allocator-block-size=33554432"
    "memorysetup-profiler-bucket-allocator-block-count=8"
    "memorysetup-profiler-allocator-block-size=16777216"
    "memorysetup-profiler-editor-allocator-block-size=1048576"
    "memorysetup-temp-allocator-size-main=16777216"
    "memorysetup-job-temp-allocator-block-size=2097152"
    "memorysetup-job-temp-allocator-block-size-background=1048576"
    "memorysetup-job-temp-allocator-reduction-small-platforms=262144"
    "memorysetup-allocator-temp-initial-block-size-main=262144"
    "memorysetup-allocator-temp-initial-block-size-worker=262144"
    "memorysetup-temp-allocator-size-background-worker=32768"
    "memorysetup-temp-allocator-size-job-worker=262144"
    "memorysetup-temp-allocator-size-preload-manager=33554432"
    "memorysetup-temp-allocator-size-nav-mesh-worker=65536"
    "memorysetup-temp-allocator-size-audio-worker=65536"
    "memorysetup-temp-allocator-size-cloud-worker=32768"
    "memorysetup-temp-allocator-size-gi-baking-worker=262144"
    "memorysetup-temp-allocator-size-gfx=262144"
Player connection [30892] Host "[IP] 172.27.6.101 [Port] 0 [Flags] 2 [Guid] 899907774 [EditorId] 899907774 [Version] 1048832 [Id] WindowsEditor(7,NS00J004022DE10) [Debug] 1 [PackageName] WindowsEditor [ProjectName] Editor" joined multi-casting on [225.0.0.222:54997]...

Player connection [30892] Host "[IP] 172.27.6.101 [Port] 0 [Flags] 2 [Guid] 899907774 [EditorId] 899907774 [Version] 1048832 [Id] WindowsEditor(7,NS00J004022DE10) [Debug] 1 [PackageName] WindowsEditor [ProjectName] Editor" joined alternative multi-casting on [225.0.0.222:34997]...

[Physics::Module] Initialized MultithreadedJobDispatcher with 19 workers.
Refreshing native plugins compatible for Editor in 1021.72 ms, found 4 plugins.
Preloading 0 native plugins for Editor in 0.00 ms.
Initialize engine version: 2022.3.18f1 (d29bea25151d)
[Subsystems] Discovering subsystems at path C:/Program Files/Unity 2022.3.18f1/Editor/Data/Resources/UnitySubsystems
[Subsystems] Discovering subsystems at path C:/Users/3dcc3f5365a4d11c/Documents/GitHub/Shield-Knight/Assets
GfxDevice: creating device client; threaded=0; jobified=0
Direct3D:
    Version:  Direct3D 11.0 [level 11.1]
    Renderer: NVIDIA RTX A4000 (ID=0x24b0)
    Vendor:   NVIDIA
    VRAM:     16183 MB
    Driver:   31.0.15.3770
Initialize mono
Mono path[0] = 'C:/Program Files/Unity 2022.3.18f1/Editor/Data/Managed'
Mono path[1] = 'C:/Program Files/Unity 2022.3.18f1/Editor/Data/MonoBleedingEdge/lib/mono/unityjit-win32'
Mono config path = 'C:/Program Files/Unity 2022.3.18f1/Editor/Data/MonoBleedingEdge/etc'
Using monoOptions --debugger-agent=transport=dt_socket,embedding=1,server=y,suspend=n,address=127.0.0.1:56548
Begin MonoManager ReloadAssembly
Registering precompiled unity dll's ...
Register platform support module: C:/Program Files/Unity 2022.3.18f1/Editor/Data/PlaybackEngines/WebGLSupport/UnityEditor.WebGL.Extensions.dll
Register platform support module: C:/Program Files/Unity 2022.3.18f1/Editor/Data/PlaybackEngines/AndroidPlayer/UnityEditor.Android.Extensions.dll
Register platform support module: C:/Program Files/Unity 2022.3.18f1/Editor/Data/PlaybackEngines/WindowsStandaloneSupport/UnityEditor.WindowsStandalone.Extensions.dll
Registered in 0.247560 seconds.
- Loaded All Assemblies, in  4.303 seconds
Native extension for WindowsStandalone target not found
Native extension for Android target not found
Native extension for WebGL target not found
Mono: successfully reloaded assembly
- Finished resetting the current domain, in  0.462 seconds
Domain Reload Profiling: 4763ms
	BeginReloadAssembly (2880ms)
		ExecutionOrderSort (0ms)
		DisableScriptedObjects (0ms)
		BackupInstance (0ms)
		ReleaseScriptingObjects (0ms)
		CreateAndSetChildDomain (1ms)
	RebuildCommonClasses (257ms)
	RebuildNativeTypeToScriptingClass (12ms)
	initialDomainReloadingComplete (312ms)
	LoadAllAssembliesAndSetupDomain (839ms)
		LoadAssemblies (2878ms)
		RebuildTransferFunctionScriptingTraits (0ms)
		AnalyzeDomain (836ms)
			TypeCache.Refresh (834ms)
				TypeCache.ScanAssembly (682ms)
			ScanForSourceGeneratedMonoScriptInfo (0ms)
			ResolveRequiredComponents (0ms)
	FinalizeReload (462ms)
		ReleaseScriptCaches (0ms)
		RebuildScriptCaches (0ms)
		SetupLoadedEditorAssemblies (395ms)
			LogAssemblyErrors (0ms)
			InitializePlatformSupportModulesInManaged (185ms)
			SetLoadedEditorAssemblies (5ms)
			RefreshPlugins (0ms)
			BeforeProcessingInitializeOnLoad (2ms)
			ProcessInitializeOnLoadAttributes (140ms)
			ProcessInitializeOnLoadMethodAttributes (62ms)
			AfterProcessingInitializeOnLoad (0ms)
			EditorAssembliesLoaded (0ms)
		ExecutionOrderSort2 (0ms)
		AwakeInstancesAfterBackupRestoration (0ms)
========================================================================
Worker process is ready to serve import requests
Begin MonoManager ReloadAssembly
- Loaded All Assemblies, in  4.435 seconds
Refreshing native plugins compatible for Editor in 5.04 ms, found 4 plugins.
Native extension for WindowsStandalone target not found
Native extension for Android target not found
Native extension for WebGL target not found
Package Manager log level set to [2]
[Package Manager] Server::EnsureServerProcessIsRunning -- launch failed, reason: Unity was launched with the -noUpm command-line argument
[Package Manager] UpmClient::Send -- Unable to send message (not connected to UPM process).
[Package Manager] Cannot connect to Unity Package Manager local server
Mono: successfully reloaded assembly
- Finished resetting the current domain, in  0.714 seconds
Domain Reload Profiling: 5145ms
	BeginReloadAssembly (158ms)
		ExecutionOrderSort (0ms)
		DisableScriptedObjects (6ms)
		BackupInstance (0ms)
		ReleaseScriptingObjects (0ms)
		CreateAndSetChildDomain (20ms)
	RebuildCommonClasses (40ms)
	RebuildNativeTypeToScriptingClass (12ms)
	initialDomainReloadingComplete (50ms)
	LoadAllAssembliesAndSetupDomain (4171ms)
		LoadAssemblies (3806ms)
		RebuildTransferFunctionScriptingTraits (0ms)
		AnalyzeDomain (456ms)
			TypeCache.Refresh (426ms)
				TypeCache.ScanAssembly (376ms)
			ScanForSourceGeneratedMonoScriptInfo (22ms)
			ResolveRequiredComponents (6ms)
	FinalizeReload (715ms)
		ReleaseScriptCaches (0ms)
		RebuildScriptCaches (0ms)
		SetupLoadedEditorAssemblies (519ms)
			LogAssemblyErrors (0ms)
			InitializePlatformSupportModulesInManaged (30ms)
			SetLoadedEditorAssemblies (3ms)
			RefreshPlugins (0ms)
			BeforeProcessingInitializeOnLoad (74ms)
			ProcessInitializeOnLoadAttributes (358ms)
			ProcessInitializeOnLoadMethodAttributes (45ms)
			AfterProcessingInitializeOnLoad (9ms)
			EditorAssembliesLoaded (0ms)
		ExecutionOrderSort2 (0ms)
		AwakeInstancesAfterBackupRestoration (7ms)
Launched and connected shader compiler UnityShaderCompiler.exe after 0.08 seconds
Refreshing native plugins compatible for Editor in 7.26 ms, found 4 plugins.
Preloading 0 native plugins for Editor in 0.00 ms.
Unloading 4111 Unused Serialized files (Serialized files now loaded: 0)
Unloading 64 unused Assets / (61.3 KB). Loaded Objects now: 4578.
Memory consumption went from 159.2 MB to 159.1 MB.
Total: 3.715500 ms (FindLiveObjects: 0.465600 ms CreateObjectMapping: 0.157900 ms MarkObjects: 2.958200 ms  DeleteObjects: 0.132700 ms)

AssetImportParameters requested are different than current active one (requested -> active):
  custom:container-demuxer-ogg: 62fdf1f143b41e24485cea50d1cbac27 -> 
  custom:video-decoder-ogg-theora: a1e56fd34408186e4bbccfd4996cb3dc -> 
  custom:framework-win-MediaFoundation: 216162199b28c13a410421893ffa2e32 -> 
  custom:CustomObjectIndexerAttribute: 6d391050e5a25f67b0a2c618074f2cd9 -> 
  custom:container-demuxer-webm: 4f35f7cbe854078d1ac9338744f61a02 -> 
  custom:container-muxer-webm: aa71ff27fc2769a1b78a27578f13a17b -> 
  custom:video-decoder-webm-vp8: 9c59270c3fd7afecdb556c50c9e8de78 -> 
  custom:SearchIndexIgnoredProperties: e643bd26f0fe6173181afceb89e7c659 -> 
  custom:AudioImporter_EditorPlatform: d09bf68614088b80899f8185d706f6e7 -> 
  custom:video-encoder-webm-vp8: eb34c28f22e8b96e1ab97ce403110664 -> 
  custom:audio-decoder-ogg-vorbis: bf7c407c2cedff20999df2af8eb42d56 -> 
  custom:audio-encoder-webm-vorbis: bf7c407c2cedff20999df2af8eb42d56 -> 
========================================================================
Received Import Request.
  Time since last request: 12193.094681 seconds.
  path: Assets/Graphics/Castle/battlement.fbx
  artifactKey: Guid(dc769637cfe57da4aa694b37b12ea9b5) Importer(815301076,1909f56bfc062723c751e8b465ee728b)
Start importing Assets/Graphics/Castle/battlement.fbx using Guid(dc769637cfe57da4aa694b37b12ea9b5) Importer(815301076,1909f56bfc062723c751e8b465ee728b)  -> (artifact id: '3aab5af89512a257a0de06fad07bbbdc') in 0.305526 seconds
Number of updated asset objects reloaded before import = 0
Number of asset objects unloaded after import = 11
========================================================================
Received Import Request.
  Time since last request: 0.000024 seconds.
  path: Assets/Graphics/Castle/columnPaint.fbx
  artifactKey: Guid(e446b230264bfc84782e4ff59f61d163) Importer(815301076,1909f56bfc062723c751e8b465ee728b)
Start importing Assets/Graphics/Castle/columnPaint.fbx using Guid(e446b230264bfc84782e4ff59f61d163) Importer(815301076,1909f56bfc062723c751e8b465ee728b)  -> (artifact id: '8855973d64b694cafd0437e6cf7cda50') in 0.040372 seconds
Number of updated asset objects reloaded before import = 0
Number of asset objects unloaded after import = 11
========================================================================
Received Import Request.
  Time since last request: 0.000025 seconds.
  path: Assets/Graphics/Castle/detail_crate.fbx
  artifactKey: Guid(6fdc6d43b3927cb408bbdacaa7e5f179) Importer(815301076,1909f56bfc062723c751e8b465ee728b)
Start importing Assets/Graphics/Castle/detail_crate.fbx using Guid(6fdc6d43b3927cb408bbdacaa7e5f179) Importer(815301076,1909f56bfc062723c751e8b465ee728b)  -> (artifact id: '3760039119c990bf7538717db7a1a003') in 0.030475 seconds
Number of updated asset objects reloaded before import = 0
Number of asset objects unloaded after import = 9
========================================================================
Received Import Request.
  Time since last request: 0.000021 seconds.
  path: Assets/Graphics/Castle/tower_edge.fbx
  artifactKey: Guid(b208ca23ce2112d47b4bcdba7e3c2b69) Importer(815301076,1909f56bfc062723c751e8b465ee728b)
Start importing Assets/Graphics/Castle/tower_edge.fbx using Guid(b208ca23ce2112d47b4bcdba7e3c2b69) Importer(815301076,1909f56bfc062723c751e8b465ee728b)  -> (artifact id: 'aad29bbccd3d912c26be5d3d81e19e65') in 0.033810 seconds
Number of updated asset objects reloaded before import = 0
Number of asset objects unloaded after import = 9
========================================================================
Received Import Request.
  Time since last request: 0.001179 seconds.
  path: Assets/Graphics/Castle/wall_flatGate.fbx
  artifactKey: Guid(4c72b33fe62b37e48a8b836007ee8157) Importer(815301076,1909f56bfc062723c751e8b465ee728b)
Start importing Assets/Graphics/Castle/wall_flatGate.fbx using Guid(4c72b33fe62b37e48a8b836007ee8157) Importer(815301076,1909f56bfc062723c751e8b465ee728b)  -> (artifact id: '0b3031bc352cdcaaa6a9c17d44b80cc9') in 0.030566 seconds
Number of updated asset objects reloaded before import = 0
Number of asset objects unloaded after import = 9
========================================================================
Received Import Request.
  Time since last request: 0.001399 seconds.
  path: Assets/Graphics/Castle/wall_half.fbx
  artifactKey: Guid(c1fd7c580707e8a4783cc14a4948d865) Importer(815301076,1909f56bfc062723c751e8b465ee728b)
Start importing Assets/Graphics/Castle/wall_half.fbx using Guid(c1fd7c580707e8a4783cc14a4948d865) Importer(815301076,1909f56bfc062723c751e8b465ee728b)  -> (artifact id: 'e62b8dddb392a4edbbcdaa0f13f3842f') in 0.036138 seconds
Number of updated asset objects reloaded before import = 0
Number of asset objects unloaded after import = 11
========================================================================
Received Import Request.
  Time since last request: 0.000021 seconds.
  path: Assets/Graphics/Castle/wall_flat.fbx
  artifactKey: Guid(28f6bcf9c6466a14ea6a5abdc44d179d) Importer(815301076,1909f56bfc062723c751e8b465ee728b)
Start importing Assets/Graphics/Castle/wall_flat.fbx using Guid(28f6bcf9c6466a14ea6a5abdc44d179d) Importer(815301076,1909f56bfc062723c751e8b465ee728b)  -> (artifact id: '281215c862aea9112d8175db70e0f629') in 0.031986 seconds
Number of updated asset objects reloaded before import = 0
Number of asset objects unloaded after import = 9
========================================================================
Received Import Request.
  Time since last request: 0.000019 seconds.
  path: Assets/Graphics/Castle/wallFortifiedPaint_gate.fbx
  artifactKey: Guid(ebf685f921987ff489e6d766ec88af14) Importer(815301076,1909f56bfc062723c751e8b465ee728b)
Start importing Assets/Graphics/Castle/wallFortifiedPaint_gate.fbx using Guid(ebf685f921987ff489e6d766ec88af14) Importer(815301076,1909f56bfc062723c751e8b465ee728b)  -> (artifact id: '99d3f53a233ec0a7e068ae8be1444c4d') in 0.038610 seconds
Number of updated asset objects reloaded before import = 0
Number of asset objects unloaded after import = 15
========================================================================
Received Import Request.
  Time since last request: 0.001351 seconds.
  path: Assets/Graphics/Castle/wallPaint.fbx
  artifactKey: Guid(8533afa7ac1e9ce4a8ea3eddb78c7724) Importer(815301076,1909f56bfc062723c751e8b465ee728b)
Start importing Assets/Graphics/Castle/wallPaint.fbx using Guid(8533afa7ac1e9ce4a8ea3eddb78c7724) Importer(815301076,1909f56bfc062723c751e8b465ee728b)  -> (artifact id: 'd39a2cfdddd700bfa66fd75db4087983') in 0.035706 seconds
Number of updated asset objects reloaded before import = 0
Number of asset objects unloaded after import = 11
========================================================================
Received Import Request.
  Time since last request: 0.000024 seconds.
  path: Assets/Graphics/Castle/roof_corner.fbx
  artifactKey: Guid(d5ef89fb6427a6845ab0a38af4b66d0a) Importer(815301076,1909f56bfc062723c751e8b465ee728b)
Start importing Assets/Graphics/Castle/roof_corner.fbx using Guid(d5ef89fb6427a6845ab0a38af4b66d0a) Importer(815301076,1909f56bfc062723c751e8b465ee728b)  -> (artifact id: 'dc99ad628154fdcf770fe4df80ccff5f') in 0.057568 seconds
Number of updated asset objects reloaded before import = 0
Number of asset objects unloaded after import = 15
========================================================================
Received Import Request.
  Time since last request: 0.000021 seconds.
  path: Assets/Graphics/Castle/wall_low.fbx
  artifactKey: Guid(3ad762782c5ff0a489a12c6fe3890648) Importer(815301076,1909f56bfc062723c751e8b465ee728b)
Start importing Assets/Graphics/Castle/wall_low.fbx using Guid(3ad762782c5ff0a489a12c6fe3890648) Importer(815301076,1909f56bfc062723c751e8b465ee728b)  -> (artifact id: '56be8b885fc094701b96a9f80f4d9d23') in 0.027637 seconds
Number of updated asset objects reloaded before import = 0
Number of asset objects unloaded after import = 11
========================================================================
Received Import Request.
  Time since last request: 0.000021 seconds.
  path: Assets/Graphics/Castle/battlement_half.fbx
  artifactKey: Guid(34585f2598591a04593fb0d338b5e226) Importer(815301076,1909f56bfc062723c751e8b465ee728b)
Start importing Assets/Graphics/Castle/battlement_half.fbx using Guid(34585f2598591a04593fb0d338b5e226) Importer(815301076,1909f56bfc062723c751e8b465ee728b)  -> (artifact id: '46895732177303219c3f90e8830b6689') in 0.027876 seconds
Number of updated asset objects reloaded before import = 0
Number of asset objects unloaded after import = 11
========================================================================
Received Import Request.
  Time since last request: 0.000023 seconds.
  path: Assets/Graphics/Castle/floor_stepsCornerOuter.fbx
  artifactKey: Guid(7d6c1d30a3f05de40ba5a73775707002) Importer(815301076,1909f56bfc062723c751e8b465ee728b)
Start importing Assets/Graphics/Castle/floor_stepsCornerOuter.fbx using Guid(7d6c1d30a3f05de40ba5a73775707002) Importer(815301076,1909f56bfc062723c751e8b465ee728b)  -> (artifact id: '97a2c11e048d2ef5604039c89fe404ea') in 0.027012 seconds
Number of updated asset objects reloaded before import = 0
Number of asset objects unloaded after import = 11
========================================================================
Received Import Request.
  Time since last request: 0.000023 seconds.
  path: Assets/Graphics/Castle/wall_gate.fbx
  artifactKey: Guid(ab7b2047d20824e4da1587380b38e72e) Importer(815301076,1909f56bfc062723c751e8b465ee728b)
Start importing Assets/Graphics/Castle/wall_gate.fbx using Guid(ab7b2047d20824e4da1587380b38e72e) Importer(815301076,1909f56bfc062723c751e8b465ee728b)  -> (artifact id: '2548820a008b09c9454c01c6e0286aff') in 0.031714 seconds
Number of updated asset objects reloaded before import = 0
Number of asset objects unloaded after import = 11
========================================================================
Received Import Request.
  Time since last request: 0.000126 seconds.
  path: Assets/Graphics/Castle/overhang_round.fbx
  artifactKey: Guid(69df12db44dcf8b4db3ab284e19f7465) Importer(815301076,1909f56bfc062723c751e8b465ee728b)
Start importing Assets/Graphics/Castle/overhang_round.fbx using Guid(69df12db44dcf8b4db3ab284e19f7465) Importer(815301076,1909f56bfc062723c751e8b465ee728b)  -> (artifact id: '462b8122778785290281b28a0b70352d') in 0.049294 seconds
Number of updated asset objects reloaded before import = 0
Number of asset objects unloaded after import = 9
========================================================================
Received Import Request.
  Time since last request: 0.000017 seconds.
  path: Assets/Graphics/Castle/wallFortified_half.fbx
  artifactKey: Guid(e51f16f72dcc57a488ed8b4fc5162ae9) Importer(815301076,1909f56bfc062723c751e8b465ee728b)
Start importing Assets/Graphics/Castle/wallFortified_half.fbx using Guid(e51f16f72dcc57a488ed8b4fc5162ae9) Importer(815301076,1909f56bfc062723c751e8b465ee728b)  -> (artifact id: '8fb617a7cbba50fccfec7c7ad5ef648c') in 0.051329 seconds
Number of updated asset objects reloaded before import = 0
Number of asset objects unloaded after import = 13
========================================================================
Received Import Request.
  Time since last request: 0.000024 seconds.
  path: Assets/Graphics/Castle/floor_flat.fbx
  artifactKey: Guid(2f9b6440ac2c70a4aa011c84396c16c0) Importer(815301076,1909f56bfc062723c751e8b465ee728b)
Start importing Assets/Graphics/Castle/floor_flat.fbx using Guid(2f9b6440ac2c70a4aa011c84396c16c0) Importer(815301076,1909f56bfc062723c751e8b465ee728b)  -> (artifact id: '67e1ebdf1cf4b733fd5beee41d39ed35') in 0.028269 seconds
Number of updated asset objects reloaded before import = 0
Number of asset objects unloaded after import = 9
========================================================================
Received Import Request.
  Time since last request: 0.000022 seconds.
  path: Assets/Graphics/Castle/wall_gateHalf.fbx
  artifactKey: Guid(c814627f4e92f4846b4764c457d1be21) Importer(815301076,1909f56bfc062723c751e8b465ee728b)
Start importing Assets/Graphics/Castle/wall_gateHalf.fbx using Guid(c814627f4e92f4846b4764c457d1be21) Importer(815301076,1909f56bfc062723c751e8b465ee728b)  -> (artifact id: '42b980f234d11258e6fbd140ab67aa8b') in 0.029229 seconds
Number of updated asset objects reloaded before import = 0
Number of asset objects unloaded after import = 11
========================================================================
Received Import Request.
  Time since last request: 0.000024 seconds.
  path: Assets/Graphics/Castle/column_damaged.fbx
  artifactKey: Guid(04e00334f9a72bb43b0db0c65c4debf4) Importer(815301076,1909f56bfc062723c751e8b465ee728b)
Start importing Assets/Graphics/Castle/column_damaged.fbx using Guid(04e00334f9a72bb43b0db0c65c4debf4) Importer(815301076,1909f56bfc062723c751e8b465ee728b)  -> (artifact id: '77f0851dadb4214811c65c59a527cce9') in 0.025721 seconds
Number of updated asset objects reloaded before import = 0
Number of asset objects unloaded after import = 11
========================================================================
Received Prepare
Begin MonoManager ReloadAssembly
- Loaded All Assemblies, in  0.724 seconds
Refreshing native plugins compatible for Editor in 6.09 ms, found 4 plugins.
Native extension for WindowsStandalone target not found
Native extension for Android target not found
Native extension for WebGL target not found
[Package Manager] Server::EnsureServerProcessIsRunning -- launch failed, reason: Unity was launched with the -noUpm command-line argument
[Package Manager] UpmClient::Send -- Unable to send message (not connected to UPM process).
[Package Manager] Cannot connect to Unity Package Manager local server
Mono: successfully reloaded assembly
- Finished resetting the current domain, in  1.591 seconds
Domain Reload Profiling: 2308ms
	BeginReloadAssembly (224ms)
		ExecutionOrderSort (0ms)
		DisableScriptedObjects (13ms)
		BackupInstance (0ms)
		ReleaseScriptingObjects (0ms)
		CreateAndSetChildDomain (50ms)
	RebuildCommonClasses (53ms)
	RebuildNativeTypeToScriptingClass (13ms)
	initialDomainReloadingComplete (44ms)
	LoadAllAssembliesAndSetupDomain (383ms)
		LoadAssemblies (489ms)
		RebuildTransferFunctionScriptingTraits (0ms)
		AnalyzeDomain (17ms)
			TypeCache.Refresh (7ms)
				TypeCache.ScanAssembly (0ms)
			ScanForSourceGeneratedMonoScriptInfo (0ms)
			ResolveRequiredComponents (9ms)
	FinalizeReload (1592ms)
		ReleaseScriptCaches (0ms)
		RebuildScriptCaches (0ms)
		SetupLoadedEditorAssemblies (684ms)
			LogAssemblyErrors (0ms)
			InitializePlatformSupportModulesInManaged (42ms)
			SetLoadedEditorAssemblies (4ms)
			RefreshPlugins (0ms)
			BeforeProcessingInitializeOnLoad (110ms)
			ProcessInitializeOnLoadAttributes (447ms)
			ProcessInitializeOnLoadMethodAttributes (63ms)
			AfterProcessingInitializeOnLoad (18ms)
			EditorAssembliesLoaded (0ms)
		ExecutionOrderSort2 (0ms)
		AwakeInstancesAfterBackupRestoration (17ms)
Refreshing native plugins compatible for Editor in 6.76 ms, found 4 plugins.
Preloading 0 native plugins for Editor in 0.00 ms.
Unloading 4077 Unused Serialized files (Serialized files now loaded: 0)
Unloading 36 unused Assets / (35.3 KB). Loaded Objects now: 4626.
Memory consumption went from 152.6 MB to 152.5 MB.
Total: 3.779900 ms (FindLiveObjects: 0.471000 ms CreateObjectMapping: 0.149000 ms MarkObjects: 3.096400 ms  DeleteObjects: 0.062200 ms)

Prepare: number of updated asset objects reloaded= 0
AssetImportParameters requested are different than current active one (requested -> active):
  custom:container-demuxer-ogg: 62fdf1f143b41e24485cea50d1cbac27 -> 
  custom:video-decoder-ogg-theora: a1e56fd34408186e4bbccfd4996cb3dc -> 
  custom:framework-win-MediaFoundation: 216162199b28c13a410421893ffa2e32 -> 
  custom:CustomObjectIndexerAttribute: 6d391050e5a25f67b0a2c618074f2cd9 -> 
  custom:container-demuxer-webm: 4f35f7cbe854078d1ac9338744f61a02 -> 
  custom:container-muxer-webm: aa71ff27fc2769a1b78a27578f13a17b -> 
  custom:video-decoder-webm-vp8: 9c59270c3fd7afecdb556c50c9e8de78 -> 
  custom:SearchIndexIgnoredProperties: e643bd26f0fe6173181afceb89e7c659 -> 
  custom:AudioImporter_EditorPlatform: d09bf68614088b80899f8185d706f6e7 -> 
  custom:video-encoder-webm-vp8: eb34c28f22e8b96e1ab97ce403110664 -> 
  custom:audio-decoder-ogg-vorbis: bf7c407c2cedff20999df2af8eb42d56 -> 
  custom:audio-encoder-webm-vorbis: bf7c407c2cedff20999df2af8eb42d56 -> 
Editor requested this worker to shutdown with reason: Scaling down because of idle timeout
TcpMessagingSession - receive error: operation aborted. errorcode: 995, details: The I/O operation has been aborted because of either a thread exit or an application request.
AssetImportWorker is now disconnected from the server
Process exiting
Exiting without the bug reporter. Application will terminate with return code 0